   1              		.cpu cortex-m0
   2              		.fpu softvfp
   3              		.eabi_attribute 20, 1
   4              		.eabi_attribute 21, 1
   5              		.eabi_attribute 23, 3
   6              		.eabi_attribute 24, 1
   7              		.eabi_attribute 25, 1
   8              		.eabi_attribute 26, 1
   9              		.eabi_attribute 30, 6
  10              		.eabi_attribute 34, 0
  11              		.eabi_attribute 18, 4
  12              		.code	16
  13              		.file	"DAVE3.c"
  14              		.text
  15              	.Ltext0:
  16              		.cfi_sections	.debug_frame
  17              		.section	.text.DAVE_Init,"ax",%progbits
  18              		.align	2
  19              		.global	DAVE_Init
  20              		.code	16
  21              		.thumb_func
  23              	DAVE_Init:
  24              	.LFB38:
  25              		.file 1 "../Dave/Generated/src/DAVESupport/DAVE3.c"
   1:../Dave/Generated/src/DAVESupport/DAVE3.c **** /*******************************************************************************
   2:../Dave/Generated/src/DAVESupport/DAVE3.c **** **  DAVE App Name : DAVESupport       App Version: 1.0.44               
   3:../Dave/Generated/src/DAVESupport/DAVE3.c **** **  This file is generated by DAVE, User modification to this file will be    **
   4:../Dave/Generated/src/DAVESupport/DAVE3.c **** **  overwritten at the next code generation.                                  **
   5:../Dave/Generated/src/DAVESupport/DAVE3.c **** *******************************************************************************/
   6:../Dave/Generated/src/DAVESupport/DAVE3.c **** 
   7:../Dave/Generated/src/DAVESupport/DAVE3.c **** 
   8:../Dave/Generated/src/DAVESupport/DAVE3.c **** /*******************************************************************************
   9:../Dave/Generated/src/DAVESupport/DAVE3.c ****  Copyright (c) 2011, Infineon Technologies AG                                 **
  10:../Dave/Generated/src/DAVESupport/DAVE3.c ****  All rights reserved.                                                         **
  11:../Dave/Generated/src/DAVESupport/DAVE3.c ****                                                                               **
  12:../Dave/Generated/src/DAVESupport/DAVE3.c ****  Redistribution and use in source and binary forms, with or without           **
  13:../Dave/Generated/src/DAVESupport/DAVE3.c ****  modification,are permitted provided that the following conditions are met:   **
  14:../Dave/Generated/src/DAVESupport/DAVE3.c ****                                                                               **
  15:../Dave/Generated/src/DAVESupport/DAVE3.c ****  *Redistributions of source code must retain the above copyright notice,      **
  16:../Dave/Generated/src/DAVESupport/DAVE3.c ****  this list of conditions and the following disclaimer.                        **
  17:../Dave/Generated/src/DAVESupport/DAVE3.c ****  *Redistributions in binary form must reproduce the above copyright notice,   **
  18:../Dave/Generated/src/DAVESupport/DAVE3.c ****  this list of conditions and the following disclaimer in the documentation    **
  19:../Dave/Generated/src/DAVESupport/DAVE3.c ****  and/or other materials provided with the distribution.                       **
  20:../Dave/Generated/src/DAVESupport/DAVE3.c ****  *Neither the name of the copyright holders nor the names of its contributors **
  21:../Dave/Generated/src/DAVESupport/DAVE3.c ****  may be used to endorse or promote products derived from this software without**
  22:../Dave/Generated/src/DAVESupport/DAVE3.c ****  specific prior written permission.                                           **
  23:../Dave/Generated/src/DAVESupport/DAVE3.c ****                                                                               **
  24:../Dave/Generated/src/DAVESupport/DAVE3.c ****  THIS SOFTWARE IS PROVIDED BY THE COPYRIGHT HOLDERS AND CONTRIBUTORS "AS IS"  **
  25:../Dave/Generated/src/DAVESupport/DAVE3.c ****  AND ANY EXPRESS OR IMPLIED WARRANTIES, INCLUDING, BUT NOT LIMITED TO, THE    **
  26:../Dave/Generated/src/DAVESupport/DAVE3.c ****  IMPLIED WARRANTIES OF MERCHANTABILITY AND FITNESS FOR A PARTICULAR PURPOSE   **
  27:../Dave/Generated/src/DAVESupport/DAVE3.c ****  ARE  DISCLAIMED. IN NO EVENT SHALL THE COPYRIGHT HOLDER OR CONTRIBUTORS BE   **
  28:../Dave/Generated/src/DAVESupport/DAVE3.c ****  LIABLE  FOR ANY DIRECT, INDIRECT, INCIDENTAL, SPECIAL, EXEMPLARY, OR         **
  29:../Dave/Generated/src/DAVESupport/DAVE3.c ****  CONSEQUENTIAL DAMAGES (INCLUDING, BUT NOT LIMITED TO, PROCUREMENT OF         **
  30:../Dave/Generated/src/DAVESupport/DAVE3.c ****  SUBSTITUTE GOODS OR  SERVICES; LOSS OF USE, DATA, OR PROFITS; OR BUSINESS    **
  31:../Dave/Generated/src/DAVESupport/DAVE3.c ****  INTERRUPTION) HOWEVER CAUSED AND ON ANY THEORY OF LIABILITY, WHETHER IN      **
  32:../Dave/Generated/src/DAVESupport/DAVE3.c ****  CONTRACT, STRICT LIABILITY,OR TORT (INCLUDING NEGLIGENCE OR OTHERWISE)       **
  33:../Dave/Generated/src/DAVESupport/DAVE3.c ****  ARISING IN ANY WAY OUT OF THE USE OF THIS SOFTWARE, EVEN IF ADVISED OF THE   **
  34:../Dave/Generated/src/DAVESupport/DAVE3.c ****  POSSIBILITY OF SUCH DAMAGE.                                                  **
  35:../Dave/Generated/src/DAVESupport/DAVE3.c ****                                                                               **
  36:../Dave/Generated/src/DAVESupport/DAVE3.c ****  To improve the quality of the software, users are encouraged to share        **
  37:../Dave/Generated/src/DAVESupport/DAVE3.c ****  modifications, enhancements or bug fixes with Infineon Technologies AG       **
  38:../Dave/Generated/src/DAVESupport/DAVE3.c ****  dave@infineon.com).                                                          **
  39:../Dave/Generated/src/DAVESupport/DAVE3.c ****                                                                               **
  40:../Dave/Generated/src/DAVESupport/DAVE3.c **** ********************************************************************************
  41:../Dave/Generated/src/DAVESupport/DAVE3.c **** **                                                                            **
  42:../Dave/Generated/src/DAVESupport/DAVE3.c **** **                                                                            **
  43:../Dave/Generated/src/DAVESupport/DAVE3.c **** ** PLATFORM : Infineon <Microcontroller name, step>                           **
  44:../Dave/Generated/src/DAVESupport/DAVE3.c **** **                                                                            **
  45:../Dave/Generated/src/DAVESupport/DAVE3.c **** ** COMPILER : Compiler Independent                                            **
  46:../Dave/Generated/src/DAVESupport/DAVE3.c **** **                                                                            **
  47:../Dave/Generated/src/DAVESupport/DAVE3.c **** ** MODIFICATION DATE : June 27, 2013                                       **
  48:../Dave/Generated/src/DAVESupport/DAVE3.c **** **                                                                            **
  49:../Dave/Generated/src/DAVESupport/DAVE3.c **** *******************************************************************************/
  50:../Dave/Generated/src/DAVESupport/DAVE3.c **** /**
  51:../Dave/Generated/src/DAVESupport/DAVE3.c ****  * @file  DAVE3.c
  52:../Dave/Generated/src/DAVESupport/DAVE3.c ****  *
  53:../Dave/Generated/src/DAVESupport/DAVE3.c ****  * @brief This file contains implementation of initialization functions calling sequence. 
  54:../Dave/Generated/src/DAVESupport/DAVE3.c ****  *
  55:../Dave/Generated/src/DAVESupport/DAVE3.c ****  * Revision History
  56:../Dave/Generated/src/DAVESupport/DAVE3.c ****  * 27 June 2013 v1.0.33 Initial Version
  57:../Dave/Generated/src/DAVESupport/DAVE3.c ****  */
  58:../Dave/Generated/src/DAVESupport/DAVE3.c **** 
  59:../Dave/Generated/src/DAVESupport/DAVE3.c **** /*******************************************************************************
  60:../Dave/Generated/src/DAVESupport/DAVE3.c **** **                      Include Files                                         **
  61:../Dave/Generated/src/DAVESupport/DAVE3.c **** *******************************************************************************/
  62:../Dave/Generated/src/DAVESupport/DAVE3.c **** #include "../../inc/DAVESupport/DAVE3.h"
  63:../Dave/Generated/src/DAVESupport/DAVE3.c **** 
  64:../Dave/Generated/src/DAVESupport/DAVE3.c **** /*******************************************************************************
  65:../Dave/Generated/src/DAVESupport/DAVE3.c **** **                 Function declarations                                     **
  66:../Dave/Generated/src/DAVESupport/DAVE3.c **** *******************************************************************************/
  67:../Dave/Generated/src/DAVESupport/DAVE3.c **** 
  68:../Dave/Generated/src/DAVESupport/DAVE3.c **** //****************************************************************************
  69:../Dave/Generated/src/DAVESupport/DAVE3.c **** // @Function      void DAVE_Init(void) 
  70:../Dave/Generated/src/DAVESupport/DAVE3.c **** //
  71:../Dave/Generated/src/DAVESupport/DAVE3.c **** //----------------------------------------------------------------------------
  72:../Dave/Generated/src/DAVESupport/DAVE3.c **** // @Description   This function initializes the Apps Init Functions.
  73:../Dave/Generated/src/DAVESupport/DAVE3.c **** //
  74:../Dave/Generated/src/DAVESupport/DAVE3.c **** //----------------------------------------------------------------------------
  75:../Dave/Generated/src/DAVESupport/DAVE3.c **** // @Returnvalue   None
  76:../Dave/Generated/src/DAVESupport/DAVE3.c **** //
  77:../Dave/Generated/src/DAVESupport/DAVE3.c **** //----------------------------------------------------------------------------
  78:../Dave/Generated/src/DAVESupport/DAVE3.c **** // @Parameters    None
  79:../Dave/Generated/src/DAVESupport/DAVE3.c **** //
  80:../Dave/Generated/src/DAVESupport/DAVE3.c **** //****************************************************************************
  81:../Dave/Generated/src/DAVESupport/DAVE3.c **** 
  82:../Dave/Generated/src/DAVESupport/DAVE3.c **** void DAVE_Init(void)
  83:../Dave/Generated/src/DAVESupport/DAVE3.c **** {
  26              		.loc 1 83 0
  27              		.cfi_startproc
  28 0000 80B5     		push	{r7, lr}
  29              	.LCFI0:
  30              		.cfi_def_cfa_offset 8
  31              		.cfi_offset 7, -8
  32              		.cfi_offset 14, -4
  33 0002 00AF     		add	r7, sp, #0
  34              	.LCFI1:
  35              		.cfi_def_cfa_register 7
  84:../Dave/Generated/src/DAVESupport/DAVE3.c ****      
  85:../Dave/Generated/src/DAVESupport/DAVE3.c **** 
  86:../Dave/Generated/src/DAVESupport/DAVE3.c **** //****************************************************************************
  87:../Dave/Generated/src/DAVESupport/DAVE3.c **** // @Initialization of APPs Init Functions
  88:../Dave/Generated/src/DAVESupport/DAVE3.c **** //****************************************************************************
  89:../Dave/Generated/src/DAVESupport/DAVE3.c **** 	//  MUX configurations
  90:../Dave/Generated/src/DAVESupport/DAVE3.c **** 	DAVE_MUX_PreInit(); 
  36              		.loc 1 90 0
  37 0004 FFF7FEFF 		bl	DAVE_MUX_PreInit
  91:../Dave/Generated/src/DAVESupport/DAVE3.c **** 	//  Initialization of app 'CLK002'		     
  92:../Dave/Generated/src/DAVESupport/DAVE3.c **** 	CLK002_Init();
  38              		.loc 1 92 0
  39 0008 FFF7FEFF 		bl	CLK002_Init
  93:../Dave/Generated/src/DAVESupport/DAVE3.c **** 	 
  94:../Dave/Generated/src/DAVESupport/DAVE3.c **** 	//  Initialization of app 'CCU4GLOBAL'		     
  95:../Dave/Generated/src/DAVESupport/DAVE3.c **** 	CCU4GLOBAL_Init();
  40              		.loc 1 95 0
  41 000c FFF7FEFF 		bl	CCU4GLOBAL_Init
  96:../Dave/Generated/src/DAVESupport/DAVE3.c **** 	 
  97:../Dave/Generated/src/DAVESupport/DAVE3.c **** 	//  Initialization of app 'CCU8GLOBAL'		     
  98:../Dave/Generated/src/DAVESupport/DAVE3.c **** 	CCU8GLOBAL_Init();
  42              		.loc 1 98 0
  43 0010 FFF7FEFF 		bl	CCU8GLOBAL_Init
  99:../Dave/Generated/src/DAVESupport/DAVE3.c **** 	 
 100:../Dave/Generated/src/DAVESupport/DAVE3.c **** 	//  Initialization of app 'IO004'		     
 101:../Dave/Generated/src/DAVESupport/DAVE3.c **** 	IO004_Init();
  44              		.loc 1 101 0
  45 0014 FFF7FEFF 		bl	IO004_Init
 102:../Dave/Generated/src/DAVESupport/DAVE3.c **** 	 
 103:../Dave/Generated/src/DAVESupport/DAVE3.c **** 	//  Initialization of app 'UART001'		     
 104:../Dave/Generated/src/DAVESupport/DAVE3.c **** 	UART001_Init();
  46              		.loc 1 104 0
  47 0018 FFF7FEFF 		bl	UART001_Init
 105:../Dave/Generated/src/DAVESupport/DAVE3.c **** 	 
 106:../Dave/Generated/src/DAVESupport/DAVE3.c **** 	//  Initialization of app 'NVIC002'		     
 107:../Dave/Generated/src/DAVESupport/DAVE3.c **** 	NVIC002_Init();
  48              		.loc 1 107 0
  49 001c FFF7FEFF 		bl	NVIC002_Init
 108:../Dave/Generated/src/DAVESupport/DAVE3.c **** 	 
 109:../Dave/Generated/src/DAVESupport/DAVE3.c **** 	//  Initialization of app 'ADCGLOB001'		     
 110:../Dave/Generated/src/DAVESupport/DAVE3.c **** 	ADCGLOB001_Init();
  50              		.loc 1 110 0
  51 0020 FFF7FEFF 		bl	ADCGLOB001_Init
 111:../Dave/Generated/src/DAVESupport/DAVE3.c **** 	
 112:../Dave/Generated/src/DAVESupport/DAVE3.c ****       
 113:../Dave/Generated/src/DAVESupport/DAVE3.c **** 	//  MUX configurations
 114:../Dave/Generated/src/DAVESupport/DAVE3.c **** 	DAVE_MUX_Init();	
  52              		.loc 1 114 0
  53 0024 FFF7FEFF 		bl	DAVE_MUX_Init
 115:../Dave/Generated/src/DAVESupport/DAVE3.c **** } //  End of function DAVE_Init
  54              		.loc 1 115 0
  55 0028 BD46     		mov	sp, r7
  56              		@ sp needed for prologue
  57 002a 80BD     		pop	{r7, pc}
  58              		.cfi_endproc
  59              	.LFE38:
  61              		.text
  62              	.Letext0:
DEFINED SYMBOLS
                            *ABS*:00000000 DAVE3.c
C:\Users\maan\AppData\Local\Temp\cc8ewJO2.s:18     .text.DAVE_Init:00000000 $t
C:\Users\maan\AppData\Local\Temp\cc8ewJO2.s:23     .text.DAVE_Init:00000000 DAVE_Init
                     .debug_frame:00000010 $d
                           .group:00000000 wm4.1.665d63c3c957c91c5ed795826dcbc088
                           .group:00000000 wm4.XMC1300.h.45.4ee692c6c98aa9fc42e2abbc732052b9
                           .group:00000000 wm4.core_cm0.h.47.022e66414e77714da7c4b30b3ad99fe8
                           .group:00000000 wm4.newlib.h.8.a9901dc52d1357e3e94003403d43f8b5
                           .group:00000000 wm4.features.h.22.b72b3baab2bb2eab3661375590100b6b
                           .group:00000000 wm4.config.h.193.5fb8ef056cdff92dec3dee9552839d8c
                           .group:00000000 wm4._ansi.h.23.7aefdac4826acebbfc9f3822a0aeb14c
                           .group:00000000 wm4.stdint.h.20.54ad762faa59e3c05491630641c8d8bf
                           .group:00000000 wm4.core_cmInstr.h.39.b7b6650bdd2316848d940915272d75b8
                           .group:00000000 wm4.core_cm0.h.135.ca70469f87e143609670bb393bfa6518
                           .group:00000000 wm4.XMC1000_RomFunctionTable.h.31.6d9a94465618f31b040dc9cea9a47ad7
                           .group:00000000 wm4.XMC1300.h.126.871a37eeeb3f6a078f5ddf5efd64103f
                           .group:00000000 wm4.stddef.h.40.50cf36416e06376af8a9dca28536f2e4
                           .group:00000000 wm4.types.h.60.e75c47576398c648cdcf9000ace5e3d8
                           .group:00000000 wm4.MULTIPLEXER.h.46.383e3edbb9cbf6e538f7c1532ef623c1
                           .group:00000000 wm4.CCU8PWMLIB.h.74.725ec81203769525cc7a424597055f47
                           .group:00000000 wm4.MOTORLIB.h.62.1aa717522e337383e1234be386036b7c
                           .group:00000000 wm4.CLK002.h.56.d2936f957892acc36e594c5138aee657
                           .group:00000000 wm4.uc_id.h.35.f852fba3565a132d8ed947977fab9fbc
                           .group:00000000 wm4.CCU4Global_Conf.h.63.a52fac0daa39b5f58343578312b4eb54
                           .group:00000000 wm4.CCU8GLOBAL_Conf.h.82.76c6b1bf357180d1e8ea1f462a66deb8
                           .group:00000000 wm4.IO004.h.53.442ea5eb47ad9eedc675253aa35f3107
                           .group:00000000 wm4.Usic.h.54.8af9f733ba5771eeb374435d205ea54b
                           .group:00000000 wm4.UART001_Conf.h.53.f334402b2e237110b77f625dfc27af0e
                           .group:00000000 wm4.UART001.h.109.3e835815a7a59791d8bd39655f4d4cc9
                           .group:00000000 wm4.NVIC002_Conf.h.63.00b91c10e79f81ab4aec2120d8519584

UNDEFINED SYMBOLS
DAVE_MUX_PreInit
CLK002_Init
CCU4GLOBAL_Init
CCU8GLOBAL_Init
IO004_Init
UART001_Init
NVIC002_Init
ADCGLOB001_Init
DAVE_MUX_Init
