   1              		.cpu cortex-m0
   2              		.fpu softvfp
   3              		.eabi_attribute 20, 1
   4              		.eabi_attribute 21, 1
   5              		.eabi_attribute 23, 3
   6              		.eabi_attribute 24, 1
   7              		.eabi_attribute 25, 1
   8              		.eabi_attribute 26, 1
   9              		.eabi_attribute 30, 6
  10              		.eabi_attribute 34, 0
  11              		.eabi_attribute 18, 4
  12              		.code	16
  13              		.file	"ADCGroup001_Conf.c"
  14              		.text
  15              	.Ltext0:
  16              		.cfi_sections	.debug_frame
  17              		.global	ADCGROUP001_DynamicHandle0
  18              		.bss
  19              		.align	2
  22              	ADCGROUP001_DynamicHandle0:
  23 0000 00       		.space	1
  24              		.global	ADCGROUP001_Handle0
  25 0001 000000   		.section	.rodata
  26              		.align	2
  29              	ADCGROUP001_Handle0:
  30 0000 00       		.byte	0
  31 0001 00       		.byte	0
  32 0002 00       		.byte	0
  33 0003 00       		.space	1
  34 0004 0000     		.short	0
  35 0006 0000     		.short	0
  36 0008 00       		.byte	0
  37 0009 00       		.byte	0
  38 000a 00       		.byte	0
  39 000b 03       		.byte	3
  40 000c 00000000 		.word	ADCGROUP001_DynamicHandle0
  41 0010 00000348 		.word	1208156160
  42 0014 00040348 		.word	1208157184
  43 0018 00       		.byte	0
  44 0019 05       		.byte	5
  45 001a 00       		.byte	0
  46 001b 00       		.byte	0
  47 001c 00       		.byte	0
  48 001d 05       		.byte	5
  49 001e 00       		.byte	0
  50 001f 00       		.byte	0
  51              		.text
  52              	.Letext0:
  53              		.file 1 "c:\\dave-3.1.10\\arm-gcc\\bin\\../lib/gcc/arm-none-eabi/4.7.4/../../../../arm-none-eabi/i
  54              		.file 2 "C:\\DAVE-3.1.10\\eclipse\\/../CMSIS/Infineon/XMC1300_series/Include/XMC1300.h"
  55              		.file 3 "C:\\DAVE3_workspace\\ws3.1.10\\ESC_Pinus_XMC1302_V1.2\\Dave\\Generated\\inc\\DAVESupport/
  56              		.file 4 "../Dave/Generated/src/ADCGROUP001/ADCGroup001_Conf.c"
DEFINED SYMBOLS
                            *ABS*:00000000 ADCGroup001_Conf.c
C:\Users\maan\AppData\Local\Temp\ccoBuc0z.s:22     .bss:00000000 ADCGROUP001_DynamicHandle0
C:\Users\maan\AppData\Local\Temp\ccoBuc0z.s:19     .bss:00000000 $d
C:\Users\maan\AppData\Local\Temp\ccoBuc0z.s:29     .rodata:00000000 ADCGROUP001_Handle0
C:\Users\maan\AppData\Local\Temp\ccoBuc0z.s:26     .rodata:00000000 $d
                           .group:00000000 wm4.1.665d63c3c957c91c5ed795826dcbc088
                           .group:00000000 wm4.XMC1300.h.45.4ee692c6c98aa9fc42e2abbc732052b9
                           .group:00000000 wm4.core_cm0.h.47.022e66414e77714da7c4b30b3ad99fe8
                           .group:00000000 wm4.newlib.h.8.a9901dc52d1357e3e94003403d43f8b5
                           .group:00000000 wm4.features.h.22.b72b3baab2bb2eab3661375590100b6b
                           .group:00000000 wm4.config.h.193.5fb8ef056cdff92dec3dee9552839d8c
                           .group:00000000 wm4._ansi.h.23.7aefdac4826acebbfc9f3822a0aeb14c
                           .group:00000000 wm4.stdint.h.20.54ad762faa59e3c05491630641c8d8bf
                           .group:00000000 wm4.core_cmInstr.h.39.b7b6650bdd2316848d940915272d75b8
                           .group:00000000 wm4.core_cm0.h.135.ca70469f87e143609670bb393bfa6518
                           .group:00000000 wm4.XMC1000_RomFunctionTable.h.31.6d9a94465618f31b040dc9cea9a47ad7
                           .group:00000000 wm4.XMC1300.h.126.871a37eeeb3f6a078f5ddf5efd64103f
                           .group:00000000 wm4.stddef.h.40.50cf36416e06376af8a9dca28536f2e4
                           .group:00000000 wm4.types.h.60.e75c47576398c648cdcf9000ace5e3d8
                           .group:00000000 wm4.MULTIPLEXER.h.46.383e3edbb9cbf6e538f7c1532ef623c1
                           .group:00000000 wm4.CCU8PWMLIB.h.74.725ec81203769525cc7a424597055f47
                           .group:00000000 wm4.MOTORLIB.h.62.1aa717522e337383e1234be386036b7c
                           .group:00000000 wm4.CLK002.h.56.d2936f957892acc36e594c5138aee657
                           .group:00000000 wm4.uc_id.h.35.f852fba3565a132d8ed947977fab9fbc
                           .group:00000000 wm4.CCU4Global_Conf.h.63.a52fac0daa39b5f58343578312b4eb54
                           .group:00000000 wm4.CCU8GLOBAL_Conf.h.82.76c6b1bf357180d1e8ea1f462a66deb8
                           .group:00000000 wm4.IO004.h.53.442ea5eb47ad9eedc675253aa35f3107
                           .group:00000000 wm4.Usic.h.54.8af9f733ba5771eeb374435d205ea54b
                           .group:00000000 wm4.UART001_Conf.h.53.f334402b2e237110b77f625dfc27af0e
                           .group:00000000 wm4.UART001.h.109.3e835815a7a59791d8bd39655f4d4cc9
                           .group:00000000 wm4.NVIC002_Conf.h.63.311363d77acc1b28b7e28dd840e9cd60
                           .group:00000000 wm4.ADCGROUP001.h.66.3ee81aba16709c201614af7d67499bdb
                           .group:00000000 wm4.IO001.h.49.4efcabb368feaef60c65bd7504b48505

NO UNDEFINED SYMBOLS
