   1              		.cpu cortex-m0
   2              		.fpu softvfp
   3              		.eabi_attribute 20, 1
   4              		.eabi_attribute 21, 1
   5              		.eabi_attribute 23, 3
   6              		.eabi_attribute 24, 1
   7              		.eabi_attribute 25, 1
   8              		.eabi_attribute 26, 1
   9              		.eabi_attribute 30, 6
  10              		.eabi_attribute 34, 0
  11              		.eabi_attribute 18, 4
  12              		.code	16
  13              		.file	"NVIC002_Conf.c"
  14              		.text
  15              	.Ltext0:
  16              		.cfi_sections	.debug_frame
  17              		.global	NVIC002_Handle0
  18              		.section	.rodata
  19              		.align	2
  22              	NVIC002_Handle0:
  23 0000 09       		.byte	9
  24 0001 03       		.byte	3
  25 0002 00       		.byte	0
  26 0003 00       		.byte	0
  27              		.global	NVIC002_HandleArray
  28              		.data
  29              		.align	2
  32              	NVIC002_HandleArray:
  33 0000 00000000 		.word	NVIC002_Handle0
  34              		.text
  35              	.Letext0:
  36              		.file 1 "../Dave/Generated/src/NVIC002/../../inc/NVIC002/NVIC002.h"
  37              		.file 2 "c:\\dave-3.1.10\\arm-gcc\\bin\\../lib/gcc/arm-none-eabi/4.7.4/../../../../arm-none-eabi/i
  38              		.file 3 "../Dave/Generated/src/NVIC002/NVIC002_Conf.c"
DEFINED SYMBOLS
                            *ABS*:00000000 NVIC002_Conf.c
C:\Users\maan\AppData\Local\Temp\ccQJ5GYS.s:22     .rodata:00000000 NVIC002_Handle0
C:\Users\maan\AppData\Local\Temp\ccQJ5GYS.s:19     .rodata:00000000 $d
C:\Users\maan\AppData\Local\Temp\ccQJ5GYS.s:32     .data:00000000 NVIC002_HandleArray
C:\Users\maan\AppData\Local\Temp\ccQJ5GYS.s:29     .data:00000000 $d
                           .group:00000000 wm4.1.665d63c3c957c91c5ed795826dcbc088
                           .group:00000000 wm4.uc_id.h.35.f852fba3565a132d8ed947977fab9fbc
                           .group:00000000 wm4.XMC1300.h.45.4ee692c6c98aa9fc42e2abbc732052b9
                           .group:00000000 wm4.core_cm0.h.47.022e66414e77714da7c4b30b3ad99fe8
                           .group:00000000 wm4.newlib.h.8.a9901dc52d1357e3e94003403d43f8b5
                           .group:00000000 wm4.features.h.22.b72b3baab2bb2eab3661375590100b6b
                           .group:00000000 wm4.config.h.193.5fb8ef056cdff92dec3dee9552839d8c
                           .group:00000000 wm4._ansi.h.23.7aefdac4826acebbfc9f3822a0aeb14c
                           .group:00000000 wm4.stdint.h.20.54ad762faa59e3c05491630641c8d8bf
                           .group:00000000 wm4.core_cmInstr.h.39.b7b6650bdd2316848d940915272d75b8
                           .group:00000000 wm4.core_cm0.h.135.ca70469f87e143609670bb393bfa6518
                           .group:00000000 wm4.XMC1000_RomFunctionTable.h.31.6d9a94465618f31b040dc9cea9a47ad7
                           .group:00000000 wm4.XMC1300.h.126.871a37eeeb3f6a078f5ddf5efd64103f
                           .group:00000000 wm4.NVIC002_Conf.h.63.00b91c10e79f81ab4aec2120d8519584

NO UNDEFINED SYMBOLS
