   1              		.syntax unified
   2              		.cpu cortex-m4
   3              		.eabi_attribute 27, 3
   4              		.fpu fpv4-sp-d16
   5              		.eabi_attribute 20, 1
   6              		.eabi_attribute 21, 1
   7              		.eabi_attribute 23, 3
   8              		.eabi_attribute 24, 1
   9              		.eabi_attribute 25, 1
  10              		.eabi_attribute 26, 1
  11              		.eabi_attribute 30, 4
  12              		.eabi_attribute 34, 1
  13              		.eabi_attribute 18, 4
  14              		.thumb
  15              		.file	"usbld001_delay.c"
  16              		.section	.text.USBLD001_Timer_CallBack,"ax",%progbits
  17              		.align	1
  18              		.global	USBLD001_Timer_CallBack
  19              		.thumb
  20              		.thumb_func
  22              	USBLD001_Timer_CallBack:
  23              		@ args = 0, pretend = 0, frame = 0
  24              		@ frame_needed = 0, uses_anonymous_args = 0
  25              		@ link register save eliminated.
  26 0000 014B     		ldr	r3, .L2
  27 0002 0022     		movs	r2, #0
  28 0004 1A70     		strb	r2, [r3, #0]
  29 0006 7047     		bx	lr
  30              	.L3:
  31              		.align	2
  32              	.L2:
  33 0008 00000000 		.word	.LANCHOR0
  35              		.section	.text.USBLD001_lDelay,"ax",%progbits
  36              		.align	1
  37              		.global	USBLD001_lDelay
  38              		.thumb
  39              		.thumb_func
  41              	USBLD001_lDelay:
  42              		@ args = 0, pretend = 0, frame = 0
  43              		@ frame_needed = 0, uses_anonymous_args = 0
  44 0000 38B5     		push	{r3, r4, r5, lr}
  45 0002 0D4D     		ldr	r5, .L12
  46 0004 0D4A     		ldr	r2, .L12+4
  47 0006 0123     		movs	r3, #1
  48 0008 0021     		movs	r1, #0
  49 000a 2B70     		strb	r3, [r5, #0]
  50 000c 0B46     		mov	r3, r1
  51 000e FFF7FEFF 		bl	SYSTM001_CreateTimer
  52 0012 0446     		mov	r4, r0
  53 0014 70B1     		cbz	r0, .L4
  54 0016 FFF7FEFF 		bl	SYSTM001_StartTimer
  55 001a 58B9     		cbnz	r0, .L4
  56              	.L9:
  57 001c 2878     		ldrb	r0, [r5, #0]	@ zero_extendqisi2
  58 001e 0028     		cmp	r0, #0
  59 0020 FCD1     		bne	.L9
  60 0022 2046     		mov	r0, r4
  61 0024 FFF7FEFF 		bl	SYSTM001_StopTimer
  62 0028 20B9     		cbnz	r0, .L4
  63 002a 2046     		mov	r0, r4
  64 002c BDE83840 		pop	{r3, r4, r5, lr}
  65 0030 FFF7FEBF 		b	SYSTM001_DeleteTimer
  66              	.L4:
  67 0034 38BD     		pop	{r3, r4, r5, pc}
  68              	.L13:
  69 0036 00BF     		.align	2
  70              	.L12:
  71 0038 00000000 		.word	.LANCHOR0
  72 003c 00000000 		.word	USBLD001_Timer_CallBack
  74              		.bss
  75              		.set	.LANCHOR0,. + 0
  78              	TimerExpire:
  79 0000 00       		.space	1
  80              		.ident	"GCC: (GNU Tools for ARM Embedded Processors) 4.7.4 20130913 (release) [ARM/embedded-4_7-br
DEFINED SYMBOLS
                            *ABS*:00000000 usbld001_delay.c
C:\Users\TOGABL~1\AppData\Local\Temp\ccJENk8U.s:17     .text.USBLD001_Timer_CallBack:00000000 $t
C:\Users\TOGABL~1\AppData\Local\Temp\ccJENk8U.s:22     .text.USBLD001_Timer_CallBack:00000000 USBLD001_Timer_CallBack
C:\Users\TOGABL~1\AppData\Local\Temp\ccJENk8U.s:33     .text.USBLD001_Timer_CallBack:00000008 $d
C:\Users\TOGABL~1\AppData\Local\Temp\ccJENk8U.s:36     .text.USBLD001_lDelay:00000000 $t
C:\Users\TOGABL~1\AppData\Local\Temp\ccJENk8U.s:41     .text.USBLD001_lDelay:00000000 USBLD001_lDelay
C:\Users\TOGABL~1\AppData\Local\Temp\ccJENk8U.s:71     .text.USBLD001_lDelay:00000038 $d
C:\Users\TOGABL~1\AppData\Local\Temp\ccJENk8U.s:78     .bss:00000000 TimerExpire
C:\Users\TOGABL~1\AppData\Local\Temp\ccJENk8U.s:79     .bss:00000000 $d

UNDEFINED SYMBOLS
SYSTM001_CreateTimer
SYSTM001_StartTimer
SYSTM001_StopTimer
SYSTM001_DeleteTimer
