   1              		.syntax unified
   2              		.cpu cortex-m4
   3              		.eabi_attribute 27, 3
   4              		.fpu fpv4-sp-d16
   5              		.eabi_attribute 20, 1
   6              		.eabi_attribute 21, 1
   7              		.eabi_attribute 23, 3
   8              		.eabi_attribute 24, 1
   9              		.eabi_attribute 25, 1
  10              		.eabi_attribute 26, 1
  11              		.eabi_attribute 30, 6
  12              		.eabi_attribute 34, 1
  13              		.eabi_attribute 18, 4
  14              		.thumb
  15              		.file	"USBTask.c"
  16              		.text
  17              	.Ltext0:
  18              		.cfi_sections	.debug_frame
  19              		.comm	USB_IsInitialized,1,1
  20              		.comm	USB_ControlRequest,8,4
  21              		.comm	USB_DeviceState,1,1
  22              	.Letext0:
  23              		.file 1 "c:\\dave-3.1.10\\arm-gcc\\bin\\../lib/gcc/arm-none-eabi/4.7.4/../../../../arm-none-eabi/i
  24              		.file 2 "../Dave/Generated/src/USBD/usb/Core/StdRequestType.h"
  25              		.file 3 "C:\\DAVE3_workspace\\wsHERBY\\LARIX_Software_150907\\Dave\\Generated\\inc\\MOTORLIBS/../.
  26              		.file 4 "C:\\DAVE3_workspace\\wsHERBY\\LARIX_Software_150907\\Dave\\Generated\\inc\\MOTORLIBS/../.
  27              		.file 5 "../Dave/Generated/src/USBD/usb/Core/../../usbd/usbd.h"
  28              		.file 6 "C:\\DAVE-3.1.10\\eclipse\\/../CMSIS/Include/core_cm4.h"
  29              		.file 7 "../Dave/Generated/src/USBD/usb/Core/USBTask.c"
DEFINED SYMBOLS
                            *ABS*:00000000 USBTask.c
                            *COM*:00000001 USB_IsInitialized
                            *COM*:00000008 USB_ControlRequest
                            *COM*:00000001 USB_DeviceState
                           .group:00000000 wm4.Common.h.87.ed9fec00c6f9ec3cf5c2ac4c6cfcb530
                           .group:00000000 wm4.newlib.h.8.a9901dc52d1357e3e94003403d43f8b5
                           .group:00000000 wm4.features.h.22.b72b3baab2bb2eab3661375590100b6b
                           .group:00000000 wm4.config.h.193.5fb8ef056cdff92dec3dee9552839d8c
                           .group:00000000 wm4._ansi.h.23.7aefdac4826acebbfc9f3822a0aeb14c
                           .group:00000000 wm4.stdint.h.20.54ad762faa59e3c05491630641c8d8bf
                           .group:00000000 wm4.stddef.h.40.50cf36416e06376af8a9dca28536f2e4
                           .group:00000000 wm4.types.h.60.e75c47576398c648cdcf9000ace5e3d8
                           .group:00000000 wm4._default_types.h.6.5e12cd604db8ce00b62bb2f02708eaf3
                           .group:00000000 wm4.lock.h.2.9bc98482741e5e2a9450b12934a684ea
                           .group:00000000 wm4.stddef.h.161.c6104a0666cf681b6269ddc9b4f516d4
                           .group:00000000 wm4.reent.h.16.9e42f0e588b85e70b2bf6572af57ce64
                           .group:00000000 wm4.stddef.h.161.e50ff8a9d5d1abbc15641da28ac571bf
                           .group:00000000 wm4.string.h.86.d5c872ff52e2712c985b588a0ef39f3c
                           .group:00000000 wm4.Attributes.h.96.1b4ef8adf80de3cb4f8c62843bfaf7bf
                           .group:00000000 wm4.USBMode.h.77.4e4e8a02b05a3ac3cc68fd5ff175067b
                           .group:00000000 wm4.USBController.h.86.f72895e5eac4294c0bf6a3fd6a9cf96d
                           .group:00000000 wm4.StdRequestType.h.87.0e2654a6e33ff7aef3db3461e4efa272
                           .group:00000000 wm4.StdDescriptors.h.87.6540a3103989657a1b3a4dd6f8d55529
                           .group:00000000 wm4.Endpoint.h.111.e7536b4385918c15b4c37aa69fbe94e3
                           .group:00000000 wm4.uc_id.h.35.91819d6149ee56f9404d69053d48d018
                           .group:00000000 wm4.XMC4500.h.45.215f4b8c79f46c7645c15373868d08c0
                           .group:00000000 wm4.core_cm4.h.47.41af406cb4cda82c972f112a9cd0a024
                           .group:00000000 wm4.core_cmInstr.h.39.3d3d1b4a79aef37532666dc6ee87c6ac
                           .group:00000000 wm4.core_cm4_simd.h.43.b5d1d38735af6366227b4256d330cf13
                           .group:00000000 wm4.core_cm4.h.178.e5ef5ce66d198d7f00f9d0076e267c41
                           .group:00000000 wm4.system_XMC4500.h.29.827f68baa362c84f2abae4ab67dde7c9
                           .group:00000000 wm4.XMC4500.h.198.8e022f279ff353ed081df898dc7b9cf3
                           .group:00000000 wm4.usbd_config.h.64.bd01b2d6be88400f5b6095cc78dd2cee
                           .group:00000000 wm4.stdlib.h.13.603ed7eb09a1561ab06840b7c0fcff58
                           .group:00000000 wm4.alloca.h.8.dfc0c703c47ec3e69746825b17d9e66d
                           .group:00000000 wm4.stdlib.h.53.c69c7609933ff56d59c757cec2d13230
                           .group:00000000 wm4.stdbool.h.29.1c9ee6859ce8145f7838a4f2549ccec2
                           .group:00000000 wm4.xmc4_usb.h.86.0df8e4bc81775a7befde6c395bcdee4c
                           .group:00000000 wm4.dwc_otg_regs.h.96.602358b1a0ef2f2c6d02620a154f0cfc
                           .group:00000000 wm4.xmc4_usb.h.97.59ae14584bb42292696e2197b500e282

NO UNDEFINED SYMBOLS
