   1              		.cpu cortex-m0
   2              		.fpu softvfp
   3              		.eabi_attribute 20, 1
   4              		.eabi_attribute 21, 1
   5              		.eabi_attribute 23, 3
   6              		.eabi_attribute 24, 1
   7              		.eabi_attribute 25, 1
   8              		.eabi_attribute 26, 1
   9              		.eabi_attribute 30, 4
  10              		.eabi_attribute 34, 0
  11              		.eabi_attribute 18, 4
  12              		.code	16
  13              		.file	"CCU8GLOBAL_Conf.c"
  14              		.global	CCU8GLOBAL_HandleArray
  15              		.global	CCU8GLOBAL_Handle0
  16              		.section	.rodata
  17              		.align	2
  20              	CCU8GLOBAL_Handle0:
  21 0000 00000050 		.word	1342177280
  22 0004 01000000 		.word	1
  23              		.data
  24              		.align	2
  27              	CCU8GLOBAL_HandleArray:
  28 0000 00000000 		.word	CCU8GLOBAL_Handle0
  29              		.ident	"GCC: (GNU Tools for ARM Embedded Processors) 4.7.4 20130913 (release) [ARM/embedded-4_7-br
DEFINED SYMBOLS
                            *ABS*:00000000 CCU8GLOBAL_Conf.c
C:\Users\maan\AppData\Local\Temp\ccjoU4E1.s:27     .data:00000000 CCU8GLOBAL_HandleArray
C:\Users\maan\AppData\Local\Temp\ccjoU4E1.s:20     .rodata:00000000 CCU8GLOBAL_Handle0
C:\Users\maan\AppData\Local\Temp\ccjoU4E1.s:17     .rodata:00000000 $d
C:\Users\maan\AppData\Local\Temp\ccjoU4E1.s:24     .data:00000000 $d

NO UNDEFINED SYMBOLS
