   1              		.cpu cortex-m0
   2              		.fpu softvfp
   3              		.eabi_attribute 20, 1
   4              		.eabi_attribute 21, 1
   5              		.eabi_attribute 23, 3
   6              		.eabi_attribute 24, 1
   7              		.eabi_attribute 25, 1
   8              		.eabi_attribute 26, 1
   9              		.eabi_attribute 30, 6
  10              		.eabi_attribute 34, 0
  11              		.eabi_attribute 18, 4
  12              		.code	16
  13              		.file	"Main.c"
  14              		.text
  15              	.Ltext0:
  16              		.cfi_sections	.debug_frame
  17              		.section	.text.main,"ax",%progbits
  18              		.align	2
  19              		.global	main
  20              		.code	16
  21              		.thumb_func
  23              	main:
  24              	.LFB38:
  25              		.file 1 "../Main.c"
   1:../Main.c     **** /*
   2:../Main.c     ****  * Main.c
   3:../Main.c     ****  *
   4:../Main.c     ****  *  Created on: 05.10.2015
   5:../Main.c     ****  *      Author: maan
   6:../Main.c     ****  */
   7:../Main.c     **** 
   8:../Main.c     **** 
   9:../Main.c     **** #include <DAVE3.h>			//Declarations from DAVE3 Code Generation (includes SFR declaration)
  10:../Main.c     **** #include "BlockCommutation.h"
  11:../Main.c     **** #include "ADC.h"
  12:../Main.c     **** #include "DaisyChain.h"
  13:../Main.c     **** 
  14:../Main.c     **** int main(void)
  15:../Main.c     **** {
  26              		.loc 1 15 0
  27              		.cfi_startproc
  28 0000 80B5     		push	{r7, lr}
  29              	.LCFI0:
  30              		.cfi_def_cfa_offset 8
  31              		.cfi_offset 7, -8
  32              		.cfi_offset 14, -4
  33 0002 00AF     		add	r7, sp, #0
  34              	.LCFI1:
  35              		.cfi_def_cfa_register 7
  16:../Main.c     **** //	status_t status;		// Declaration of return variable for DAVE3 APIs (toggle comment if required)
  17:../Main.c     **** 
  18:../Main.c     **** 
  19:../Main.c     **** 	DAVE_Init();			// Initialization of DAVE Apps
  36              		.loc 1 19 0
  37 0004 FFF7FEFF 		bl	DAVE_Init
  20:../Main.c     **** 
  21:../Main.c     **** 	InitBlockCommutation();
  38              		.loc 1 21 0
  39 0008 FFF7FEFF 		bl	InitBlockCommutation
  22:../Main.c     **** 	InitADC();
  40              		.loc 1 22 0
  41 000c FFF7FEFF 		bl	InitADC
  23:../Main.c     **** 	InitDaisyWatchDog();
  42              		.loc 1 23 0
  43 0010 FFF7FEFF 		bl	InitDaisyWatchDog
  44              	.L2:
  24:../Main.c     **** 	//StartMotor();
  25:../Main.c     **** 
  26:../Main.c     **** 	while(1)
  27:../Main.c     **** 	{
  28:../Main.c     **** 		DaisyChain();
  45              		.loc 1 28 0 discriminator 1
  46 0014 FFF7FEFF 		bl	DaisyChain
  29:../Main.c     **** 	}
  47              		.loc 1 29 0 discriminator 1
  48 0018 FCE7     		b	.L2
  49              		.cfi_endproc
  50              	.LFE38:
  52 001a C046     		.text
  53              	.Letext0:
DEFINED SYMBOLS
                            *ABS*:00000000 Main.c
C:\Users\maan\AppData\Local\Temp\ccDoJ6qA.s:18     .text.main:00000000 $t
C:\Users\maan\AppData\Local\Temp\ccDoJ6qA.s:23     .text.main:00000000 main
                     .debug_frame:00000010 $d
                           .group:00000000 wm4.1.665d63c3c957c91c5ed795826dcbc088
                           .group:00000000 wm4.XMC1300.h.45.4ee692c6c98aa9fc42e2abbc732052b9
                           .group:00000000 wm4.core_cm0.h.47.022e66414e77714da7c4b30b3ad99fe8
                           .group:00000000 wm4.newlib.h.8.a9901dc52d1357e3e94003403d43f8b5
                           .group:00000000 wm4.features.h.22.b72b3baab2bb2eab3661375590100b6b
                           .group:00000000 wm4.config.h.193.5fb8ef056cdff92dec3dee9552839d8c
                           .group:00000000 wm4._ansi.h.23.7aefdac4826acebbfc9f3822a0aeb14c
                           .group:00000000 wm4.stdint.h.20.54ad762faa59e3c05491630641c8d8bf
                           .group:00000000 wm4.core_cmInstr.h.39.b7b6650bdd2316848d940915272d75b8
                           .group:00000000 wm4.core_cm0.h.135.ca70469f87e143609670bb393bfa6518
                           .group:00000000 wm4.XMC1000_RomFunctionTable.h.31.6d9a94465618f31b040dc9cea9a47ad7
                           .group:00000000 wm4.XMC1300.h.126.871a37eeeb3f6a078f5ddf5efd64103f
                           .group:00000000 wm4.stddef.h.40.50cf36416e06376af8a9dca28536f2e4
                           .group:00000000 wm4.types.h.60.e75c47576398c648cdcf9000ace5e3d8
                           .group:00000000 wm4.MULTIPLEXER.h.46.383e3edbb9cbf6e538f7c1532ef623c1
                           .group:00000000 wm4.CCU8PWMLIB.h.74.725ec81203769525cc7a424597055f47
                           .group:00000000 wm4.MOTORLIB.h.62.1aa717522e337383e1234be386036b7c
                           .group:00000000 wm4.CLK002.h.56.d2936f957892acc36e594c5138aee657
                           .group:00000000 wm4.uc_id.h.35.f852fba3565a132d8ed947977fab9fbc
                           .group:00000000 wm4.CCU4Global_Conf.h.63.a52fac0daa39b5f58343578312b4eb54
                           .group:00000000 wm4.CCU8GLOBAL_Conf.h.82.76c6b1bf357180d1e8ea1f462a66deb8
                           .group:00000000 wm4.IO004.h.53.442ea5eb47ad9eedc675253aa35f3107
                           .group:00000000 wm4.Usic.h.54.8af9f733ba5771eeb374435d205ea54b
                           .group:00000000 wm4.UART001_Conf.h.53.f334402b2e237110b77f625dfc27af0e
                           .group:00000000 wm4.UART001.h.109.3e835815a7a59791d8bd39655f4d4cc9
                           .group:00000000 wm4.NVIC002_Conf.h.63.00b91c10e79f81ab4aec2120d8519584
                           .group:00000000 wm4.BlockCommutation.h.9.09df5d1c29ae6c6e4e741202c42fad1e
                           .group:00000000 wm4.ADC.h.9.1e77c4995f11b8eb0f45ea9f0abaeda1
                           .group:00000000 wm4.DaisyCodes.h.9.f6bc76db8d572a87ace112152fb173e2

UNDEFINED SYMBOLS
DAVE_Init
InitBlockCommutation
InitADC
InitDaisyWatchDog
DaisyChain
