   1              		.syntax unified
   2              		.cpu cortex-m4
   3              		.eabi_attribute 27, 3
   4              		.fpu fpv4-sp-d16
   5              		.eabi_attribute 20, 1
   6              		.eabi_attribute 21, 1
   7              		.eabi_attribute 23, 3
   8              		.eabi_attribute 24, 1
   9              		.eabi_attribute 25, 1
  10              		.eabi_attribute 26, 1
  11              		.eabi_attribute 30, 6
  12              		.eabi_attribute 34, 1
  13              		.eabi_attribute 18, 4
  14              		.thumb
  15              		.file	"MULTIPLEXER.c"
  16              		.text
  17              	.Ltext0:
  18              		.cfi_sections	.debug_frame
  19              		.section	.text.DAVE_MUX_Init,"ax",%progbits
  20              		.align	2
  21              		.global	DAVE_MUX_Init
  22              		.thumb
  23              		.thumb_func
  25              	DAVE_MUX_Init:
  26              	.LFB120:
  27              		.file 1 "../Dave/Generated/src/DAVESupport/MULTIPLEXER.c"
   1:../Dave/Generated/src/DAVESupport/MULTIPLEXER.c **** /*******************************************************************************
   2:../Dave/Generated/src/DAVESupport/MULTIPLEXER.c **** **  DAVE App Name : DAVESupport       App Version: 1.0.44               
   3:../Dave/Generated/src/DAVESupport/MULTIPLEXER.c **** **  This file is generated by DAVE, User modification to this file will be    **
   4:../Dave/Generated/src/DAVESupport/MULTIPLEXER.c **** **  overwritten at the next code generation.                                  **
   5:../Dave/Generated/src/DAVESupport/MULTIPLEXER.c **** *******************************************************************************/
   6:../Dave/Generated/src/DAVESupport/MULTIPLEXER.c **** 
   7:../Dave/Generated/src/DAVESupport/MULTIPLEXER.c **** 
   8:../Dave/Generated/src/DAVESupport/MULTIPLEXER.c **** /*******************************************************************************
   9:../Dave/Generated/src/DAVESupport/MULTIPLEXER.c ****  Copyright (c) 2014, Infineon Technologies AG                                 **
  10:../Dave/Generated/src/DAVESupport/MULTIPLEXER.c ****  All rights reserved.                                                         **
  11:../Dave/Generated/src/DAVESupport/MULTIPLEXER.c ****                                                                               **
  12:../Dave/Generated/src/DAVESupport/MULTIPLEXER.c ****  Redistribution and use in source and binary forms, with or without           **
  13:../Dave/Generated/src/DAVESupport/MULTIPLEXER.c ****  modification,are permitted provided that the following conditions are met:   **
  14:../Dave/Generated/src/DAVESupport/MULTIPLEXER.c ****                                                                               **
  15:../Dave/Generated/src/DAVESupport/MULTIPLEXER.c ****  *Redistributions of source code must retain the above copyright notice,      **
  16:../Dave/Generated/src/DAVESupport/MULTIPLEXER.c ****  this list of conditions and the following disclaimer.                        **
  17:../Dave/Generated/src/DAVESupport/MULTIPLEXER.c ****  *Redistributions in binary form must reproduce the above copyright notice,   **
  18:../Dave/Generated/src/DAVESupport/MULTIPLEXER.c ****  this list of conditions and the following disclaimer in the documentation    **
  19:../Dave/Generated/src/DAVESupport/MULTIPLEXER.c ****  and/or other materials provided with the distribution.                       **
  20:../Dave/Generated/src/DAVESupport/MULTIPLEXER.c ****  *Neither the name of the copyright holders nor the names of its contributors **
  21:../Dave/Generated/src/DAVESupport/MULTIPLEXER.c ****  may be used to endorse or promote products derived from this software without**
  22:../Dave/Generated/src/DAVESupport/MULTIPLEXER.c ****  specific prior written permission.                                           **
  23:../Dave/Generated/src/DAVESupport/MULTIPLEXER.c ****                                                                               **
  24:../Dave/Generated/src/DAVESupport/MULTIPLEXER.c ****  THIS SOFTWARE IS PROVIDED BY THE COPYRIGHT HOLDERS AND CONTRIBUTORS "AS IS"  **
  25:../Dave/Generated/src/DAVESupport/MULTIPLEXER.c ****  AND ANY EXPRESS OR IMPLIED WARRANTIES, INCLUDING, BUT NOT LIMITED TO, THE    **
  26:../Dave/Generated/src/DAVESupport/MULTIPLEXER.c ****  IMPLIED WARRANTIES OF MERCHANTABILITY AND FITNESS FOR A PARTICULAR PURPOSE   **
  27:../Dave/Generated/src/DAVESupport/MULTIPLEXER.c ****  ARE  DISCLAIMED. IN NO EVENT SHALL THE COPYRIGHT HOLDER OR CONTRIBUTORS BE   **
  28:../Dave/Generated/src/DAVESupport/MULTIPLEXER.c ****  LIABLE  FOR ANY DIRECT, INDIRECT, INCIDENTAL, SPECIAL, EXEMPLARY, OR         **
  29:../Dave/Generated/src/DAVESupport/MULTIPLEXER.c ****  CONSEQUENTIAL DAMAGES (INCLUDING, BUT NOT LIMITED TO, PROCUREMENT OF         **
  30:../Dave/Generated/src/DAVESupport/MULTIPLEXER.c ****  SUBSTITUTE GOODS OR  SERVICES; LOSS OF USE, DATA, OR PROFITS; OR BUSINESS    **
  31:../Dave/Generated/src/DAVESupport/MULTIPLEXER.c ****  INTERRUPTION) HOWEVER CAUSED AND ON ANY THEORY OF LIABILITY, WHETHER IN      **
  32:../Dave/Generated/src/DAVESupport/MULTIPLEXER.c ****  CONTRACT, STRICT LIABILITY,OR TORT (INCLUDING NEGLIGENCE OR OTHERWISE)       **
  33:../Dave/Generated/src/DAVESupport/MULTIPLEXER.c ****  ARISING IN ANY WAY OUT OF THE USE OF THIS SOFTWARE, EVEN IF ADVISED OF THE   **
  34:../Dave/Generated/src/DAVESupport/MULTIPLEXER.c ****  POSSIBILITY OF SUCH DAMAGE.                                                  **
  35:../Dave/Generated/src/DAVESupport/MULTIPLEXER.c ****                                                                               **
  36:../Dave/Generated/src/DAVESupport/MULTIPLEXER.c ****  To improve the quality of the software, users are encouraged to share        **
  37:../Dave/Generated/src/DAVESupport/MULTIPLEXER.c ****  modifications, enhancements or bug fixes with Infineon Technologies AG       **
  38:../Dave/Generated/src/DAVESupport/MULTIPLEXER.c ****  dave@infineon.com).                                                          **
  39:../Dave/Generated/src/DAVESupport/MULTIPLEXER.c ****                                                                               **
  40:../Dave/Generated/src/DAVESupport/MULTIPLEXER.c **** ********************************************************************************
  41:../Dave/Generated/src/DAVESupport/MULTIPLEXER.c **** **                                                                            **
  42:../Dave/Generated/src/DAVESupport/MULTIPLEXER.c **** **                                                                            **
  43:../Dave/Generated/src/DAVESupport/MULTIPLEXER.c **** ** PLATFORM : Infineon <Microcontroller name, step>                           **
  44:../Dave/Generated/src/DAVESupport/MULTIPLEXER.c **** **                                                                            **
  45:../Dave/Generated/src/DAVESupport/MULTIPLEXER.c **** ** COMPILER : Compiler Independent                                            **
  46:../Dave/Generated/src/DAVESupport/MULTIPLEXER.c **** **                                                                            **
  47:../Dave/Generated/src/DAVESupport/MULTIPLEXER.c **** ** MODIFICATION DATE : April 23, 2014                                     **
  48:../Dave/Generated/src/DAVESupport/MULTIPLEXER.c **** **                                                                            **
  49:../Dave/Generated/src/DAVESupport/MULTIPLEXER.c **** *******************************************************************************/
  50:../Dave/Generated/src/DAVESupport/MULTIPLEXER.c **** /**
  51:../Dave/Generated/src/DAVESupport/MULTIPLEXER.c ****  * @file  MULTIPLEXER.c
  52:../Dave/Generated/src/DAVESupport/MULTIPLEXER.c ****  *
  53:../Dave/Generated/src/DAVESupport/MULTIPLEXER.c ****  * @brief This file contains implementation of DAVE Support function which 
  54:../Dave/Generated/src/DAVESupport/MULTIPLEXER.c ****  * uses to configure multiplexer register values.
  55:../Dave/Generated/src/DAVESupport/MULTIPLEXER.c ****  * 24 July 2013 v1.0.34 Initial Version
  56:../Dave/Generated/src/DAVESupport/MULTIPLEXER.c ****  * 06 sep 2013 v1.0.36  UART001 : Mux : One instruction for output pins 
  57:../Dave/Generated/src/DAVESupport/MULTIPLEXER.c ****  *                      initialisation.
  58:../Dave/Generated/src/DAVESupport/MULTIPLEXER.c ****  *                      CAN001 & CAN002 : Avoid twice reset of the INIT bit in 
  59:../Dave/Generated/src/DAVESupport/MULTIPLEXER.c ****  *                      Can001_lNodeInit & DAVE_MUX_Init.
  60:../Dave/Generated/src/DAVESupport/MULTIPLEXER.c ****  *                      WR_REGHIB Macro definition has been changed.
  61:../Dave/Generated/src/DAVESupport/MULTIPLEXER.c ****  * 23 April 2014 v1.0.44 HRPWM MUX configuration supported.                      
  62:../Dave/Generated/src/DAVESupport/MULTIPLEXER.c ****  *                      
  63:../Dave/Generated/src/DAVESupport/MULTIPLEXER.c ****  */
  64:../Dave/Generated/src/DAVESupport/MULTIPLEXER.c **** 
  65:../Dave/Generated/src/DAVESupport/MULTIPLEXER.c **** /*******************************************************************************
  66:../Dave/Generated/src/DAVESupport/MULTIPLEXER.c **** **                      Include Files                                         **
  67:../Dave/Generated/src/DAVESupport/MULTIPLEXER.c **** *******************************************************************************/
  68:../Dave/Generated/src/DAVESupport/MULTIPLEXER.c **** #include "../../inc/DAVESupport/DAVE3.h"
  69:../Dave/Generated/src/DAVESupport/MULTIPLEXER.c **** 
  70:../Dave/Generated/src/DAVESupport/MULTIPLEXER.c **** /*******************************************************************************
  71:../Dave/Generated/src/DAVESupport/MULTIPLEXER.c **** **                 Function declarations                                     **
  72:../Dave/Generated/src/DAVESupport/MULTIPLEXER.c **** *******************************************************************************/
  73:../Dave/Generated/src/DAVESupport/MULTIPLEXER.c **** /*******************************************************************************
  74:../Dave/Generated/src/DAVESupport/MULTIPLEXER.c **** ** Syntax           : void DAVE_MUX_Init(void)                                **
  75:../Dave/Generated/src/DAVESupport/MULTIPLEXER.c **** **                                                                            **
  76:../Dave/Generated/src/DAVESupport/MULTIPLEXER.c **** ** Reentrancy       : None                                                    **
  77:../Dave/Generated/src/DAVESupport/MULTIPLEXER.c **** **                                                                            **
  78:../Dave/Generated/src/DAVESupport/MULTIPLEXER.c **** ** Parameters (in)  : void                                                    **
  79:../Dave/Generated/src/DAVESupport/MULTIPLEXER.c **** **                                                                            **
  80:../Dave/Generated/src/DAVESupport/MULTIPLEXER.c **** ** Parameters (out) : none                                                    **
  81:../Dave/Generated/src/DAVESupport/MULTIPLEXER.c **** **                                                                            **
  82:../Dave/Generated/src/DAVESupport/MULTIPLEXER.c **** ** Return value     : none                                                    **
  83:../Dave/Generated/src/DAVESupport/MULTIPLEXER.c **** **                                                                            **
  84:../Dave/Generated/src/DAVESupport/MULTIPLEXER.c **** ** Description      : This is the Mux configuration                           **
  85:../Dave/Generated/src/DAVESupport/MULTIPLEXER.c **** **                                                                            **
  86:../Dave/Generated/src/DAVESupport/MULTIPLEXER.c **** *******************************************************************************/
  87:../Dave/Generated/src/DAVESupport/MULTIPLEXER.c ****            
  88:../Dave/Generated/src/DAVESupport/MULTIPLEXER.c **** void DAVE_MUX_Init(void)
  89:../Dave/Generated/src/DAVESupport/MULTIPLEXER.c **** {  
  28              		.loc 1 89 0
  29              		.cfi_startproc
  30              		@ args = 0, pretend = 0, frame = 24
  31              		@ frame_needed = 1, uses_anonymous_args = 0
  32              		@ link register save eliminated.
  33 0000 80B4     		push	{r7}
  34              	.LCFI0:
  35              		.cfi_def_cfa_offset 4
  36              		.cfi_offset 7, -4
  37 0002 87B0     		sub	sp, sp, #28
  38              	.LCFI1:
  39              		.cfi_def_cfa_offset 32
  40 0004 00AF     		add	r7, sp, #0
  41              	.LCFI2:
  42              		.cfi_def_cfa_register 7
  90:../Dave/Generated/src/DAVESupport/MULTIPLEXER.c ****    	 
  91:../Dave/Generated/src/DAVESupport/MULTIPLEXER.c ****             	         
  92:../Dave/Generated/src/DAVESupport/MULTIPLEXER.c ****                                      
  93:../Dave/Generated/src/DAVESupport/MULTIPLEXER.c ****        /*        SCU Macro definitions     */                        
  94:../Dave/Generated/src/DAVESupport/MULTIPLEXER.c ****    	 
  95:../Dave/Generated/src/DAVESupport/MULTIPLEXER.c ****             	         
  96:../Dave/Generated/src/DAVESupport/MULTIPLEXER.c ****                                             
  97:../Dave/Generated/src/DAVESupport/MULTIPLEXER.c **** /*        ERU0 Macro definitions:         */    
  98:../Dave/Generated/src/DAVESupport/MULTIPLEXER.c **** /*        ERU1 Macro definitions:         */  
  99:../Dave/Generated/src/DAVESupport/MULTIPLEXER.c **** 
 100:../Dave/Generated/src/DAVESupport/MULTIPLEXER.c ****   WR_REG(ERU1->EXICON[3], ERU_EXICON_PE_Msk, ERU_EXICON_PE_Pos, SIGNAL_TR1);                       
  43              		.loc 1 100 0
  44 0006 4FF48043 		mov	r3, #16384
  45 000a C4F20403 		movt	r3, 16388
  46 000e 4FF48042 		mov	r2, #16384
  47 0012 C4F20402 		movt	r2, 16388
  48 0016 D269     		ldr	r2, [r2, #28]
  49 0018 42F00102 		orr	r2, r2, #1
  50 001c DA61     		str	r2, [r3, #28]
 101:../Dave/Generated/src/DAVESupport/MULTIPLEXER.c ****    	 
 102:../Dave/Generated/src/DAVESupport/MULTIPLEXER.c ****             	         
 103:../Dave/Generated/src/DAVESupport/MULTIPLEXER.c ****                                               
 104:../Dave/Generated/src/DAVESupport/MULTIPLEXER.c ****    	 
 105:../Dave/Generated/src/DAVESupport/MULTIPLEXER.c ****       
 106:../Dave/Generated/src/DAVESupport/MULTIPLEXER.c **** //********* MODULE USIC CONFIGURATIONS *************************	        
 107:../Dave/Generated/src/DAVESupport/MULTIPLEXER.c ****         
 108:../Dave/Generated/src/DAVESupport/MULTIPLEXER.c ****            
 109:../Dave/Generated/src/DAVESupport/MULTIPLEXER.c ****    /* Disable mode before configuring all USIC registers to avoid unintended edges */   
 110:../Dave/Generated/src/DAVESupport/MULTIPLEXER.c ****       /* Variable to store the CCR_MODE values for various USIC channels */ 
 111:../Dave/Generated/src/DAVESupport/MULTIPLEXER.c ****       uint32_t UsicCcrMode[6] = {0};
  51              		.loc 1 111 0
  52 001e 3B46     		mov	r3, r7
  53 0020 4FF00002 		mov	r2, #0
  54 0024 1A60     		str	r2, [r3, #0]
  55 0026 03F10403 		add	r3, r3, #4
  56 002a 4FF00002 		mov	r2, #0
  57 002e 1A60     		str	r2, [r3, #0]
  58 0030 03F10403 		add	r3, r3, #4
  59 0034 4FF00002 		mov	r2, #0
  60 0038 1A60     		str	r2, [r3, #0]
  61 003a 03F10403 		add	r3, r3, #4
  62 003e 4FF00002 		mov	r2, #0
  63 0042 1A60     		str	r2, [r3, #0]
  64 0044 03F10403 		add	r3, r3, #4
  65 0048 4FF00002 		mov	r2, #0
  66 004c 1A60     		str	r2, [r3, #0]
  67 004e 03F10403 		add	r3, r3, #4
  68 0052 4FF00002 		mov	r2, #0
  69 0056 1A60     		str	r2, [r3, #0]
  70 0058 03F10403 		add	r3, r3, #4
 112:../Dave/Generated/src/DAVESupport/MULTIPLEXER.c ****            
 113:../Dave/Generated/src/DAVESupport/MULTIPLEXER.c ****     UsicCcrMode[0] |= (uint32_t) RD_REG(USIC0_CH0->CCR, USIC_CH_CCR_MODE_Msk, USIC_CH_CCR_MODE_Pos)
  71              		.loc 1 113 0
  72 005c 3A68     		ldr	r2, [r7, #0]
  73 005e 4FF00003 		mov	r3, #0
  74 0062 C4F20303 		movt	r3, 16387
  75 0066 1B6C     		ldr	r3, [r3, #64]
  76 0068 03F00F03 		and	r3, r3, #15
  77 006c 1343     		orrs	r3, r3, r2
  78 006e 3B60     		str	r3, [r7, #0]
 114:../Dave/Generated/src/DAVESupport/MULTIPLEXER.c ****     WR_REG(USIC0_CH0->CCR, USIC_CH_CCR_MODE_Msk, USIC_CH_CCR_MODE_Pos,0);  
  79              		.loc 1 114 0
  80 0070 4FF00003 		mov	r3, #0
  81 0074 C4F20303 		movt	r3, 16387
  82 0078 4FF00002 		mov	r2, #0
  83 007c C4F20302 		movt	r2, 16387
  84 0080 126C     		ldr	r2, [r2, #64]
  85 0082 22F00F02 		bic	r2, r2, #15
  86 0086 1A64     		str	r2, [r3, #64]
 115:../Dave/Generated/src/DAVESupport/MULTIPLEXER.c ****                          
 116:../Dave/Generated/src/DAVESupport/MULTIPLEXER.c ****     UsicCcrMode[2] |= (uint32_t) RD_REG(USIC1_CH0->CCR, USIC_CH_CCR_MODE_Msk, USIC_CH_CCR_MODE_Pos)
  87              		.loc 1 116 0
  88 0088 BA68     		ldr	r2, [r7, #8]
  89 008a 4FF00003 		mov	r3, #0
  90 008e C4F60203 		movt	r3, 18434
  91 0092 1B6C     		ldr	r3, [r3, #64]
  92 0094 03F00F03 		and	r3, r3, #15
  93 0098 1343     		orrs	r3, r3, r2
  94 009a BB60     		str	r3, [r7, #8]
 117:../Dave/Generated/src/DAVESupport/MULTIPLEXER.c ****     WR_REG(USIC1_CH0->CCR, USIC_CH_CCR_MODE_Msk, USIC_CH_CCR_MODE_Pos,0);
  95              		.loc 1 117 0
  96 009c 4FF00003 		mov	r3, #0
  97 00a0 C4F60203 		movt	r3, 18434
  98 00a4 4FF00002 		mov	r2, #0
  99 00a8 C4F60202 		movt	r2, 18434
 100 00ac 126C     		ldr	r2, [r2, #64]
 101 00ae 22F00F02 		bic	r2, r2, #15
 102 00b2 1A64     		str	r2, [r3, #64]
 118:../Dave/Generated/src/DAVESupport/MULTIPLEXER.c ****                     
 119:../Dave/Generated/src/DAVESupport/MULTIPLEXER.c ****     UsicCcrMode[3] |= (uint32_t) RD_REG(USIC1_CH1->CCR, USIC_CH_CCR_MODE_Msk, USIC_CH_CCR_MODE_Pos)
 103              		.loc 1 119 0
 104 00b4 FA68     		ldr	r2, [r7, #12]
 105 00b6 4FF40073 		mov	r3, #512
 106 00ba C4F60203 		movt	r3, 18434
 107 00be 1B6C     		ldr	r3, [r3, #64]
 108 00c0 03F00F03 		and	r3, r3, #15
 109 00c4 1343     		orrs	r3, r3, r2
 110 00c6 FB60     		str	r3, [r7, #12]
 120:../Dave/Generated/src/DAVESupport/MULTIPLEXER.c ****     WR_REG(USIC1_CH1->CCR, USIC_CH_CCR_MODE_Msk, USIC_CH_CCR_MODE_Pos,0);
 111              		.loc 1 120 0
 112 00c8 4FF40073 		mov	r3, #512
 113 00cc C4F60203 		movt	r3, 18434
 114 00d0 4FF40072 		mov	r2, #512
 115 00d4 C4F60202 		movt	r2, 18434
 116 00d8 126C     		ldr	r2, [r2, #64]
 117 00da 22F00F02 		bic	r2, r2, #15
 118 00de 1A64     		str	r2, [r3, #64]
 121:../Dave/Generated/src/DAVESupport/MULTIPLEXER.c ****            
 122:../Dave/Generated/src/DAVESupport/MULTIPLEXER.c ****     UsicCcrMode[4] |= (uint32_t) RD_REG(USIC2_CH0->CCR, USIC_CH_CCR_MODE_Msk, USIC_CH_CCR_MODE_Pos)
 119              		.loc 1 122 0
 120 00e0 3A69     		ldr	r2, [r7, #16]
 121 00e2 4FF48043 		mov	r3, #16384
 122 00e6 C4F60203 		movt	r3, 18434
 123 00ea 1B6C     		ldr	r3, [r3, #64]
 124 00ec 03F00F03 		and	r3, r3, #15
 125 00f0 1343     		orrs	r3, r3, r2
 126 00f2 3B61     		str	r3, [r7, #16]
 123:../Dave/Generated/src/DAVESupport/MULTIPLEXER.c ****     WR_REG(USIC2_CH0->CCR, USIC_CH_CCR_MODE_Msk, USIC_CH_CCR_MODE_Pos,0);
 127              		.loc 1 123 0
 128 00f4 4FF48043 		mov	r3, #16384
 129 00f8 C4F60203 		movt	r3, 18434
 130 00fc 4FF48042 		mov	r2, #16384
 131 0100 C4F60202 		movt	r2, 18434
 132 0104 126C     		ldr	r2, [r2, #64]
 133 0106 22F00F02 		bic	r2, r2, #15
 134 010a 1A64     		str	r2, [r3, #64]
 124:../Dave/Generated/src/DAVESupport/MULTIPLEXER.c ****       
 125:../Dave/Generated/src/DAVESupport/MULTIPLEXER.c ****       
 126:../Dave/Generated/src/DAVESupport/MULTIPLEXER.c ****     						
 127:../Dave/Generated/src/DAVESupport/MULTIPLEXER.c ****    /*USIC 0 Channel 0 Mux Related SFR/Bitfields Configurations*/ 									  					 				 				 		     
 128:../Dave/Generated/src/DAVESupport/MULTIPLEXER.c ****  //Standard receive buffer event is enabled.                 
 129:../Dave/Generated/src/DAVESupport/MULTIPLEXER.c ****  WR_REG(USIC0_CH0->RBCTR, USIC_CH_RBCTR_SRBIEN_Msk, USIC_CH_RBCTR_SRBIEN_Pos,1);  
 135              		.loc 1 129 0
 136 010c 4FF00003 		mov	r3, #0
 137 0110 C4F20303 		movt	r3, 16387
 138 0114 4FF00002 		mov	r2, #0
 139 0118 C4F20302 		movt	r2, 16387
 140 011c D2F80C21 		ldr	r2, [r2, #268]
 141 0120 42F08042 		orr	r2, r2, #1073741824
 142 0124 C3F80C21 		str	r2, [r3, #268]
 130:../Dave/Generated/src/DAVESupport/MULTIPLEXER.c ****  					 									 					 					  									      					              					  						       
 131:../Dave/Generated/src/DAVESupport/MULTIPLEXER.c ****  //Interrupt node 5 is selected for Standard receive buffer event                 
 132:../Dave/Generated/src/DAVESupport/MULTIPLEXER.c ****  WR_REG(USIC0_CH0->RBCTR, USIC_CH_RBCTR_SRBINP_Msk, USIC_CH_RBCTR_SRBINP_Pos,5);  
 143              		.loc 1 132 0
 144 0128 4FF00003 		mov	r3, #0
 145 012c C4F20303 		movt	r3, 16387
 146 0130 4FF00002 		mov	r2, #0
 147 0134 C4F20302 		movt	r2, 16387
 148 0138 D2F80C21 		ldr	r2, [r2, #268]
 149 013c 22F4E022 		bic	r2, r2, #458752
 150 0140 42F4A022 		orr	r2, r2, #327680
 151 0144 C3F80C21 		str	r2, [r3, #268]
 133:../Dave/Generated/src/DAVESupport/MULTIPLEXER.c ****  					      
 134:../Dave/Generated/src/DAVESupport/MULTIPLEXER.c ****                  
 135:../Dave/Generated/src/DAVESupport/MULTIPLEXER.c ****    // Data Pointer & Buffer Size for Transmitter Buffer Control  
 136:../Dave/Generated/src/DAVESupport/MULTIPLEXER.c ****  WR_REG(USIC0_CH0->TBCTR, USIC_CH_TBCTR_DPTRSIZE_Msk, USIC_CH_TBCTR_DPTRSIZE_Pos,0x05000020);		/*  
 152              		.loc 1 136 0
 153 0148 4FF00003 		mov	r3, #0
 154 014c C4F20303 		movt	r3, 16387
 155 0150 4FF00002 		mov	r2, #0
 156 0154 C4F20302 		movt	r2, 16387
 157 0158 D2F80821 		ldr	r2, [r2, #264]
 158 015c 22F0E062 		bic	r2, r2, #117440512
 159 0160 22F03F02 		bic	r2, r2, #63
 160 0164 42F0A062 		orr	r2, r2, #83886080
 161 0168 42F02002 		orr	r2, r2, #32
 162 016c C3F80821 		str	r2, [r3, #264]
 137:../Dave/Generated/src/DAVESupport/MULTIPLEXER.c ****          
 138:../Dave/Generated/src/DAVESupport/MULTIPLEXER.c ****   // Data Pointer & Buffer Size for Receiver Buffer Control  
 139:../Dave/Generated/src/DAVESupport/MULTIPLEXER.c ****  WR_REG(USIC0_CH0->RBCTR, USIC_CH_RBCTR_DPTRSIZE_Msk, USIC_CH_RBCTR_DPTRSIZE_Pos,0x05000000);		/*  
 163              		.loc 1 139 0
 164 0170 4FF00003 		mov	r3, #0
 165 0174 C4F20303 		movt	r3, 16387
 166 0178 4FF00002 		mov	r2, #0
 167 017c C4F20302 		movt	r2, 16387
 168 0180 D2F80C21 		ldr	r2, [r2, #268]
 169 0184 22F0E062 		bic	r2, r2, #117440512
 170 0188 22F03F02 		bic	r2, r2, #63
 171 018c 42F0A062 		orr	r2, r2, #83886080
 172 0190 C3F80C21 		str	r2, [r3, #268]
 140:../Dave/Generated/src/DAVESupport/MULTIPLEXER.c ****  						
 141:../Dave/Generated/src/DAVESupport/MULTIPLEXER.c ****    /*USIC 0 Channel 1 Mux Related SFR/Bitfields Configurations*/ 									  					 				 				 		     
 142:../Dave/Generated/src/DAVESupport/MULTIPLEXER.c ****          						
 143:../Dave/Generated/src/DAVESupport/MULTIPLEXER.c ****    /*USIC 1 Channel 0 Mux Related SFR/Bitfields Configurations*/ 									  					 				 				 		     
 144:../Dave/Generated/src/DAVESupport/MULTIPLEXER.c ****  //Standard receive buffer event is enabled.                 
 145:../Dave/Generated/src/DAVESupport/MULTIPLEXER.c ****  WR_REG(USIC1_CH0->RBCTR, USIC_CH_RBCTR_SRBIEN_Msk, USIC_CH_RBCTR_SRBIEN_Pos,1);  
 173              		.loc 1 145 0
 174 0194 4FF00003 		mov	r3, #0
 175 0198 C4F60203 		movt	r3, 18434
 176 019c 4FF00002 		mov	r2, #0
 177 01a0 C4F60202 		movt	r2, 18434
 178 01a4 D2F80C21 		ldr	r2, [r2, #268]
 179 01a8 42F08042 		orr	r2, r2, #1073741824
 180 01ac C3F80C21 		str	r2, [r3, #268]
 146:../Dave/Generated/src/DAVESupport/MULTIPLEXER.c ****  					 									 					 					  									      					              					  						    					      
 147:../Dave/Generated/src/DAVESupport/MULTIPLEXER.c ****             
 148:../Dave/Generated/src/DAVESupport/MULTIPLEXER.c ****   // Data Pointer & Buffer Size for Receiver Buffer Control  
 149:../Dave/Generated/src/DAVESupport/MULTIPLEXER.c ****  WR_REG(USIC1_CH0->RBCTR, USIC_CH_RBCTR_DPTRSIZE_Msk, USIC_CH_RBCTR_DPTRSIZE_Pos,0x05000000);		/*  
 181              		.loc 1 149 0
 182 01b0 4FF00003 		mov	r3, #0
 183 01b4 C4F60203 		movt	r3, 18434
 184 01b8 4FF00002 		mov	r2, #0
 185 01bc C4F60202 		movt	r2, 18434
 186 01c0 D2F80C21 		ldr	r2, [r2, #268]
 187 01c4 22F0E062 		bic	r2, r2, #117440512
 188 01c8 22F03F02 		bic	r2, r2, #63
 189 01cc 42F0A062 		orr	r2, r2, #83886080
 190 01d0 C3F80C21 		str	r2, [r3, #268]
 150:../Dave/Generated/src/DAVESupport/MULTIPLEXER.c ****  						
 151:../Dave/Generated/src/DAVESupport/MULTIPLEXER.c ****    /*USIC 1 Channel 1 Mux Related SFR/Bitfields Configurations*/ 						         
 152:../Dave/Generated/src/DAVESupport/MULTIPLEXER.c ****  WR_REG(USIC1_CH1->DX0CR, USIC_CH_DX0CR_DSEL_Msk, USIC_CH_DX0CR_DSEL_Pos,3); 
 191              		.loc 1 152 0
 192 01d4 4FF40073 		mov	r3, #512
 193 01d8 C4F60203 		movt	r3, 18434
 194 01dc 4FF40072 		mov	r2, #512
 195 01e0 C4F60202 		movt	r2, 18434
 196 01e4 D269     		ldr	r2, [r2, #28]
 197 01e6 22F00702 		bic	r2, r2, #7
 198 01ea 42F00302 		orr	r2, r2, #3
 199 01ee DA61     		str	r2, [r3, #28]
 153:../Dave/Generated/src/DAVESupport/MULTIPLEXER.c ****   			  					 				 				 		       				              				  					    					 					   				  					 				 			
 154:../Dave/Generated/src/DAVESupport/MULTIPLEXER.c ****                  
 155:../Dave/Generated/src/DAVESupport/MULTIPLEXER.c ****    // Data Pointer & Buffer Size for Transmitter Buffer Control  
 156:../Dave/Generated/src/DAVESupport/MULTIPLEXER.c ****  WR_REG(USIC1_CH1->TBCTR, USIC_CH_TBCTR_DPTRSIZE_Msk, USIC_CH_TBCTR_DPTRSIZE_Pos,0x04000030);		/*  
 200              		.loc 1 156 0
 201 01f0 4FF40073 		mov	r3, #512
 202 01f4 C4F60203 		movt	r3, 18434
 203 01f8 4FF40072 		mov	r2, #512
 204 01fc C4F60202 		movt	r2, 18434
 205 0200 D2F80821 		ldr	r2, [r2, #264]
 206 0204 22F0E062 		bic	r2, r2, #117440512
 207 0208 22F03F02 		bic	r2, r2, #63
 208 020c 42F08062 		orr	r2, r2, #67108864
 209 0210 42F03002 		orr	r2, r2, #48
 210 0214 C3F80821 		str	r2, [r3, #264]
 157:../Dave/Generated/src/DAVESupport/MULTIPLEXER.c ****            
 158:../Dave/Generated/src/DAVESupport/MULTIPLEXER.c ****   // Data Pointer & Buffer Size for Receiver Buffer Control  
 159:../Dave/Generated/src/DAVESupport/MULTIPLEXER.c ****  WR_REG(USIC1_CH1->RBCTR, USIC_CH_RBCTR_DPTRSIZE_Msk, USIC_CH_RBCTR_DPTRSIZE_Pos,0x04000020);		/*  
 211              		.loc 1 159 0
 212 0218 4FF40073 		mov	r3, #512
 213 021c C4F60203 		movt	r3, 18434
 214 0220 4FF40072 		mov	r2, #512
 215 0224 C4F60202 		movt	r2, 18434
 216 0228 D2F80C21 		ldr	r2, [r2, #268]
 217 022c 22F0E062 		bic	r2, r2, #117440512
 218 0230 22F03F02 		bic	r2, r2, #63
 219 0234 42F08062 		orr	r2, r2, #67108864
 220 0238 42F02002 		orr	r2, r2, #32
 221 023c C3F80C21 		str	r2, [r3, #268]
 160:../Dave/Generated/src/DAVESupport/MULTIPLEXER.c ****    						
 161:../Dave/Generated/src/DAVESupport/MULTIPLEXER.c ****    /*USIC 2 Channel 0 Mux Related SFR/Bitfields Configurations*/ 						         
 162:../Dave/Generated/src/DAVESupport/MULTIPLEXER.c ****  WR_REG(USIC2_CH0->DX0CR, USIC_CH_DX0CR_DSEL_Msk, USIC_CH_DX0CR_DSEL_Pos,1); 
 222              		.loc 1 162 0
 223 0240 4FF48043 		mov	r3, #16384
 224 0244 C4F60203 		movt	r3, 18434
 225 0248 4FF48042 		mov	r2, #16384
 226 024c C4F60202 		movt	r2, 18434
 227 0250 D269     		ldr	r2, [r2, #28]
 228 0252 22F00702 		bic	r2, r2, #7
 229 0256 42F00102 		orr	r2, r2, #1
 230 025a DA61     		str	r2, [r3, #28]
 163:../Dave/Generated/src/DAVESupport/MULTIPLEXER.c ****   			  					 				 				 		       				              				  					    					 					   				  					 				 			
 164:../Dave/Generated/src/DAVESupport/MULTIPLEXER.c ****                  
 165:../Dave/Generated/src/DAVESupport/MULTIPLEXER.c ****    // Data Pointer & Buffer Size for Transmitter Buffer Control  
 166:../Dave/Generated/src/DAVESupport/MULTIPLEXER.c ****  WR_REG(USIC2_CH0->TBCTR, USIC_CH_TBCTR_DPTRSIZE_Msk, USIC_CH_TBCTR_DPTRSIZE_Pos,0x05000020);		/*  
 231              		.loc 1 166 0
 232 025c 4FF48043 		mov	r3, #16384
 233 0260 C4F60203 		movt	r3, 18434
 234 0264 4FF48042 		mov	r2, #16384
 235 0268 C4F60202 		movt	r2, 18434
 236 026c D2F80821 		ldr	r2, [r2, #264]
 237 0270 22F0E062 		bic	r2, r2, #117440512
 238 0274 22F03F02 		bic	r2, r2, #63
 239 0278 42F0A062 		orr	r2, r2, #83886080
 240 027c 42F02002 		orr	r2, r2, #32
 241 0280 C3F80821 		str	r2, [r3, #264]
 167:../Dave/Generated/src/DAVESupport/MULTIPLEXER.c ****          
 168:../Dave/Generated/src/DAVESupport/MULTIPLEXER.c ****   // Data Pointer & Buffer Size for Receiver Buffer Control  
 169:../Dave/Generated/src/DAVESupport/MULTIPLEXER.c ****  WR_REG(USIC2_CH0->RBCTR, USIC_CH_RBCTR_DPTRSIZE_Msk, USIC_CH_RBCTR_DPTRSIZE_Pos,0x05000000);		/*  
 242              		.loc 1 169 0
 243 0284 4FF48043 		mov	r3, #16384
 244 0288 C4F60203 		movt	r3, 18434
 245 028c 4FF48042 		mov	r2, #16384
 246 0290 C4F60202 		movt	r2, 18434
 247 0294 D2F80C21 		ldr	r2, [r2, #268]
 248 0298 22F0E062 		bic	r2, r2, #117440512
 249 029c 22F03F02 		bic	r2, r2, #63
 250 02a0 42F0A062 		orr	r2, r2, #83886080
 251 02a4 C3F80C21 		str	r2, [r3, #268]
 170:../Dave/Generated/src/DAVESupport/MULTIPLEXER.c ****  						
 171:../Dave/Generated/src/DAVESupport/MULTIPLEXER.c ****    /*USIC 2 Channel 1 Mux Related SFR/Bitfields Configurations*/ 									  					 				 				 		     
 172:../Dave/Generated/src/DAVESupport/MULTIPLEXER.c ****          
 173:../Dave/Generated/src/DAVESupport/MULTIPLEXER.c ****   
 174:../Dave/Generated/src/DAVESupport/MULTIPLEXER.c ****   /* Enable mode after configuring all USIC registers to avoid unintended edges */  
 175:../Dave/Generated/src/DAVESupport/MULTIPLEXER.c ****             
 176:../Dave/Generated/src/DAVESupport/MULTIPLEXER.c ****    WR_REG(USIC0_CH0->CCR, USIC_CH_CCR_MODE_Msk, USIC_CH_CCR_MODE_Pos,UsicCcrMode[0]); 
 252              		.loc 1 176 0
 253 02a8 4FF00003 		mov	r3, #0
 254 02ac C4F20303 		movt	r3, 16387
 255 02b0 3A68     		ldr	r2, [r7, #0]
 256 02b2 02F00F01 		and	r1, r2, #15
 257 02b6 4FF00002 		mov	r2, #0
 258 02ba C4F20302 		movt	r2, 16387
 259 02be 126C     		ldr	r2, [r2, #64]
 260 02c0 22F00F02 		bic	r2, r2, #15
 261 02c4 0A43     		orrs	r2, r2, r1
 262 02c6 1A64     		str	r2, [r3, #64]
 177:../Dave/Generated/src/DAVESupport/MULTIPLEXER.c ****           
 178:../Dave/Generated/src/DAVESupport/MULTIPLEXER.c ****    WR_REG(USIC1_CH0->CCR, USIC_CH_CCR_MODE_Msk, USIC_CH_CCR_MODE_Pos,UsicCcrMode[2]);
 263              		.loc 1 178 0
 264 02c8 4FF00003 		mov	r3, #0
 265 02cc C4F60203 		movt	r3, 18434
 266 02d0 BA68     		ldr	r2, [r7, #8]
 267 02d2 02F00F01 		and	r1, r2, #15
 268 02d6 4FF00002 		mov	r2, #0
 269 02da C4F60202 		movt	r2, 18434
 270 02de 126C     		ldr	r2, [r2, #64]
 271 02e0 22F00F02 		bic	r2, r2, #15
 272 02e4 0A43     		orrs	r2, r2, r1
 273 02e6 1A64     		str	r2, [r3, #64]
 179:../Dave/Generated/src/DAVESupport/MULTIPLEXER.c ****                   
 180:../Dave/Generated/src/DAVESupport/MULTIPLEXER.c ****    WR_REG(USIC1_CH1->CCR, USIC_CH_CCR_MODE_Msk, USIC_CH_CCR_MODE_Pos,UsicCcrMode[3]);
 274              		.loc 1 180 0
 275 02e8 4FF40073 		mov	r3, #512
 276 02ec C4F60203 		movt	r3, 18434
 277 02f0 FA68     		ldr	r2, [r7, #12]
 278 02f2 02F00F01 		and	r1, r2, #15
 279 02f6 4FF40072 		mov	r2, #512
 280 02fa C4F60202 		movt	r2, 18434
 281 02fe 126C     		ldr	r2, [r2, #64]
 282 0300 22F00F02 		bic	r2, r2, #15
 283 0304 0A43     		orrs	r2, r2, r1
 284 0306 1A64     		str	r2, [r3, #64]
 181:../Dave/Generated/src/DAVESupport/MULTIPLEXER.c ****         
 182:../Dave/Generated/src/DAVESupport/MULTIPLEXER.c ****    WR_REG(USIC2_CH0->CCR, USIC_CH_CCR_MODE_Msk, USIC_CH_CCR_MODE_Pos,UsicCcrMode[4]);
 285              		.loc 1 182 0
 286 0308 4FF48043 		mov	r3, #16384
 287 030c C4F60203 		movt	r3, 18434
 288 0310 3A69     		ldr	r2, [r7, #16]
 289 0312 02F00F01 		and	r1, r2, #15
 290 0316 4FF48042 		mov	r2, #16384
 291 031a C4F60202 		movt	r2, 18434
 292 031e 126C     		ldr	r2, [r2, #64]
 293 0320 22F00F02 		bic	r2, r2, #15
 294 0324 0A43     		orrs	r2, r2, r1
 295 0326 1A64     		str	r2, [r3, #64]
 183:../Dave/Generated/src/DAVESupport/MULTIPLEXER.c ****             	         
 184:../Dave/Generated/src/DAVESupport/MULTIPLEXER.c ****                                               
 185:../Dave/Generated/src/DAVESupport/MULTIPLEXER.c ****         //********* Capture/Compare Unit 4 (CAPCOM4) CONFIGURATIONS ************************* 
 186:../Dave/Generated/src/DAVESupport/MULTIPLEXER.c ****                        
 187:../Dave/Generated/src/DAVESupport/MULTIPLEXER.c ****     // Configuring CCU41_CC42SRS  =  Service Request Selector
 188:../Dave/Generated/src/DAVESupport/MULTIPLEXER.c **** 
 189:../Dave/Generated/src/DAVESupport/MULTIPLEXER.c ****     WR_REG(CCU41_CC42->SRS, CCU4_CC4_SRS_CMSR_Msk, CCU4_CC4_SRS_CMSR_Pos, CCU_SR3);    
 296              		.loc 1 189 0
 297 0328 4FF44073 		mov	r3, #768
 298 032c C4F20103 		movt	r3, 16385
 299 0330 4FF44072 		mov	r2, #768
 300 0334 C4F20102 		movt	r2, 16385
 301 0338 D2F8A820 		ldr	r2, [r2, #168]
 302 033c 42F00C02 		orr	r2, r2, #12
 303 0340 C3F8A820 		str	r2, [r3, #168]
 190:../Dave/Generated/src/DAVESupport/MULTIPLEXER.c ****                        
 191:../Dave/Generated/src/DAVESupport/MULTIPLEXER.c ****     // Configuring CCU41_CC43SRS  =  Service Request Selector
 192:../Dave/Generated/src/DAVESupport/MULTIPLEXER.c **** 
 193:../Dave/Generated/src/DAVESupport/MULTIPLEXER.c ****     WR_REG(CCU41_CC43->SRS, CCU4_CC4_SRS_CMSR_Msk, CCU4_CC4_SRS_CMSR_Pos, CCU_SR1);    
 304              		.loc 1 193 0
 305 0344 4FF48063 		mov	r3, #1024
 306 0348 C4F20103 		movt	r3, 16385
 307 034c 4FF48062 		mov	r2, #1024
 308 0350 C4F20102 		movt	r2, 16385
 309 0354 D2F8A820 		ldr	r2, [r2, #168]
 310 0358 22F00C02 		bic	r2, r2, #12
 311 035c 42F00402 		orr	r2, r2, #4
 312 0360 C3F8A820 		str	r2, [r3, #168]
 194:../Dave/Generated/src/DAVESupport/MULTIPLEXER.c ****    	 
 195:../Dave/Generated/src/DAVESupport/MULTIPLEXER.c ****             	         
 196:../Dave/Generated/src/DAVESupport/MULTIPLEXER.c ****                                               
 197:../Dave/Generated/src/DAVESupport/MULTIPLEXER.c ****    	 
 198:../Dave/Generated/src/DAVESupport/MULTIPLEXER.c ****             	         
 199:../Dave/Generated/src/DAVESupport/MULTIPLEXER.c ****                                               
 200:../Dave/Generated/src/DAVESupport/MULTIPLEXER.c ****    	 
 201:../Dave/Generated/src/DAVESupport/MULTIPLEXER.c ****             	         
 202:../Dave/Generated/src/DAVESupport/MULTIPLEXER.c ****                                               
 203:../Dave/Generated/src/DAVESupport/MULTIPLEXER.c ****    	 
 204:../Dave/Generated/src/DAVESupport/MULTIPLEXER.c ****             	         
 205:../Dave/Generated/src/DAVESupport/MULTIPLEXER.c ****                                           
 206:../Dave/Generated/src/DAVESupport/MULTIPLEXER.c **** 
 207:../Dave/Generated/src/DAVESupport/MULTIPLEXER.c **** /*        PORT Macro definitions for IOCR_OE, IOCR_PCR & HWSEL_HW     */                           
 208:../Dave/Generated/src/DAVESupport/MULTIPLEXER.c ****   WR_REG(PORT0->IOCR0, 0xb800U, PORT_IOCR_PC1_PCR_Pos, 0x12U);                /*P0.1 : PORT0_IOCR0_
 313              		.loc 1 208 0
 314 0364 4FF40043 		mov	r3, #32768
 315 0368 C4F60203 		movt	r3, 18434
 316 036c 4FF40042 		mov	r2, #32768
 317 0370 C4F60202 		movt	r2, 18434
 318 0374 1269     		ldr	r2, [r2, #16]
 319 0376 22F43842 		bic	r2, r2, #47104
 320 037a 42F41042 		orr	r2, r2, #36864
 321 037e 1A61     		str	r2, [r3, #16]
 209:../Dave/Generated/src/DAVESupport/MULTIPLEXER.c **** 					                         
 210:../Dave/Generated/src/DAVESupport/MULTIPLEXER.c ****   WR_REG(PORT2->IOCR0, 0xb80000U, PORT_IOCR_PC2_PCR_Pos, 0x13U);                /*P2.2 : PORT2_IOCR
 322              		.loc 1 210 0
 323 0380 4FF40243 		mov	r3, #33280
 324 0384 C4F60203 		movt	r3, 18434
 325 0388 4FF40242 		mov	r2, #33280
 326 038c C4F60202 		movt	r2, 18434
 327 0390 1269     		ldr	r2, [r2, #16]
 328 0392 22F43802 		bic	r2, r2, #12058624
 329 0396 42F41802 		orr	r2, r2, #9961472
 330 039a 1A61     		str	r2, [r3, #16]
 211:../Dave/Generated/src/DAVESupport/MULTIPLEXER.c **** 					                         
 212:../Dave/Generated/src/DAVESupport/MULTIPLEXER.c ****   WR_REG(PORT2->IOCR0, 0xb8000000U, PORT_IOCR_PC3_PCR_Pos, 0x13U);                /*P2.3 : PORT2_IO
 331              		.loc 1 212 0
 332 039c 4FF40243 		mov	r3, #33280
 333 03a0 C4F60203 		movt	r3, 18434
 334 03a4 4FF40242 		mov	r2, #33280
 335 03a8 C4F60202 		movt	r2, 18434
 336 03ac 1269     		ldr	r2, [r2, #16]
 337 03ae 22F03842 		bic	r2, r2, #-1207959552
 338 03b2 42F01842 		orr	r2, r2, #-1744830464
 339 03b6 1A61     		str	r2, [r3, #16]
 213:../Dave/Generated/src/DAVESupport/MULTIPLEXER.c **** 					                         
 214:../Dave/Generated/src/DAVESupport/MULTIPLEXER.c ****   WR_REG(PORT2->IOCR4, 0xb8U, PORT_IOCR_PC0_PCR_Pos, 0x13U);                /*P2.4 : PORT2_IOCR4_PC
 340              		.loc 1 214 0
 341 03b8 4FF40243 		mov	r3, #33280
 342 03bc C4F60203 		movt	r3, 18434
 343 03c0 4FF40242 		mov	r2, #33280
 344 03c4 C4F60202 		movt	r2, 18434
 345 03c8 5269     		ldr	r2, [r2, #20]
 346 03ca 22F0B802 		bic	r2, r2, #184
 347 03ce 42F09802 		orr	r2, r2, #152
 348 03d2 5A61     		str	r2, [r3, #20]
 215:../Dave/Generated/src/DAVESupport/MULTIPLEXER.c **** 					                         
 216:../Dave/Generated/src/DAVESupport/MULTIPLEXER.c ****   WR_REG(PORT2->IOCR12, 0xb80000U, PORT_IOCR_PC2_PCR_Pos, 0x12U);                /*P2.14 : PORT2_IO
 349              		.loc 1 216 0
 350 03d4 4FF40243 		mov	r3, #33280
 351 03d8 C4F60203 		movt	r3, 18434
 352 03dc 4FF40242 		mov	r2, #33280
 353 03e0 C4F60202 		movt	r2, 18434
 354 03e4 D269     		ldr	r2, [r2, #28]
 355 03e6 22F43802 		bic	r2, r2, #12058624
 356 03ea 42F41002 		orr	r2, r2, #9437184
 357 03ee DA61     		str	r2, [r3, #28]
 217:../Dave/Generated/src/DAVESupport/MULTIPLEXER.c **** 					                         
 218:../Dave/Generated/src/DAVESupport/MULTIPLEXER.c ****   WR_REG(PORT5->IOCR0, 0xb8U, PORT_IOCR_PC0_PCR_Pos, 0x11U);                /*P5.0 : PORT5_IOCR0_PC
 358              		.loc 1 218 0
 359 03f0 4FF40543 		mov	r3, #34048
 360 03f4 C4F60203 		movt	r3, 18434
 361 03f8 4FF40542 		mov	r2, #34048
 362 03fc C4F60202 		movt	r2, 18434
 363 0400 1269     		ldr	r2, [r2, #16]
 364 0402 22F0B802 		bic	r2, r2, #184
 365 0406 42F08802 		orr	r2, r2, #136
 366 040a 1A61     		str	r2, [r3, #16]
 219:../Dave/Generated/src/DAVESupport/MULTIPLEXER.c **** 					                         
 220:../Dave/Generated/src/DAVESupport/MULTIPLEXER.c ****   WR_REG(PORT5->IOCR0, 0xb800U, PORT_IOCR_PC1_PCR_Pos, 0x11U);                /*P5.1 : PORT5_IOCR0_
 367              		.loc 1 220 0
 368 040c 4FF40543 		mov	r3, #34048
 369 0410 C4F60203 		movt	r3, 18434
 370 0414 4FF40542 		mov	r2, #34048
 371 0418 C4F60202 		movt	r2, 18434
 372 041c 1269     		ldr	r2, [r2, #16]
 373 041e 22F43842 		bic	r2, r2, #47104
 374 0422 42F40842 		orr	r2, r2, #34816
 375 0426 1A61     		str	r2, [r3, #16]
 221:../Dave/Generated/src/DAVESupport/MULTIPLEXER.c **** 					                         
 222:../Dave/Generated/src/DAVESupport/MULTIPLEXER.c ****   WR_REG(PORT5->IOCR0, 0xb80000U, PORT_IOCR_PC2_PCR_Pos, 0x11U);                /*P5.2 : PORT5_IOCR
 376              		.loc 1 222 0
 377 0428 4FF40543 		mov	r3, #34048
 378 042c C4F60203 		movt	r3, 18434
 379 0430 4FF40542 		mov	r2, #34048
 380 0434 C4F60202 		movt	r2, 18434
 381 0438 1269     		ldr	r2, [r2, #16]
 382 043a 22F43802 		bic	r2, r2, #12058624
 383 043e 42F40802 		orr	r2, r2, #8912896
 384 0442 1A61     		str	r2, [r3, #16]
 223:../Dave/Generated/src/DAVESupport/MULTIPLEXER.c **** 					      
 224:../Dave/Generated/src/DAVESupport/MULTIPLEXER.c **** }
 385              		.loc 1 224 0
 386 0444 07F11C07 		add	r7, r7, #28
 387 0448 BD46     		mov	sp, r7
 388 044a 80BC     		pop	{r7}
 389 044c 7047     		bx	lr
 390              		.cfi_endproc
 391              	.LFE120:
 393 044e 00BF     		.section	.text.DAVE_MUX_PreInit,"ax",%progbits
 394              		.align	2
 395              		.global	DAVE_MUX_PreInit
 396              		.thumb
 397              		.thumb_func
 399              	DAVE_MUX_PreInit:
 400              	.LFB121:
 225:../Dave/Generated/src/DAVESupport/MULTIPLEXER.c **** 
 226:../Dave/Generated/src/DAVESupport/MULTIPLEXER.c **** 
 227:../Dave/Generated/src/DAVESupport/MULTIPLEXER.c **** /*******************************************************************************
 228:../Dave/Generated/src/DAVESupport/MULTIPLEXER.c **** ** Syntax           : void DAVE_MUX_PreInit(void)                             **
 229:../Dave/Generated/src/DAVESupport/MULTIPLEXER.c **** **                                                                            **
 230:../Dave/Generated/src/DAVESupport/MULTIPLEXER.c **** ** Reentrancy       : None                                                    **
 231:../Dave/Generated/src/DAVESupport/MULTIPLEXER.c **** **                                                                            **
 232:../Dave/Generated/src/DAVESupport/MULTIPLEXER.c **** ** Parameters (in)  : void                                                    **
 233:../Dave/Generated/src/DAVESupport/MULTIPLEXER.c **** **                                                                            **
 234:../Dave/Generated/src/DAVESupport/MULTIPLEXER.c **** ** Parameters (out) : none                                                    **
 235:../Dave/Generated/src/DAVESupport/MULTIPLEXER.c **** **                                                                            **
 236:../Dave/Generated/src/DAVESupport/MULTIPLEXER.c **** ** Return value     : none                                                    **
 237:../Dave/Generated/src/DAVESupport/MULTIPLEXER.c **** **                                                                            **
 238:../Dave/Generated/src/DAVESupport/MULTIPLEXER.c **** ** Description      : This is the Mux configuration                           **
 239:../Dave/Generated/src/DAVESupport/MULTIPLEXER.c **** **                                                                            **
 240:../Dave/Generated/src/DAVESupport/MULTIPLEXER.c **** *******************************************************************************/
 241:../Dave/Generated/src/DAVESupport/MULTIPLEXER.c ****  
 242:../Dave/Generated/src/DAVESupport/MULTIPLEXER.c **** void DAVE_MUX_PreInit(void)
 243:../Dave/Generated/src/DAVESupport/MULTIPLEXER.c **** {                            
 401              		.loc 1 243 0
 402              		.cfi_startproc
 403              		@ args = 0, pretend = 0, frame = 0
 404              		@ frame_needed = 1, uses_anonymous_args = 0
 405              		@ link register save eliminated.
 406 0000 80B4     		push	{r7}
 407              	.LCFI3:
 408              		.cfi_def_cfa_offset 4
 409              		.cfi_offset 7, -4
 410 0002 00AF     		add	r7, sp, #0
 411              	.LCFI4:
 412              		.cfi_def_cfa_register 7
 244:../Dave/Generated/src/DAVESupport/MULTIPLEXER.c **** 
 245:../Dave/Generated/src/DAVESupport/MULTIPLEXER.c **** /*        PORT Macro definitions for IOCR_OE, IOCR_PCR & HWSEL_HW     */                   
 246:../Dave/Generated/src/DAVESupport/MULTIPLEXER.c **** }
 413              		.loc 1 246 0
 414 0004 BD46     		mov	sp, r7
 415 0006 80BC     		pop	{r7}
 416 0008 7047     		bx	lr
 417              		.cfi_endproc
 418              	.LFE121:
 420 000a 00BF     		.text
 421              	.Letext0:
 422              		.file 2 "c:\\dave-3.1.10\\arm-gcc\\bin\\../lib/gcc/arm-none-eabi/4.7.4/../../../../arm-none-eabi/i
 423              		.file 3 "C:\\DAVE-3.1.10\\eclipse\\/../CMSIS/Infineon/XMC4500_series/Include/XMC4500.h"
 424              		.file 4 "C:\\DAVE-3.1.10\\eclipse\\/../CMSIS/Include/core_cm4.h"
DEFINED SYMBOLS
                            *ABS*:00000000 MULTIPLEXER.c
C:\Users\Andreas\AppData\Local\Temp\ccSOnnYH.s:20     .text.DAVE_MUX_Init:00000000 $t
C:\Users\Andreas\AppData\Local\Temp\ccSOnnYH.s:25     .text.DAVE_MUX_Init:00000000 DAVE_MUX_Init
C:\Users\Andreas\AppData\Local\Temp\ccSOnnYH.s:394    .text.DAVE_MUX_PreInit:00000000 $t
C:\Users\Andreas\AppData\Local\Temp\ccSOnnYH.s:399    .text.DAVE_MUX_PreInit:00000000 DAVE_MUX_PreInit
                     .debug_frame:00000010 $d
                           .group:00000000 wm4.1.84cfd71c6d2dc0bd4021712beaa9efd8
                           .group:00000000 wm4.XMC4500.h.45.215f4b8c79f46c7645c15373868d08c0
                           .group:00000000 wm4.core_cm4.h.47.41af406cb4cda82c972f112a9cd0a024
                           .group:00000000 wm4.newlib.h.8.a9901dc52d1357e3e94003403d43f8b5
                           .group:00000000 wm4.features.h.22.b72b3baab2bb2eab3661375590100b6b
                           .group:00000000 wm4.config.h.193.5fb8ef056cdff92dec3dee9552839d8c
                           .group:00000000 wm4._ansi.h.23.7aefdac4826acebbfc9f3822a0aeb14c
                           .group:00000000 wm4.stdint.h.20.54ad762faa59e3c05491630641c8d8bf
                           .group:00000000 wm4.core_cmInstr.h.39.3d3d1b4a79aef37532666dc6ee87c6ac
                           .group:00000000 wm4.core_cm4_simd.h.43.b5d1d38735af6366227b4256d330cf13
                           .group:00000000 wm4.core_cm4.h.178.e5ef5ce66d198d7f00f9d0076e267c41
                           .group:00000000 wm4.system_XMC4500.h.29.827f68baa362c84f2abae4ab67dde7c9
                           .group:00000000 wm4.XMC4500.h.198.8e022f279ff353ed081df898dc7b9cf3
                           .group:00000000 wm4.stddef.h.40.50cf36416e06376af8a9dca28536f2e4
                           .group:00000000 wm4.types.h.60.e75c47576398c648cdcf9000ace5e3d8
                           .group:00000000 wm4.MULTIPLEXER.h.46.4a863fbae1c79f0db26da3ce2dc30d02
                           .group:00000000 wm4.CCU8PWMLIB.h.74.725ec81203769525cc7a424597055f47
                           .group:00000000 wm4.MOTORLIB.h.62.951091d95913dd2ff36d761323a1771d
                           .group:00000000 wm4.DBG001.h.116.d6d9e7459a0faa3905c97c1d2edb339d
                           .group:00000000 wm4.uc_id.h.35.fa57ecd9f559d2767f56c96da2848c12
                           .group:00000000 wm4.CLK001_Const.h.50.e5e9c2ddc89f4cc9e7b93e9648fa94e4
                           .group:00000000 wm4.CLK001_Conf.h.81.851ac7a1268528f4d6739384c2f248a5
                           .group:00000000 wm4._default_types.h.6.5e12cd604db8ce00b62bb2f02708eaf3
                           .group:00000000 wm4.lock.h.2.9bc98482741e5e2a9450b12934a684ea
                           .group:00000000 wm4.stddef.h.161.c6104a0666cf681b6269ddc9b4f516d4
                           .group:00000000 wm4.types.h.2.e9cec8c90ab35f77d9f499e06ae02400
                           .group:00000000 wm4.types.h.80.1f2c84c0d57dd52dd9936095d9ac218e
                           .group:00000000 wm4.time.h.16.a4579e68956d2601c6113814b546764b
                           .group:00000000 wm4.RTC001.h.113.715d6fcab1863c6656b238bddd304166
                           .group:00000000 wm4.lmm001_debuglog.h.40.8031299705ecf04ad726bd19baff976d
                           .group:00000000 wm4.reent.h.11.a39e4126dcf3c6afd3054e0622577bae
                           .group:00000000 wm4.stddef.h.161.e50ff8a9d5d1abbc15641da28ac571bf
                           .group:00000000 wm4.string.h.86.d5c872ff52e2712c985b588a0ef39f3c
                           .group:00000000 wm4.LMM001.h.45.fa2df8bae969f45df5071221ac433ffa
                           .group:00000000 wm4.stdio.h.27.f2ac352bab34f31f9f478442827b2ba6
                           .group:00000000 wm4.stdarg.h.34.3a23a216c0c293b3d2ea2e89281481e6
                           .group:00000000 wm4.stdio.h.2.4aa87247282eca6c8f36f9de33d8df1a
                           .group:00000000 wm4.stdio.h.63.dfdea6580b080784d08faace69b6ed76
                           .group:00000000 wm4.stdlib.h.13.603ed7eb09a1561ab06840b7c0fcff58
                           .group:00000000 wm4.alloca.h.8.dfc0c703c47ec3e69746825b17d9e66d
                           .group:00000000 wm4.stdlib.h.53.c69c7609933ff56d59c757cec2d13230
                           .group:00000000 wm4.time.h.2.9857e62ad6ac99431e29d58067232314
                           .group:00000000 wm4.time.h.24.c499d4c1915694df17abb795fd34b719
                           .group:00000000 wm4.time.h.124.10ced469f846269cafc58b59c853e1bb
                           .group:00000000 wm4.errno.h.2.ba016d646105af6cad23be83630b6a3f
                           .group:00000000 wm4.errno.h.9.65044c2b5d8494e43f5986ab0a1d770f
                           .group:00000000 wm4.unistd.h.2.6ce1b91c4223f6078c1b210c7538c1d2
                           .group:00000000 wm4.unistd.h.251.605bc560cdc6c3b07b599bb71ac4e425
                           .group:00000000 wm4.malloc.h.4.62bd13b8107d5245f60bd92bb5994838
                           .group:00000000 wm4.malloc.h.148.73b7de3bd065dafbd594b04197a9466e
                           .group:00000000 wm4.reent.h.91.faac4d0ac97c0fcf23d10d0786197642
                           .group:00000000 wm4.SLTHA003.h.104.05371e300b30617373255b3cdb4765a2
                           .group:00000000 wm4.SYSTM001.h.64.6ecb31c49bc3e7691644fdcdfc11b5cd
                           .group:00000000 wm4.stdarg.h.31.fa591a4b1df9e413e9f5b8097f9ae89d
                           .group:00000000 wm4.Type_CM.h.61.3660c940695d7d5fef91de9c4081d0f0
                           .group:00000000 wm4.dwc_os.h.82.db2ca40c41e2f648d146b8942e5157d9
                           .group:00000000 wm4.dwc_otg_core_if.h.95.37e41eee47e9a4502e4044edf60ea92d
                           .group:00000000 wm4.usbcore001_device.h.107.6c032c9c28ac6c3f4e5e24a068720cd7
                           .group:00000000 wm4.USB.h.399.44a2bec94122294f06c4d854450494d3
                           .group:00000000 wm4.Common.h.102.bc881ac788d1d7ce84e651cbaa40f2c2
                           .group:00000000 wm4.Common.h.134.5069b632a0407201156f18fde915b80c
                           .group:00000000 wm4.USBMode.h.234.0cc9e23131c025605bb7c0db3ebb8ac9
                           .group:00000000 wm4.StdRequestType.h.93.4e19c7c655f990c2abedbb76a546fcde
                           .group:00000000 wm4.Endpoint.h.116.4ef46b127c9047ed49fe1e0df19e09b8
                           .group:00000000 wm4.StdDescriptors.h.120.0ce817e16dcc91b8cf4a79ba0e0e19b6
                           .group:00000000 wm4.CDC.h.103.7ce3e4692dde29e827f8736493eef7ef
                           .group:00000000 wm4.CDC.h.115.c83a7d6c5b6c8644b3dec6212d4ced09
                           .group:00000000 wm4.Descriptors.h.91.5cf84c2489ee54d154cabfe9e14b5c19
                           .group:00000000 wm4.Usic.h.54.8af9f733ba5771eeb374435d205ea54b
                           .group:00000000 wm4.UART001_Conf.h.53.fce01a2aa073e958cae0b1cc894db26c
                           .group:00000000 wm4.UART001.h.109.3e835815a7a59791d8bd39655f4d4cc9
                           .group:00000000 wm4.CCU4Global_Conf.h.63.a52fac0daa39b5f58343578312b4eb54
                           .group:00000000 wm4.PWMSP001.h.57.29b732b86baf3e81f49153f5f495912e
                           .group:00000000 wm4.NVIC002_Conf.h.63.2cf6f4b7cf62c0c8f8d5baa4db880def
                           .group:00000000 wm4.I2C001.h.97.5277d52889d6c741e048ea45ee1277b5
                           .group:00000000 wm4.I2C001_Conf.h.58.e471e519f7471a50493b6f4fe912ee0d
                           .group:00000000 wm4.ERU001_Conf.h.69.6d7c31a774e428b1dc8770c7c31047dd
                           .group:00000000 wm4.ERU002_Conf.h.49.47045c766c6d22ab1185285e9d568758
                           .group:00000000 wm4.IO002_Conf.h.51.be0baad511cf66771895fab0bf90f390

NO UNDEFINED SYMBOLS
