   1              		.syntax unified
   2              		.cpu cortex-m4
   3              		.eabi_attribute 27, 3
   4              		.fpu fpv4-sp-d16
   5              		.eabi_attribute 20, 1
   6              		.eabi_attribute 21, 1
   7              		.eabi_attribute 23, 3
   8              		.eabi_attribute 24, 1
   9              		.eabi_attribute 25, 1
  10              		.eabi_attribute 26, 1
  11              		.eabi_attribute 30, 6
  12              		.eabi_attribute 34, 1
  13              		.eabi_attribute 18, 4
  14              		.thumb
  15              		.file	"usbld001_delay.c"
  16              		.text
  17              	.Ltext0:
  18              		.cfi_sections	.debug_frame
  19              		.bss
  20              	TimerExpire:
  21 0000 00       		.space	1
  22              		.section	.text.USBLD001_Timer_CallBack,"ax",%progbits
  23              		.align	2
  24              		.global	USBLD001_Timer_CallBack
  25              		.thumb
  26              		.thumb_func
  28              	USBLD001_Timer_CallBack:
  29              	.LFB120:
  30              		.file 1 "../Dave/Generated/src/USBLD001/usbld001_delay.c"
   1:../Dave/Generated/src/USBLD001/usbld001_delay.c **** /*******************************************************************************
   2:../Dave/Generated/src/USBLD001/usbld001_delay.c **** **  DAVE App Name : USBLD001       App Version: 1.0.18               
   3:../Dave/Generated/src/USBLD001/usbld001_delay.c **** **  This file is generated by DAVE, User modification to this file will be    **
   4:../Dave/Generated/src/USBLD001/usbld001_delay.c **** **  overwritten at the next code generation.                                  **
   5:../Dave/Generated/src/USBLD001/usbld001_delay.c **** *******************************************************************************/
   6:../Dave/Generated/src/USBLD001/usbld001_delay.c **** 
   7:../Dave/Generated/src/USBLD001/usbld001_delay.c **** /*******************************************************************************
   8:../Dave/Generated/src/USBLD001/usbld001_delay.c ****  Copyright (c) 2011, Infineon Technologies AG                                 **
   9:../Dave/Generated/src/USBLD001/usbld001_delay.c ****  All rights reserved.                                                         **
  10:../Dave/Generated/src/USBLD001/usbld001_delay.c ****                                                                               **
  11:../Dave/Generated/src/USBLD001/usbld001_delay.c ****  Redistribution and use in source and binary forms, with or without           **
  12:../Dave/Generated/src/USBLD001/usbld001_delay.c ****  modification,are permitted provided that the following conditions are met:   **
  13:../Dave/Generated/src/USBLD001/usbld001_delay.c ****                                                                               **
  14:../Dave/Generated/src/USBLD001/usbld001_delay.c ****  *Redistributions of source code must retain the above copyright notice,      **
  15:../Dave/Generated/src/USBLD001/usbld001_delay.c ****  this list of conditions and the following disclaimer.                        **
  16:../Dave/Generated/src/USBLD001/usbld001_delay.c ****  *Redistributions in binary form must reproduce the above copyright notice,   **
  17:../Dave/Generated/src/USBLD001/usbld001_delay.c ****  this list of conditions and the following disclaimer in the documentation    **
  18:../Dave/Generated/src/USBLD001/usbld001_delay.c ****  and/or other materials provided with the distribution.                       **
  19:../Dave/Generated/src/USBLD001/usbld001_delay.c ****  *Neither the name of the copyright holders nor the names of its contributors **
  20:../Dave/Generated/src/USBLD001/usbld001_delay.c ****  may be used to endorse or promote products derived from this software without** 
  21:../Dave/Generated/src/USBLD001/usbld001_delay.c ****  specific prior written permission.                                           **
  22:../Dave/Generated/src/USBLD001/usbld001_delay.c ****                                                                               **
  23:../Dave/Generated/src/USBLD001/usbld001_delay.c ****  THIS SOFTWARE IS PROVIDED BY THE COPYRIGHT HOLDERS AND CONTRIBUTORS "AS IS"  **
  24:../Dave/Generated/src/USBLD001/usbld001_delay.c ****  AND ANY EXPRESS OR IMPLIED WARRANTIES, INCLUDING, BUT NOT LIMITED TO, THE    **
  25:../Dave/Generated/src/USBLD001/usbld001_delay.c ****  IMPLIED WARRANTIES OF MERCHANTABILITY AND FITNESS FOR A PARTICULAR PURPOSE   **
  26:../Dave/Generated/src/USBLD001/usbld001_delay.c ****  ARE  DISCLAIMED. IN NO EVENT SHALL THE COPYRIGHT HOLDER OR CONTRIBUTORS BE   **
  27:../Dave/Generated/src/USBLD001/usbld001_delay.c ****  LIABLE  FOR ANY DIRECT, INDIRECT, INCIDENTAL, SPECIAL, EXEMPLARY, OR         **
  28:../Dave/Generated/src/USBLD001/usbld001_delay.c ****  CONSEQUENTIAL DAMAGES (INCLUDING, BUT NOT LIMITED TO, PROCUREMENT OF         **
  29:../Dave/Generated/src/USBLD001/usbld001_delay.c ****  SUBSTITUTE GOODS OR  SERVICES; LOSS OF USE, DATA, OR PROFITS; OR BUSINESS    **
  30:../Dave/Generated/src/USBLD001/usbld001_delay.c ****  INTERRUPTION) HOWEVER CAUSED AND ON ANY THEORY OF LIABILITY, WHETHER IN      **
  31:../Dave/Generated/src/USBLD001/usbld001_delay.c ****  CONTRACT, STRICT LIABILITY,OR TORT (INCLUDING NEGLIGENCE OR OTHERWISE)       **
  32:../Dave/Generated/src/USBLD001/usbld001_delay.c ****  ARISING IN ANY WAY OUT OF THE USE OF THIS SOFTWARE, EVEN IF ADVISED OF THE   **
  33:../Dave/Generated/src/USBLD001/usbld001_delay.c ****  POSSIBILITY OF SUCH DAMAGE.                                                  **
  34:../Dave/Generated/src/USBLD001/usbld001_delay.c ****                                                                               **
  35:../Dave/Generated/src/USBLD001/usbld001_delay.c ****  To improve the quality of the software, users are encouraged to share        **
  36:../Dave/Generated/src/USBLD001/usbld001_delay.c ****  modifications, enhancements or bug fixes with Infineon Technologies AG       **
  37:../Dave/Generated/src/USBLD001/usbld001_delay.c ****  dave@infineon.com).                                                          **
  38:../Dave/Generated/src/USBLD001/usbld001_delay.c ****                                                                               **
  39:../Dave/Generated/src/USBLD001/usbld001_delay.c **** ********************************************************************************
  40:../Dave/Generated/src/USBLD001/usbld001_delay.c **** **                                                                            **
  41:../Dave/Generated/src/USBLD001/usbld001_delay.c **** **                                                                            **
  42:../Dave/Generated/src/USBLD001/usbld001_delay.c **** ** PLATFORM : Infineon XMC4000 Series                                         **
  43:../Dave/Generated/src/USBLD001/usbld001_delay.c **** **                                                                            **
  44:../Dave/Generated/src/USBLD001/usbld001_delay.c **** ** COMPILER : Compiler Independent                                            **
  45:../Dave/Generated/src/USBLD001/usbld001_delay.c **** **                                                                            **
  46:../Dave/Generated/src/USBLD001/usbld001_delay.c **** ** AUTHOR : App Developer                                                     **
  47:../Dave/Generated/src/USBLD001/usbld001_delay.c **** **                                                                            **
  48:../Dave/Generated/src/USBLD001/usbld001_delay.c **** ** MAY BE CHANGED BY USER [yes/no]: Yes                                       **
  49:../Dave/Generated/src/USBLD001/usbld001_delay.c **** **                                                                            **
  50:../Dave/Generated/src/USBLD001/usbld001_delay.c **** ** MODIFICATION DATE : Apr 8, 2012                                           **
  51:../Dave/Generated/src/USBLD001/usbld001_delay.c **** **                                                                            **
  52:../Dave/Generated/src/USBLD001/usbld001_delay.c **** *******************************************************************************/
  53:../Dave/Generated/src/USBLD001/usbld001_delay.c **** 
  54:../Dave/Generated/src/USBLD001/usbld001_delay.c **** /*******************************************************************************
  55:../Dave/Generated/src/USBLD001/usbld001_delay.c **** **                       Author(s) Identity                                   **
  56:../Dave/Generated/src/USBLD001/usbld001_delay.c **** ********************************************************************************
  57:../Dave/Generated/src/USBLD001/usbld001_delay.c **** **                                                                            **
  58:../Dave/Generated/src/USBLD001/usbld001_delay.c **** ** Initials    Name                                                           **
  59:../Dave/Generated/src/USBLD001/usbld001_delay.c **** ** ---------------------------------------------------------------------------**
  60:../Dave/Generated/src/USBLD001/usbld001_delay.c **** ** CM          App Developer                                                  **
  61:../Dave/Generated/src/USBLD001/usbld001_delay.c **** *******************************************************************************/
  62:../Dave/Generated/src/USBLD001/usbld001_delay.c **** 
  63:../Dave/Generated/src/USBLD001/usbld001_delay.c **** #include <DAVE3.h>
  64:../Dave/Generated/src/USBLD001/usbld001_delay.c **** 
  65:../Dave/Generated/src/USBLD001/usbld001_delay.c **** 
  66:../Dave/Generated/src/USBLD001/usbld001_delay.c **** 
  67:../Dave/Generated/src/USBLD001/usbld001_delay.c **** 
  68:../Dave/Generated/src/USBLD001/usbld001_delay.c **** #define RTOS_MODE	0
  69:../Dave/Generated/src/USBLD001/usbld001_delay.c **** 
  70:../Dave/Generated/src/USBLD001/usbld001_delay.c **** #if RTOS_MODE
  71:../Dave/Generated/src/USBLD001/usbld001_delay.c **** 
  72:../Dave/Generated/src/USBLD001/usbld001_delay.c **** void USBLD001_lDelay(uint32_t DelayTime)
  73:../Dave/Generated/src/USBLD001/usbld001_delay.c **** {
  74:../Dave/Generated/src/USBLD001/usbld001_delay.c **** 	osStatus status;
  75:../Dave/Generated/src/USBLD001/usbld001_delay.c ****     uint32_t count = 0;
  76:../Dave/Generated/src/USBLD001/usbld001_delay.c ****     uint32_t usec = DelayTime * 1000;
  77:../Dave/Generated/src/USBLD001/usbld001_delay.c ****     const uint32_t utime = (120 * usec / 7);
  78:../Dave/Generated/src/USBLD001/usbld001_delay.c **** 
  79:../Dave/Generated/src/USBLD001/usbld001_delay.c ****     status = osDelay(DelayTime);
  80:../Dave/Generated/src/USBLD001/usbld001_delay.c **** 	if((status == osErrorISR))
  81:../Dave/Generated/src/USBLD001/usbld001_delay.c **** 	{
  82:../Dave/Generated/src/USBLD001/usbld001_delay.c **** 		/*
  83:../Dave/Generated/src/USBLD001/usbld001_delay.c **** 		 * Since synopsys driver expects delay in ISR, which RTOS does not
  84:../Dave/Generated/src/USBLD001/usbld001_delay.c **** 		 * support.
  85:../Dave/Generated/src/USBLD001/usbld001_delay.c **** 		 * Hence manual delay added.
  86:../Dave/Generated/src/USBLD001/usbld001_delay.c **** 		 */
  87:../Dave/Generated/src/USBLD001/usbld001_delay.c **** 		  do
  88:../Dave/Generated/src/USBLD001/usbld001_delay.c **** 		  {
  89:../Dave/Generated/src/USBLD001/usbld001_delay.c **** 			if ( ++count > utime )
  90:../Dave/Generated/src/USBLD001/usbld001_delay.c **** 			{
  91:../Dave/Generated/src/USBLD001/usbld001_delay.c **** 			  return ;
  92:../Dave/Generated/src/USBLD001/usbld001_delay.c **** 			}
  93:../Dave/Generated/src/USBLD001/usbld001_delay.c **** 		  }while (1);
  94:../Dave/Generated/src/USBLD001/usbld001_delay.c **** 	}
  95:../Dave/Generated/src/USBLD001/usbld001_delay.c **** }
  96:../Dave/Generated/src/USBLD001/usbld001_delay.c **** 
  97:../Dave/Generated/src/USBLD001/usbld001_delay.c **** #else
  98:../Dave/Generated/src/USBLD001/usbld001_delay.c **** 
  99:../Dave/Generated/src/USBLD001/usbld001_delay.c **** static volatile bool TimerExpire;
 100:../Dave/Generated/src/USBLD001/usbld001_delay.c **** 
 101:../Dave/Generated/src/USBLD001/usbld001_delay.c **** void USBLD001_Timer_CallBack(void* Temp)
 102:../Dave/Generated/src/USBLD001/usbld001_delay.c **** {
  31              		.loc 1 102 0
  32              		.cfi_startproc
  33              		@ args = 0, pretend = 0, frame = 8
  34              		@ frame_needed = 1, uses_anonymous_args = 0
  35              		@ link register save eliminated.
  36 0000 80B4     		push	{r7}
  37              	.LCFI0:
  38              		.cfi_def_cfa_offset 4
  39              		.cfi_offset 7, -4
  40 0002 83B0     		sub	sp, sp, #12
  41              	.LCFI1:
  42              		.cfi_def_cfa_offset 16
  43 0004 00AF     		add	r7, sp, #0
  44              	.LCFI2:
  45              		.cfi_def_cfa_register 7
  46 0006 7860     		str	r0, [r7, #4]
 103:../Dave/Generated/src/USBLD001/usbld001_delay.c ****   TimerExpire = 0;
  47              		.loc 1 103 0
  48 0008 40F20003 		movw	r3, #:lower16:TimerExpire
  49 000c C0F20003 		movt	r3, #:upper16:TimerExpire
  50 0010 4FF00002 		mov	r2, #0
  51 0014 1A70     		strb	r2, [r3, #0]
 104:../Dave/Generated/src/USBLD001/usbld001_delay.c **** }
  52              		.loc 1 104 0
  53 0016 07F10C07 		add	r7, r7, #12
  54 001a BD46     		mov	sp, r7
  55 001c 80BC     		pop	{r7}
  56 001e 7047     		bx	lr
  57              		.cfi_endproc
  58              	.LFE120:
  60              		.section	.text.USBLD001_lDelay,"ax",%progbits
  61              		.align	2
  62              		.global	USBLD001_lDelay
  63              		.thumb
  64              		.thumb_func
  66              	USBLD001_lDelay:
  67              	.LFB121:
 105:../Dave/Generated/src/USBLD001/usbld001_delay.c **** 
 106:../Dave/Generated/src/USBLD001/usbld001_delay.c **** /**
 107:../Dave/Generated/src/USBLD001/usbld001_delay.c ****  * This function is used to some delay in RTOS or NON-RTOS environment.
 108:../Dave/Generated/src/USBLD001/usbld001_delay.c ****  */
 109:../Dave/Generated/src/USBLD001/usbld001_delay.c **** void USBLD001_lDelay(uint32_t DelayTime)
 110:../Dave/Generated/src/USBLD001/usbld001_delay.c **** {
  68              		.loc 1 110 0
  69              		.cfi_startproc
  70              		@ args = 0, pretend = 0, frame = 16
  71              		@ frame_needed = 1, uses_anonymous_args = 0
  72 0000 80B5     		push	{r7, lr}
  73              	.LCFI3:
  74              		.cfi_def_cfa_offset 8
  75              		.cfi_offset 7, -8
  76              		.cfi_offset 14, -4
  77 0002 84B0     		sub	sp, sp, #16
  78              	.LCFI4:
  79              		.cfi_def_cfa_offset 24
  80 0004 00AF     		add	r7, sp, #0
  81              	.LCFI5:
  82              		.cfi_def_cfa_register 7
  83 0006 7860     		str	r0, [r7, #4]
 111:../Dave/Generated/src/USBLD001/usbld001_delay.c ****   handle_t TimerId;
 112:../Dave/Generated/src/USBLD001/usbld001_delay.c ****   status_t Status;
 113:../Dave/Generated/src/USBLD001/usbld001_delay.c ****   TimerExpire = 1;
  84              		.loc 1 113 0
  85 0008 40F20003 		movw	r3, #:lower16:TimerExpire
  86 000c C0F20003 		movt	r3, #:upper16:TimerExpire
  87 0010 4FF00102 		mov	r2, #1
  88 0014 1A70     		strb	r2, [r3, #0]
 114:../Dave/Generated/src/USBLD001/usbld001_delay.c ****   TimerId = SYSTM001_CreateTimer(DelayTime,SYSTM001_ONE_SHOT,USBLD001_Timer_CallBack,NULL);
  89              		.loc 1 114 0
  90 0016 7868     		ldr	r0, [r7, #4]
  91 0018 4FF00001 		mov	r1, #0
  92 001c 40F20002 		movw	r2, #:lower16:USBLD001_Timer_CallBack
  93 0020 C0F20002 		movt	r2, #:upper16:USBLD001_Timer_CallBack
  94 0024 4FF00003 		mov	r3, #0
  95 0028 FFF7FEFF 		bl	SYSTM001_CreateTimer
  96 002c F860     		str	r0, [r7, #12]
 115:../Dave/Generated/src/USBLD001/usbld001_delay.c ****   if(TimerId != 0)
  97              		.loc 1 115 0
  98 002e FB68     		ldr	r3, [r7, #12]
  99 0030 002B     		cmp	r3, #0
 100 0032 19D0     		beq	.L2
 116:../Dave/Generated/src/USBLD001/usbld001_delay.c ****   {
 117:../Dave/Generated/src/USBLD001/usbld001_delay.c ****     /* Timer is created successfully */
 118:../Dave/Generated/src/USBLD001/usbld001_delay.c ****     Status = SYSTM001_StartTimer(TimerId);
 101              		.loc 1 118 0
 102 0034 F868     		ldr	r0, [r7, #12]
 103 0036 FFF7FEFF 		bl	SYSTM001_StartTimer
 104 003a B860     		str	r0, [r7, #8]
 119:../Dave/Generated/src/USBLD001/usbld001_delay.c ****     if(Status == DAVEApp_SUCCESS)
 105              		.loc 1 119 0
 106 003c BB68     		ldr	r3, [r7, #8]
 107 003e 002B     		cmp	r3, #0
 108 0040 12D1     		bne	.L2
 120:../Dave/Generated/src/USBLD001/usbld001_delay.c ****     {
 121:../Dave/Generated/src/USBLD001/usbld001_delay.c ****       /* Wait in infinite loop till the timer expires */
 122:../Dave/Generated/src/USBLD001/usbld001_delay.c ****       while(TimerExpire)
 109              		.loc 1 122 0
 110 0042 00BF     		nop
 111              	.L4:
 112              		.loc 1 122 0 is_stmt 0 discriminator 1
 113 0044 40F20003 		movw	r3, #:lower16:TimerExpire
 114 0048 C0F20003 		movt	r3, #:upper16:TimerExpire
 115 004c 1B78     		ldrb	r3, [r3, #0]
 116 004e DBB2     		uxtb	r3, r3
 117 0050 002B     		cmp	r3, #0
 118 0052 F7D1     		bne	.L4
 123:../Dave/Generated/src/USBLD001/usbld001_delay.c ****       {
 124:../Dave/Generated/src/USBLD001/usbld001_delay.c ****       }
 125:../Dave/Generated/src/USBLD001/usbld001_delay.c ****       /* stop the timer */
 126:../Dave/Generated/src/USBLD001/usbld001_delay.c ****       Status = SYSTM001_StopTimer(TimerId);
 119              		.loc 1 126 0 is_stmt 1
 120 0054 F868     		ldr	r0, [r7, #12]
 121 0056 FFF7FEFF 		bl	SYSTM001_StopTimer
 122 005a B860     		str	r0, [r7, #8]
 127:../Dave/Generated/src/USBLD001/usbld001_delay.c ****       /* Delete the Timer*/
 128:../Dave/Generated/src/USBLD001/usbld001_delay.c ****       if(Status == DAVEApp_SUCCESS)
 123              		.loc 1 128 0
 124 005c BB68     		ldr	r3, [r7, #8]
 125 005e 002B     		cmp	r3, #0
 126 0060 02D1     		bne	.L2
 129:../Dave/Generated/src/USBLD001/usbld001_delay.c ****       {
 130:../Dave/Generated/src/USBLD001/usbld001_delay.c ****         SYSTM001_DeleteTimer(TimerId);
 127              		.loc 1 130 0
 128 0062 F868     		ldr	r0, [r7, #12]
 129 0064 FFF7FEFF 		bl	SYSTM001_DeleteTimer
 130              	.L2:
 131:../Dave/Generated/src/USBLD001/usbld001_delay.c ****       }
 132:../Dave/Generated/src/USBLD001/usbld001_delay.c ****          
 133:../Dave/Generated/src/USBLD001/usbld001_delay.c ****     }
 134:../Dave/Generated/src/USBLD001/usbld001_delay.c ****   }
 135:../Dave/Generated/src/USBLD001/usbld001_delay.c **** }
 131              		.loc 1 135 0
 132 0068 07F11007 		add	r7, r7, #16
 133 006c BD46     		mov	sp, r7
 134 006e 80BD     		pop	{r7, pc}
 135              		.cfi_endproc
 136              	.LFE121:
 138              		.text
 139              	.Letext0:
 140              		.file 2 "c:\\dave-3.1.10\\arm-gcc\\bin\\../lib/gcc/arm-none-eabi/4.7.4/../../../../arm-none-eabi/i
 141              		.file 3 "C:\\DAVE3_workspace\\ws3.1.10\\CORE_Larix_V1.0\\Dave\\Generated\\inc\\DAVESupport/../../i
 142              		.file 4 "C:\\DAVE3_workspace\\ws3.1.10\\CORE_Larix_V1.0\\Dave\\Generated\\inc\\DAVESupport/../../i
 143              		.file 5 "C:\\DAVE3_workspace\\ws3.1.10\\CORE_Larix_V1.0\\Dave\\Generated\\inc\\DAVESupport/../../i
 144              		.file 6 "C:\\DAVE-3.1.10\\eclipse\\/../CMSIS/Include/core_cm4.h"
DEFINED SYMBOLS
                            *ABS*:00000000 usbld001_delay.c
C:\Users\maan\AppData\Local\Temp\ccYtGNoG.s:20     .bss:00000000 TimerExpire
C:\Users\maan\AppData\Local\Temp\ccYtGNoG.s:21     .bss:00000000 $d
C:\Users\maan\AppData\Local\Temp\ccYtGNoG.s:23     .text.USBLD001_Timer_CallBack:00000000 $t
C:\Users\maan\AppData\Local\Temp\ccYtGNoG.s:28     .text.USBLD001_Timer_CallBack:00000000 USBLD001_Timer_CallBack
C:\Users\maan\AppData\Local\Temp\ccYtGNoG.s:61     .text.USBLD001_lDelay:00000000 $t
C:\Users\maan\AppData\Local\Temp\ccYtGNoG.s:66     .text.USBLD001_lDelay:00000000 USBLD001_lDelay
                     .debug_frame:00000010 $d
                           .group:00000000 wm4.1.84cfd71c6d2dc0bd4021712beaa9efd8
                           .group:00000000 wm4.XMC4500.h.45.215f4b8c79f46c7645c15373868d08c0
                           .group:00000000 wm4.core_cm4.h.47.41af406cb4cda82c972f112a9cd0a024
                           .group:00000000 wm4.newlib.h.8.a9901dc52d1357e3e94003403d43f8b5
                           .group:00000000 wm4.features.h.22.b72b3baab2bb2eab3661375590100b6b
                           .group:00000000 wm4.config.h.193.5fb8ef056cdff92dec3dee9552839d8c
                           .group:00000000 wm4._ansi.h.23.7aefdac4826acebbfc9f3822a0aeb14c
                           .group:00000000 wm4.stdint.h.20.54ad762faa59e3c05491630641c8d8bf
                           .group:00000000 wm4.core_cmInstr.h.39.3d3d1b4a79aef37532666dc6ee87c6ac
                           .group:00000000 wm4.core_cm4_simd.h.43.b5d1d38735af6366227b4256d330cf13
                           .group:00000000 wm4.core_cm4.h.178.e5ef5ce66d198d7f00f9d0076e267c41
                           .group:00000000 wm4.system_XMC4500.h.29.827f68baa362c84f2abae4ab67dde7c9
                           .group:00000000 wm4.XMC4500.h.198.8e022f279ff353ed081df898dc7b9cf3
                           .group:00000000 wm4.stddef.h.40.50cf36416e06376af8a9dca28536f2e4
                           .group:00000000 wm4.types.h.60.e75c47576398c648cdcf9000ace5e3d8
                           .group:00000000 wm4.MULTIPLEXER.h.46.4a863fbae1c79f0db26da3ce2dc30d02
                           .group:00000000 wm4.CCU8PWMLIB.h.74.725ec81203769525cc7a424597055f47
                           .group:00000000 wm4.MOTORLIB.h.62.951091d95913dd2ff36d761323a1771d
                           .group:00000000 wm4.DBG001.h.116.d6d9e7459a0faa3905c97c1d2edb339d
                           .group:00000000 wm4.uc_id.h.35.fa57ecd9f559d2767f56c96da2848c12
                           .group:00000000 wm4.CLK001_Const.h.50.e5e9c2ddc89f4cc9e7b93e9648fa94e4
                           .group:00000000 wm4.CLK001_Conf.h.81.851ac7a1268528f4d6739384c2f248a5
                           .group:00000000 wm4._default_types.h.6.5e12cd604db8ce00b62bb2f02708eaf3
                           .group:00000000 wm4.lock.h.2.9bc98482741e5e2a9450b12934a684ea
                           .group:00000000 wm4.stddef.h.161.c6104a0666cf681b6269ddc9b4f516d4
                           .group:00000000 wm4.types.h.2.e9cec8c90ab35f77d9f499e06ae02400
                           .group:00000000 wm4.types.h.80.1f2c84c0d57dd52dd9936095d9ac218e
                           .group:00000000 wm4.time.h.16.a4579e68956d2601c6113814b546764b
                           .group:00000000 wm4.RTC001.h.113.715d6fcab1863c6656b238bddd304166
                           .group:00000000 wm4.lmm001_debuglog.h.40.8031299705ecf04ad726bd19baff976d
                           .group:00000000 wm4.reent.h.11.a39e4126dcf3c6afd3054e0622577bae
                           .group:00000000 wm4.stddef.h.161.e50ff8a9d5d1abbc15641da28ac571bf
                           .group:00000000 wm4.string.h.86.d5c872ff52e2712c985b588a0ef39f3c
                           .group:00000000 wm4.LMM001.h.45.fa2df8bae969f45df5071221ac433ffa
                           .group:00000000 wm4.stdio.h.27.f2ac352bab34f31f9f478442827b2ba6
                           .group:00000000 wm4.stdarg.h.34.3a23a216c0c293b3d2ea2e89281481e6
                           .group:00000000 wm4.stdio.h.2.4aa87247282eca6c8f36f9de33d8df1a
                           .group:00000000 wm4.stdio.h.63.dfdea6580b080784d08faace69b6ed76
                           .group:00000000 wm4.stdlib.h.13.603ed7eb09a1561ab06840b7c0fcff58
                           .group:00000000 wm4.alloca.h.8.dfc0c703c47ec3e69746825b17d9e66d
                           .group:00000000 wm4.stdlib.h.53.c69c7609933ff56d59c757cec2d13230
                           .group:00000000 wm4.time.h.2.9857e62ad6ac99431e29d58067232314
                           .group:00000000 wm4.time.h.24.c499d4c1915694df17abb795fd34b719
                           .group:00000000 wm4.time.h.124.10ced469f846269cafc58b59c853e1bb
                           .group:00000000 wm4.errno.h.2.ba016d646105af6cad23be83630b6a3f
                           .group:00000000 wm4.errno.h.9.65044c2b5d8494e43f5986ab0a1d770f
                           .group:00000000 wm4.unistd.h.2.6ce1b91c4223f6078c1b210c7538c1d2
                           .group:00000000 wm4.unistd.h.251.605bc560cdc6c3b07b599bb71ac4e425
                           .group:00000000 wm4.malloc.h.4.62bd13b8107d5245f60bd92bb5994838
                           .group:00000000 wm4.malloc.h.148.73b7de3bd065dafbd594b04197a9466e
                           .group:00000000 wm4.reent.h.91.faac4d0ac97c0fcf23d10d0786197642
                           .group:00000000 wm4.SLTHA003.h.104.05371e300b30617373255b3cdb4765a2
                           .group:00000000 wm4.SYSTM001.h.64.6ecb31c49bc3e7691644fdcdfc11b5cd
                           .group:00000000 wm4.stdarg.h.31.fa591a4b1df9e413e9f5b8097f9ae89d
                           .group:00000000 wm4.Type_CM.h.61.3660c940695d7d5fef91de9c4081d0f0
                           .group:00000000 wm4.dwc_os.h.82.db2ca40c41e2f648d146b8942e5157d9
                           .group:00000000 wm4.dwc_otg_core_if.h.95.37e41eee47e9a4502e4044edf60ea92d
                           .group:00000000 wm4.usbcore001_device.h.107.6c032c9c28ac6c3f4e5e24a068720cd7
                           .group:00000000 wm4.USB.h.399.44a2bec94122294f06c4d854450494d3
                           .group:00000000 wm4.Common.h.102.bc881ac788d1d7ce84e651cbaa40f2c2
                           .group:00000000 wm4.Common.h.134.5069b632a0407201156f18fde915b80c
                           .group:00000000 wm4.USBMode.h.234.0cc9e23131c025605bb7c0db3ebb8ac9
                           .group:00000000 wm4.StdRequestType.h.93.4e19c7c655f990c2abedbb76a546fcde
                           .group:00000000 wm4.Endpoint.h.116.4ef46b127c9047ed49fe1e0df19e09b8
                           .group:00000000 wm4.StdDescriptors.h.120.0ce817e16dcc91b8cf4a79ba0e0e19b6
                           .group:00000000 wm4.CDC.h.103.7ce3e4692dde29e827f8736493eef7ef
                           .group:00000000 wm4.CDC.h.115.c83a7d6c5b6c8644b3dec6212d4ced09
                           .group:00000000 wm4.Descriptors.h.91.5cf84c2489ee54d154cabfe9e14b5c19
                           .group:00000000 wm4.Usic.h.54.8af9f733ba5771eeb374435d205ea54b
                           .group:00000000 wm4.UART001_Conf.h.53.fce01a2aa073e958cae0b1cc894db26c
                           .group:00000000 wm4.UART001.h.109.3e835815a7a59791d8bd39655f4d4cc9
                           .group:00000000 wm4.CCU4Global_Conf.h.63.a52fac0daa39b5f58343578312b4eb54
                           .group:00000000 wm4.PWMSP001.h.57.29b732b86baf3e81f49153f5f495912e
                           .group:00000000 wm4.NVIC002_Conf.h.63.2cf6f4b7cf62c0c8f8d5baa4db880def
                           .group:00000000 wm4.I2C001.h.97.5277d52889d6c741e048ea45ee1277b5
                           .group:00000000 wm4.I2C001_Conf.h.58.e471e519f7471a50493b6f4fe912ee0d
                           .group:00000000 wm4.ERU001_Conf.h.69.6d7c31a774e428b1dc8770c7c31047dd
                           .group:00000000 wm4.ERU002_Conf.h.49.47045c766c6d22ab1185285e9d568758
                           .group:00000000 wm4.IO002_Conf.h.51.be0baad511cf66771895fab0bf90f390

UNDEFINED SYMBOLS
SYSTM001_CreateTimer
SYSTM001_StartTimer
SYSTM001_StopTimer
SYSTM001_DeleteTimer
