   1              		.cpu cortex-m0
   2              		.fpu softvfp
   3              		.eabi_attribute 20, 1
   4              		.eabi_attribute 21, 1
   5              		.eabi_attribute 23, 3
   6              		.eabi_attribute 24, 1
   7              		.eabi_attribute 25, 1
   8              		.eabi_attribute 26, 1
   9              		.eabi_attribute 30, 4
  10              		.eabi_attribute 34, 0
  11              		.eabi_attribute 18, 4
  12              		.code	16
  13              		.file	"IO004.c"
  14              		.section	.text.IO004_Init,"ax",%progbits
  15              		.align	1
  16              		.global	IO004_Init
  17              		.code	16
  18              		.thumb_func
  20              	IO004_Init:
  21 0000 054B     		ldr	r3, .L2
  22 0002 0022     		mov	r2, #0
  23 0004 5868     		ldr	r0, [r3, #4]
  24 0006 054B     		ldr	r3, .L2+4
  25 0008 4260     		str	r2, [r0, #4]
  26 000a 0169     		ldr	r1, [r0, #16]
  27              		@ sp needed for prologue
  28 000c 0161     		str	r1, [r0, #16]
  29 000e 5868     		ldr	r0, [r3, #4]
  30 0010 4260     		str	r2, [r0, #4]
  31 0012 0269     		ldr	r2, [r0, #16]
  32 0014 0261     		str	r2, [r0, #16]
  33 0016 7047     		bx	lr
  34              	.L3:
  35              		.align	2
  36              	.L2:
  37 0018 00000000 		.word	IO004_Handle0
  38 001c 00000000 		.word	IO004_Handle1
  40              		.section	.text.IO004_DisableOutputDriver,"ax",%progbits
  41              		.align	1
  42              		.global	IO004_DisableOutputDriver
  43              		.code	16
  44              		.thumb_func
  46              	IO004_DisableOutputDriver:
  47 0000 30B5     		push	{r4, r5, lr}
  48 0002 4378     		ldrb	r3, [r0, #1]
  49 0004 032B     		cmp	r3, #3
  50 0006 0ED8     		bhi	.L5
  51 0008 4268     		ldr	r2, [r0, #4]
  52 000a DB00     		lsl	r3, r3, #3
  53 000c 1F20     		mov	r0, #31
  54 000e 1469     		ldr	r4, [r2, #16]
  55 0010 0333     		add	r3, r3, #3
  56 0012 051C     		mov	r5, r0
  57 0014 9D40     		lsl	r5, r5, r3
  58 0016 AC43     		bic	r4, r5
  59 0018 1461     		str	r4, [r2, #16]
  60 001a 1469     		ldr	r4, [r2, #16]
  61 001c 0140     		and	r1, r0
  62 001e 9940     		lsl	r1, r1, r3
  63 0020 2143     		orr	r1, r4
  64 0022 1161     		str	r1, [r2, #16]
  65 0024 38E0     		b	.L4
  66              	.L5:
  67 0026 1C1F     		sub	r4, r3, #4
  68 0028 E4B2     		uxtb	r4, r4
  69 002a 032C     		cmp	r4, #3
  70 002c 0ED8     		bhi	.L7
  71 002e 4268     		ldr	r2, [r0, #4]
  72 0030 1F23     		mov	r3, #31
  73 0032 E000     		lsl	r0, r4, #3
  74 0034 5569     		ldr	r5, [r2, #20]
  75 0036 0330     		add	r0, r0, #3
  76 0038 1C1C     		mov	r4, r3
  77 003a 8440     		lsl	r4, r4, r0
  78 003c A543     		bic	r5, r4
  79 003e 5561     		str	r5, [r2, #20]
  80 0040 5469     		ldr	r4, [r2, #20]
  81 0042 1940     		and	r1, r3
  82 0044 8140     		lsl	r1, r1, r0
  83 0046 2143     		orr	r1, r4
  84 0048 5161     		str	r1, [r2, #20]
  85 004a 25E0     		b	.L4
  86              	.L7:
  87 004c 1A1C     		mov	r2, r3
  88 004e 083A     		sub	r2, r2, #8
  89 0050 D4B2     		uxtb	r4, r2
  90 0052 032C     		cmp	r4, #3
  91 0054 0ED8     		bhi	.L8
  92 0056 4268     		ldr	r2, [r0, #4]
  93 0058 1F23     		mov	r3, #31
  94 005a E000     		lsl	r0, r4, #3
  95 005c 9569     		ldr	r5, [r2, #24]
  96 005e 0330     		add	r0, r0, #3
  97 0060 1C1C     		mov	r4, r3
  98 0062 8440     		lsl	r4, r4, r0
  99 0064 A543     		bic	r5, r4
 100 0066 9561     		str	r5, [r2, #24]
 101 0068 9469     		ldr	r4, [r2, #24]
 102 006a 1940     		and	r1, r3
 103 006c 8140     		lsl	r1, r1, r0
 104 006e 2143     		orr	r1, r4
 105 0070 9161     		str	r1, [r2, #24]
 106 0072 11E0     		b	.L4
 107              	.L8:
 108 0074 0C3B     		sub	r3, r3, #12
 109 0076 DDB2     		uxtb	r5, r3
 110 0078 032D     		cmp	r5, #3
 111 007a 0DD8     		bhi	.L4
 112 007c 4268     		ldr	r2, [r0, #4]
 113 007e EB00     		lsl	r3, r5, #3
 114 0080 1F20     		mov	r0, #31
 115 0082 D469     		ldr	r4, [r2, #28]
 116 0084 0333     		add	r3, r3, #3
 117 0086 051C     		mov	r5, r0
 118 0088 9D40     		lsl	r5, r5, r3
 119 008a AC43     		bic	r4, r5
 120 008c D461     		str	r4, [r2, #28]
 121 008e D469     		ldr	r4, [r2, #28]
 122 0090 0140     		and	r1, r0
 123 0092 9940     		lsl	r1, r1, r3
 124 0094 2143     		orr	r1, r4
 125 0096 D161     		str	r1, [r2, #28]
 126              	.L4:
 127              		@ sp needed for prologue
 128 0098 30BD     		pop	{r4, r5, pc}
 130              		.section	.text.IO004_EnableOutputDriver,"ax",%progbits
 131              		.align	1
 132              		.global	IO004_EnableOutputDriver
 133              		.code	16
 134              		.thumb_func
 136              	IO004_EnableOutputDriver:
 137 0000 30B5     		push	{r4, r5, lr}
 138 0002 4378     		ldrb	r3, [r0, #1]
 139 0004 032B     		cmp	r3, #3
 140 0006 0ED8     		bhi	.L11
 141 0008 4268     		ldr	r2, [r0, #4]
 142 000a DB00     		lsl	r3, r3, #3
 143 000c 1F20     		mov	r0, #31
 144 000e 1469     		ldr	r4, [r2, #16]
 145 0010 0333     		add	r3, r3, #3
 146 0012 051C     		mov	r5, r0
 147 0014 9D40     		lsl	r5, r5, r3
 148 0016 AC43     		bic	r4, r5
 149 0018 1461     		str	r4, [r2, #16]
 150 001a 1469     		ldr	r4, [r2, #16]
 151 001c 0140     		and	r1, r0
 152 001e 9940     		lsl	r1, r1, r3
 153 0020 2143     		orr	r1, r4
 154 0022 1161     		str	r1, [r2, #16]
 155 0024 38E0     		b	.L10
 156              	.L11:
 157 0026 1C1F     		sub	r4, r3, #4
 158 0028 E4B2     		uxtb	r4, r4
 159 002a 032C     		cmp	r4, #3
 160 002c 0ED8     		bhi	.L13
 161 002e 4268     		ldr	r2, [r0, #4]
 162 0030 1F23     		mov	r3, #31
 163 0032 E000     		lsl	r0, r4, #3
 164 0034 5569     		ldr	r5, [r2, #20]
 165 0036 0330     		add	r0, r0, #3
 166 0038 1C1C     		mov	r4, r3
 167 003a 8440     		lsl	r4, r4, r0
 168 003c A543     		bic	r5, r4
 169 003e 5561     		str	r5, [r2, #20]
 170 0040 5469     		ldr	r4, [r2, #20]
 171 0042 1940     		and	r1, r3
 172 0044 8140     		lsl	r1, r1, r0
 173 0046 2143     		orr	r1, r4
 174 0048 5161     		str	r1, [r2, #20]
 175 004a 25E0     		b	.L10
 176              	.L13:
 177 004c 1A1C     		mov	r2, r3
 178 004e 083A     		sub	r2, r2, #8
 179 0050 D4B2     		uxtb	r4, r2
 180 0052 032C     		cmp	r4, #3
 181 0054 0ED8     		bhi	.L14
 182 0056 4268     		ldr	r2, [r0, #4]
 183 0058 1F23     		mov	r3, #31
 184 005a E000     		lsl	r0, r4, #3
 185 005c 9569     		ldr	r5, [r2, #24]
 186 005e 0330     		add	r0, r0, #3
 187 0060 1C1C     		mov	r4, r3
 188 0062 8440     		lsl	r4, r4, r0
 189 0064 A543     		bic	r5, r4
 190 0066 9561     		str	r5, [r2, #24]
 191 0068 9469     		ldr	r4, [r2, #24]
 192 006a 1940     		and	r1, r3
 193 006c 8140     		lsl	r1, r1, r0
 194 006e 2143     		orr	r1, r4
 195 0070 9161     		str	r1, [r2, #24]
 196 0072 11E0     		b	.L10
 197              	.L14:
 198 0074 0C3B     		sub	r3, r3, #12
 199 0076 DDB2     		uxtb	r5, r3
 200 0078 032D     		cmp	r5, #3
 201 007a 0DD8     		bhi	.L10
 202 007c 4268     		ldr	r2, [r0, #4]
 203 007e EB00     		lsl	r3, r5, #3
 204 0080 1F20     		mov	r0, #31
 205 0082 D469     		ldr	r4, [r2, #28]
 206 0084 0333     		add	r3, r3, #3
 207 0086 051C     		mov	r5, r0
 208 0088 9D40     		lsl	r5, r5, r3
 209 008a AC43     		bic	r4, r5
 210 008c D461     		str	r4, [r2, #28]
 211 008e D469     		ldr	r4, [r2, #28]
 212 0090 0140     		and	r1, r0
 213 0092 9940     		lsl	r1, r1, r3
 214 0094 2143     		orr	r1, r4
 215 0096 D161     		str	r1, [r2, #28]
 216              	.L10:
 217              		@ sp needed for prologue
 218 0098 30BD     		pop	{r4, r5, pc}
 220              		.ident	"GCC: (GNU Tools for ARM Embedded Processors) 4.7.4 20130913 (release) [ARM/embedded-4_7-br
DEFINED SYMBOLS
                            *ABS*:00000000 IO004.c
C:\Users\maan\AppData\Local\Temp\ccpJAFKR.s:15     .text.IO004_Init:00000000 $t
C:\Users\maan\AppData\Local\Temp\ccpJAFKR.s:20     .text.IO004_Init:00000000 IO004_Init
C:\Users\maan\AppData\Local\Temp\ccpJAFKR.s:37     .text.IO004_Init:00000018 $d
C:\Users\maan\AppData\Local\Temp\ccpJAFKR.s:41     .text.IO004_DisableOutputDriver:00000000 $t
C:\Users\maan\AppData\Local\Temp\ccpJAFKR.s:46     .text.IO004_DisableOutputDriver:00000000 IO004_DisableOutputDriver
C:\Users\maan\AppData\Local\Temp\ccpJAFKR.s:131    .text.IO004_EnableOutputDriver:00000000 $t
C:\Users\maan\AppData\Local\Temp\ccpJAFKR.s:136    .text.IO004_EnableOutputDriver:00000000 IO004_EnableOutputDriver

UNDEFINED SYMBOLS
IO004_Handle0
IO004_Handle1
