   1              		.syntax unified
   2              		.cpu cortex-m4
   3              		.eabi_attribute 27, 3
   4              		.fpu fpv4-sp-d16
   5              		.eabi_attribute 20, 1
   6              		.eabi_attribute 21, 1
   7              		.eabi_attribute 23, 3
   8              		.eabi_attribute 24, 1
   9              		.eabi_attribute 25, 1
  10              		.eabi_attribute 26, 1
  11              		.eabi_attribute 30, 6
  12              		.eabi_attribute 34, 1
  13              		.eabi_attribute 18, 4
  14              		.thumb
  15              		.file	"NVIC002_Conf.c"
  16              		.text
  17              	.Ltext0:
  18              		.cfi_sections	.debug_frame
  19              		.global	NVIC002_Handle0
  20              		.section	.rodata
  21              		.align	2
  24              	NVIC002_Handle0:
  25 0000 5A       		.byte	90
  26 0001 14       		.byte	20
  27 0002 00       		.byte	0
  28 0003 01       		.byte	1
  29              		.global	NVIC002_Handle1
  30              		.align	2
  33              	NVIC002_Handle1:
  34 0004 31       		.byte	49
  35 0005 0F       		.byte	15
  36 0006 00       		.byte	0
  37 0007 01       		.byte	1
  38              		.global	NVIC002_Handle2
  39              		.align	2
  42              	NVIC002_Handle2:
  43 0008 30       		.byte	48
  44 0009 05       		.byte	5
  45 000a 00       		.byte	0
  46 000b 01       		.byte	1
  47              		.global	NVIC002_Handle3
  48              		.align	2
  51              	NVIC002_Handle3:
  52 000c 05       		.byte	5
  53 000d 0A       		.byte	10
  54 000e 00       		.byte	0
  55 000f 00       		.byte	0
  56              		.global	NVIC002_Handle4
  57              		.align	2
  60              	NVIC002_Handle4:
  61 0010 33       		.byte	51
  62 0011 3F       		.byte	63
  63 0012 00       		.byte	0
  64 0013 01       		.byte	1
  65              		.global	NVIC002_Handle5
  66              		.align	2
  69              	NVIC002_Handle5:
  70 0014 59       		.byte	89
  71 0015 13       		.byte	19
  72 0016 00       		.byte	0
  73 0017 01       		.byte	1
  74              		.global	NVIC002_HandleArray
  75              		.data
  76              		.align	2
  79              	NVIC002_HandleArray:
  80 0000 00000000 		.word	NVIC002_Handle0
  81 0004 00000000 		.word	NVIC002_Handle1
  82 0008 00000000 		.word	NVIC002_Handle2
  83 000c 00000000 		.word	NVIC002_Handle3
  84 0010 00000000 		.word	NVIC002_Handle4
  85 0014 00000000 		.word	NVIC002_Handle5
  86              		.text
  87              	.Letext0:
  88              		.file 1 "c:\\dave-3.1.10\\arm-gcc\\bin\\../lib/gcc/arm-none-eabi/4.7.4/../../../../arm-none-eabi/i
  89              		.file 2 "../Dave/Generated/src/NVIC002/../../inc/NVIC002/NVIC002.h"
  90              		.file 3 "C:\\DAVE-3.1.10\\eclipse\\/../CMSIS/Include/core_cm4.h"
  91              		.file 4 "../Dave/Generated/src/NVIC002/NVIC002_Conf.c"
DEFINED SYMBOLS
                            *ABS*:00000000 NVIC002_Conf.c
C:\Users\maan\AppData\Local\Temp\cc7WgUsK.s:24     .rodata:00000000 NVIC002_Handle0
C:\Users\maan\AppData\Local\Temp\cc7WgUsK.s:21     .rodata:00000000 $d
C:\Users\maan\AppData\Local\Temp\cc7WgUsK.s:33     .rodata:00000004 NVIC002_Handle1
C:\Users\maan\AppData\Local\Temp\cc7WgUsK.s:42     .rodata:00000008 NVIC002_Handle2
C:\Users\maan\AppData\Local\Temp\cc7WgUsK.s:51     .rodata:0000000c NVIC002_Handle3
C:\Users\maan\AppData\Local\Temp\cc7WgUsK.s:60     .rodata:00000010 NVIC002_Handle4
C:\Users\maan\AppData\Local\Temp\cc7WgUsK.s:69     .rodata:00000014 NVIC002_Handle5
C:\Users\maan\AppData\Local\Temp\cc7WgUsK.s:79     .data:00000000 NVIC002_HandleArray
C:\Users\maan\AppData\Local\Temp\cc7WgUsK.s:76     .data:00000000 $d
                           .group:00000000 wm4.1.84cfd71c6d2dc0bd4021712beaa9efd8
                           .group:00000000 wm4.uc_id.h.35.fa57ecd9f559d2767f56c96da2848c12
                           .group:00000000 wm4.XMC4500.h.45.215f4b8c79f46c7645c15373868d08c0
                           .group:00000000 wm4.core_cm4.h.47.41af406cb4cda82c972f112a9cd0a024
                           .group:00000000 wm4.newlib.h.8.a9901dc52d1357e3e94003403d43f8b5
                           .group:00000000 wm4.features.h.22.b72b3baab2bb2eab3661375590100b6b
                           .group:00000000 wm4.config.h.193.5fb8ef056cdff92dec3dee9552839d8c
                           .group:00000000 wm4._ansi.h.23.7aefdac4826acebbfc9f3822a0aeb14c
                           .group:00000000 wm4.stdint.h.20.54ad762faa59e3c05491630641c8d8bf
                           .group:00000000 wm4.core_cmInstr.h.39.3d3d1b4a79aef37532666dc6ee87c6ac
                           .group:00000000 wm4.core_cm4_simd.h.43.b5d1d38735af6366227b4256d330cf13
                           .group:00000000 wm4.core_cm4.h.178.e5ef5ce66d198d7f00f9d0076e267c41
                           .group:00000000 wm4.system_XMC4500.h.29.827f68baa362c84f2abae4ab67dde7c9
                           .group:00000000 wm4.XMC4500.h.198.8e022f279ff353ed081df898dc7b9cf3
                           .group:00000000 wm4.NVIC002_Conf.h.63.2cf6f4b7cf62c0c8f8d5baa4db880def

NO UNDEFINED SYMBOLS
