   1              		.syntax unified
   2              		.cpu cortex-m4
   3              		.eabi_attribute 27, 3
   4              		.fpu fpv4-sp-d16
   5              		.eabi_attribute 20, 1
   6              		.eabi_attribute 21, 1
   7              		.eabi_attribute 23, 3
   8              		.eabi_attribute 24, 1
   9              		.eabi_attribute 25, 1
  10              		.eabi_attribute 26, 1
  11              		.eabi_attribute 30, 6
  12              		.eabi_attribute 34, 1
  13              		.eabi_attribute 18, 4
  14              		.thumb
  15              		.file	"DaisyChain.c"
  16              		.text
  17              	.Ltext0:
  18              		.cfi_sections	.debug_frame
  19              		.comm	DaisyTransmit,13,4
  20              		.section	.text.SendDaisyData,"ax",%progbits
  21              		.align	2
  22              		.global	SendDaisyData
  23              		.thumb
  24              		.thumb_func
  26              	SendDaisyData:
  27              	.LFB120:
  28              		.file 1 "../DaisyChain.c"
   1:../DaisyChain.c **** /*
   2:../DaisyChain.c ****  * DaisyChain.c
   3:../DaisyChain.c ****  *
   4:../DaisyChain.c ****  *  Created on: 15.09.2015
   5:../DaisyChain.c ****  *      Author: maan
   6:../DaisyChain.c ****  */
   7:../DaisyChain.c **** 
   8:../DaisyChain.c **** #include "DaisyChain.h"
   9:../DaisyChain.c **** 
  10:../DaisyChain.c **** uint8_t DaisyTransmit[DAISY_BUFFER_SIZE];
  11:../DaisyChain.c **** 
  12:../DaisyChain.c **** /*void InitDaisy()
  13:../DaisyChain.c **** {
  14:../DaisyChain.c **** 	uint8_t trans = 111;
  15:../DaisyChain.c **** 	uint8_t rec = 0;
  16:../DaisyChain.c **** 
  17:../DaisyChain.c **** 	UART001_WriteDataBytes(&UART001_Handle2, &trans, 1);
  18:../DaisyChain.c **** 
  19:../DaisyChain.c **** 	while (rec != 111)
  20:../DaisyChain.c **** 		while(!UART001_ReadDataBytes(&UART001_Handle2, &rec, 1));
  21:../DaisyChain.c **** 
  22:../DaisyChain.c **** 	// if init-Byte has been received empty IO buffer
  23:../DaisyChain.c **** 	while(UART001_ReadDataBytes(&UART001_Handle2, &rec, 1));
  24:../DaisyChain.c **** }*/
  25:../DaisyChain.c **** 
  26:../DaisyChain.c **** void SendDaisyData(uint8_t command, uint16_t data1, uint16_t data2, uint16_t data3, uint16_t data4)
  27:../DaisyChain.c **** {
  29              		.loc 1 27 0
  30              		.cfi_startproc
  31              		@ args = 4, pretend = 0, frame = 8
  32              		@ frame_needed = 1, uses_anonymous_args = 0
  33 0000 80B5     		push	{r7, lr}
  34              	.LCFI0:
  35              		.cfi_def_cfa_offset 8
  36              		.cfi_offset 7, -8
  37              		.cfi_offset 14, -4
  38 0002 82B0     		sub	sp, sp, #8
  39              	.LCFI1:
  40              		.cfi_def_cfa_offset 16
  41 0004 00AF     		add	r7, sp, #0
  42              	.LCFI2:
  43              		.cfi_def_cfa_register 7
  44 0006 F871     		strb	r0, [r7, #7]
  45 0008 B980     		strh	r1, [r7, #4]	@ movhi
  46 000a 7A80     		strh	r2, [r7, #2]	@ movhi
  47 000c 3B80     		strh	r3, [r7, #0]	@ movhi
  28:../DaisyChain.c **** 	//Motor 1
  29:../DaisyChain.c **** 	DaisyTransmit[0]=command;
  48              		.loc 1 29 0
  49 000e 40F20003 		movw	r3, #:lower16:DaisyTransmit
  50 0012 C0F20003 		movt	r3, #:upper16:DaisyTransmit
  51 0016 FA79     		ldrb	r2, [r7, #7]
  52 0018 1A70     		strb	r2, [r3, #0]
  30:../DaisyChain.c **** 	DaisyTransmit[1]=(uint8_t)(data1>>8);
  53              		.loc 1 30 0
  54 001a BB88     		ldrh	r3, [r7, #4]
  55 001c 4FEA1323 		lsr	r3, r3, #8
  56 0020 9BB2     		uxth	r3, r3
  57 0022 DAB2     		uxtb	r2, r3
  58 0024 40F20003 		movw	r3, #:lower16:DaisyTransmit
  59 0028 C0F20003 		movt	r3, #:upper16:DaisyTransmit
  60 002c 5A70     		strb	r2, [r3, #1]
  31:../DaisyChain.c **** 	DaisyTransmit[2]=(uint8_t)data1;
  61              		.loc 1 31 0
  62 002e BB88     		ldrh	r3, [r7, #4]	@ movhi
  63 0030 DAB2     		uxtb	r2, r3
  64 0032 40F20003 		movw	r3, #:lower16:DaisyTransmit
  65 0036 C0F20003 		movt	r3, #:upper16:DaisyTransmit
  66 003a 9A70     		strb	r2, [r3, #2]
  32:../DaisyChain.c **** 
  33:../DaisyChain.c **** 	//Motor 2
  34:../DaisyChain.c **** 	DaisyTransmit[3]=command;
  67              		.loc 1 34 0
  68 003c 40F20003 		movw	r3, #:lower16:DaisyTransmit
  69 0040 C0F20003 		movt	r3, #:upper16:DaisyTransmit
  70 0044 FA79     		ldrb	r2, [r7, #7]
  71 0046 DA70     		strb	r2, [r3, #3]
  35:../DaisyChain.c **** 	DaisyTransmit[4]=(uint8_t)(data2>>8);
  72              		.loc 1 35 0
  73 0048 7B88     		ldrh	r3, [r7, #2]
  74 004a 4FEA1323 		lsr	r3, r3, #8
  75 004e 9BB2     		uxth	r3, r3
  76 0050 DAB2     		uxtb	r2, r3
  77 0052 40F20003 		movw	r3, #:lower16:DaisyTransmit
  78 0056 C0F20003 		movt	r3, #:upper16:DaisyTransmit
  79 005a 1A71     		strb	r2, [r3, #4]
  36:../DaisyChain.c **** 	DaisyTransmit[5]=(uint8_t) data2;
  80              		.loc 1 36 0
  81 005c 7B88     		ldrh	r3, [r7, #2]	@ movhi
  82 005e DAB2     		uxtb	r2, r3
  83 0060 40F20003 		movw	r3, #:lower16:DaisyTransmit
  84 0064 C0F20003 		movt	r3, #:upper16:DaisyTransmit
  85 0068 5A71     		strb	r2, [r3, #5]
  37:../DaisyChain.c **** 
  38:../DaisyChain.c **** 	//Motor 3
  39:../DaisyChain.c **** 	DaisyTransmit[6]=command;
  86              		.loc 1 39 0
  87 006a 40F20003 		movw	r3, #:lower16:DaisyTransmit
  88 006e C0F20003 		movt	r3, #:upper16:DaisyTransmit
  89 0072 FA79     		ldrb	r2, [r7, #7]
  90 0074 9A71     		strb	r2, [r3, #6]
  40:../DaisyChain.c **** 	DaisyTransmit[7]=(uint8_t)(data3>>8);
  91              		.loc 1 40 0
  92 0076 3B88     		ldrh	r3, [r7, #0]
  93 0078 4FEA1323 		lsr	r3, r3, #8
  94 007c 9BB2     		uxth	r3, r3
  95 007e DAB2     		uxtb	r2, r3
  96 0080 40F20003 		movw	r3, #:lower16:DaisyTransmit
  97 0084 C0F20003 		movt	r3, #:upper16:DaisyTransmit
  98 0088 DA71     		strb	r2, [r3, #7]
  41:../DaisyChain.c **** 	DaisyTransmit[8]=(uint8_t) data3;
  99              		.loc 1 41 0
 100 008a 3B88     		ldrh	r3, [r7, #0]	@ movhi
 101 008c DAB2     		uxtb	r2, r3
 102 008e 40F20003 		movw	r3, #:lower16:DaisyTransmit
 103 0092 C0F20003 		movt	r3, #:upper16:DaisyTransmit
 104 0096 1A72     		strb	r2, [r3, #8]
  42:../DaisyChain.c **** 
  43:../DaisyChain.c **** 	//Motor 4
  44:../DaisyChain.c **** 	DaisyTransmit[9]=command;
 105              		.loc 1 44 0
 106 0098 40F20003 		movw	r3, #:lower16:DaisyTransmit
 107 009c C0F20003 		movt	r3, #:upper16:DaisyTransmit
 108 00a0 FA79     		ldrb	r2, [r7, #7]
 109 00a2 5A72     		strb	r2, [r3, #9]
  45:../DaisyChain.c **** 	DaisyTransmit[10]=(uint8_t)(data4>>8);
 110              		.loc 1 45 0
 111 00a4 3B8A     		ldrh	r3, [r7, #16]
 112 00a6 4FEA1323 		lsr	r3, r3, #8
 113 00aa 9BB2     		uxth	r3, r3
 114 00ac DAB2     		uxtb	r2, r3
 115 00ae 40F20003 		movw	r3, #:lower16:DaisyTransmit
 116 00b2 C0F20003 		movt	r3, #:upper16:DaisyTransmit
 117 00b6 9A72     		strb	r2, [r3, #10]
  46:../DaisyChain.c **** 	DaisyTransmit[11]=(uint8_t) data4;
 118              		.loc 1 46 0
 119 00b8 3B8A     		ldrh	r3, [r7, #16]	@ movhi
 120 00ba DAB2     		uxtb	r2, r3
 121 00bc 40F20003 		movw	r3, #:lower16:DaisyTransmit
 122 00c0 C0F20003 		movt	r3, #:upper16:DaisyTransmit
 123 00c4 DA72     		strb	r2, [r3, #11]
  47:../DaisyChain.c **** 
  48:../DaisyChain.c **** 	DaisyTransmit[12]=DAISY_STOP_BYTE;
 124              		.loc 1 48 0
 125 00c6 40F20003 		movw	r3, #:lower16:DaisyTransmit
 126 00ca C0F20003 		movt	r3, #:upper16:DaisyTransmit
 127 00ce 4FF00402 		mov	r2, #4
 128 00d2 1A73     		strb	r2, [r3, #12]
  49:../DaisyChain.c **** 
  50:../DaisyChain.c **** 	UART001_WriteDataBytes(&UART001_Handle1, DaisyTransmit, DAISY_BUFFER_SIZE);
 129              		.loc 1 50 0
 130 00d4 40F20000 		movw	r0, #:lower16:UART001_Handle1
 131 00d8 C0F20000 		movt	r0, #:upper16:UART001_Handle1
 132 00dc 40F20001 		movw	r1, #:lower16:DaisyTransmit
 133 00e0 C0F20001 		movt	r1, #:upper16:DaisyTransmit
 134 00e4 4FF00D02 		mov	r2, #13
 135 00e8 FFF7FEFF 		bl	UART001_WriteDataBytes
  51:../DaisyChain.c **** }
 136              		.loc 1 51 0
 137 00ec 07F10807 		add	r7, r7, #8
 138 00f0 BD46     		mov	sp, r7
 139 00f2 80BD     		pop	{r7, pc}
 140              		.cfi_endproc
 141              	.LFE120:
 143              		.text
 144              	.Letext0:
 145              		.file 2 "c:\\dave-3.1.10\\arm-gcc\\bin\\../lib/gcc/arm-none-eabi/4.7.4/../../../../arm-none-eabi/i
 146              		.file 3 "C:\\DAVE-3.1.10\\eclipse\\/../CMSIS/Infineon/XMC4500_series/Include/XMC4500.h"
 147              		.file 4 "C:\\DAVE3_workspace\\ws3.1.10\\CORE_Larix_V1.0\\Dave\\Generated\\inc\\DAVESupport/../../i
 148              		.file 5 "C:\\DAVE3_workspace\\ws3.1.10\\CORE_Larix_V1.0\\Dave\\Generated\\inc\\DAVESupport/../../i
 149              		.file 6 "C:\\DAVE3_workspace\\ws3.1.10\\CORE_Larix_V1.0\\Dave\\Generated\\inc\\DAVESupport/../../i
 150              		.file 7 "C:\\DAVE3_workspace\\ws3.1.10\\CORE_Larix_V1.0\\Dave\\Generated\\inc\\DAVESupport/../../i
 151              		.file 8 "C:\\DAVE-3.1.10\\eclipse\\/../CMSIS/Include/core_cm4.h"
 152              		.file 9 "C:\\DAVE3_workspace\\ws3.1.10\\CORE_Larix_V1.0\\Dave\\Generated\\inc\\DAVESupport/../../i
DEFINED SYMBOLS
                            *ABS*:00000000 DaisyChain.c
                            *COM*:0000000d DaisyTransmit
C:\Users\maan\AppData\Local\Temp\cctktsiO.s:21     .text.SendDaisyData:00000000 $t
C:\Users\maan\AppData\Local\Temp\cctktsiO.s:26     .text.SendDaisyData:00000000 SendDaisyData
                     .debug_frame:00000010 $d
                           .group:00000000 wm4.1.84cfd71c6d2dc0bd4021712beaa9efd8
                           .group:00000000 wm4.DaisyCodes.h.9.1c1f0bf974ce88b4b8be2c79dcc5c48b
                           .group:00000000 wm4.XMC4500.h.45.215f4b8c79f46c7645c15373868d08c0
                           .group:00000000 wm4.core_cm4.h.47.41af406cb4cda82c972f112a9cd0a024
                           .group:00000000 wm4.newlib.h.8.a9901dc52d1357e3e94003403d43f8b5
                           .group:00000000 wm4.features.h.22.b72b3baab2bb2eab3661375590100b6b
                           .group:00000000 wm4.config.h.193.5fb8ef056cdff92dec3dee9552839d8c
                           .group:00000000 wm4._ansi.h.23.7aefdac4826acebbfc9f3822a0aeb14c
                           .group:00000000 wm4.stdint.h.20.54ad762faa59e3c05491630641c8d8bf
                           .group:00000000 wm4.core_cmInstr.h.39.3d3d1b4a79aef37532666dc6ee87c6ac
                           .group:00000000 wm4.core_cm4_simd.h.43.b5d1d38735af6366227b4256d330cf13
                           .group:00000000 wm4.core_cm4.h.178.e5ef5ce66d198d7f00f9d0076e267c41
                           .group:00000000 wm4.system_XMC4500.h.29.827f68baa362c84f2abae4ab67dde7c9
                           .group:00000000 wm4.XMC4500.h.198.8e022f279ff353ed081df898dc7b9cf3
                           .group:00000000 wm4.stddef.h.40.50cf36416e06376af8a9dca28536f2e4
                           .group:00000000 wm4.types.h.60.e75c47576398c648cdcf9000ace5e3d8
                           .group:00000000 wm4.MULTIPLEXER.h.46.4a863fbae1c79f0db26da3ce2dc30d02
                           .group:00000000 wm4.CCU8PWMLIB.h.74.725ec81203769525cc7a424597055f47
                           .group:00000000 wm4.MOTORLIB.h.62.951091d95913dd2ff36d761323a1771d
                           .group:00000000 wm4.DBG001.h.116.d6d9e7459a0faa3905c97c1d2edb339d
                           .group:00000000 wm4.uc_id.h.35.fa57ecd9f559d2767f56c96da2848c12
                           .group:00000000 wm4.CLK001_Const.h.50.e5e9c2ddc89f4cc9e7b93e9648fa94e4
                           .group:00000000 wm4.CLK001_Conf.h.81.851ac7a1268528f4d6739384c2f248a5
                           .group:00000000 wm4._default_types.h.6.5e12cd604db8ce00b62bb2f02708eaf3
                           .group:00000000 wm4.lock.h.2.9bc98482741e5e2a9450b12934a684ea
                           .group:00000000 wm4.stddef.h.161.c6104a0666cf681b6269ddc9b4f516d4
                           .group:00000000 wm4.types.h.2.e9cec8c90ab35f77d9f499e06ae02400
                           .group:00000000 wm4.types.h.80.1f2c84c0d57dd52dd9936095d9ac218e
                           .group:00000000 wm4.time.h.16.a4579e68956d2601c6113814b546764b
                           .group:00000000 wm4.RTC001.h.113.715d6fcab1863c6656b238bddd304166
                           .group:00000000 wm4.lmm001_debuglog.h.40.8031299705ecf04ad726bd19baff976d
                           .group:00000000 wm4.reent.h.11.a39e4126dcf3c6afd3054e0622577bae
                           .group:00000000 wm4.stddef.h.161.e50ff8a9d5d1abbc15641da28ac571bf
                           .group:00000000 wm4.string.h.86.d5c872ff52e2712c985b588a0ef39f3c
                           .group:00000000 wm4.LMM001.h.45.fa2df8bae969f45df5071221ac433ffa
                           .group:00000000 wm4.stdio.h.27.f2ac352bab34f31f9f478442827b2ba6
                           .group:00000000 wm4.stdarg.h.34.3a23a216c0c293b3d2ea2e89281481e6
                           .group:00000000 wm4.stdio.h.2.4aa87247282eca6c8f36f9de33d8df1a
                           .group:00000000 wm4.stdio.h.63.dfdea6580b080784d08faace69b6ed76
                           .group:00000000 wm4.stdlib.h.13.603ed7eb09a1561ab06840b7c0fcff58
                           .group:00000000 wm4.alloca.h.8.dfc0c703c47ec3e69746825b17d9e66d
                           .group:00000000 wm4.stdlib.h.53.c69c7609933ff56d59c757cec2d13230
                           .group:00000000 wm4.time.h.2.9857e62ad6ac99431e29d58067232314
                           .group:00000000 wm4.time.h.24.c499d4c1915694df17abb795fd34b719
                           .group:00000000 wm4.time.h.124.10ced469f846269cafc58b59c853e1bb
                           .group:00000000 wm4.errno.h.2.ba016d646105af6cad23be83630b6a3f
                           .group:00000000 wm4.errno.h.9.65044c2b5d8494e43f5986ab0a1d770f
                           .group:00000000 wm4.unistd.h.2.6ce1b91c4223f6078c1b210c7538c1d2
                           .group:00000000 wm4.unistd.h.251.605bc560cdc6c3b07b599bb71ac4e425
                           .group:00000000 wm4.malloc.h.4.62bd13b8107d5245f60bd92bb5994838
                           .group:00000000 wm4.malloc.h.148.73b7de3bd065dafbd594b04197a9466e
                           .group:00000000 wm4.reent.h.91.faac4d0ac97c0fcf23d10d0786197642
                           .group:00000000 wm4.SLTHA003.h.104.05371e300b30617373255b3cdb4765a2
                           .group:00000000 wm4.SYSTM001.h.64.6ecb31c49bc3e7691644fdcdfc11b5cd
                           .group:00000000 wm4.stdarg.h.31.fa591a4b1df9e413e9f5b8097f9ae89d
                           .group:00000000 wm4.Type_CM.h.61.3660c940695d7d5fef91de9c4081d0f0
                           .group:00000000 wm4.dwc_os.h.82.db2ca40c41e2f648d146b8942e5157d9
                           .group:00000000 wm4.dwc_otg_core_if.h.95.37e41eee47e9a4502e4044edf60ea92d
                           .group:00000000 wm4.usbcore001_device.h.107.6c032c9c28ac6c3f4e5e24a068720cd7
                           .group:00000000 wm4.USB.h.399.44a2bec94122294f06c4d854450494d3
                           .group:00000000 wm4.Common.h.102.bc881ac788d1d7ce84e651cbaa40f2c2
                           .group:00000000 wm4.Common.h.134.5069b632a0407201156f18fde915b80c
                           .group:00000000 wm4.USBMode.h.234.0cc9e23131c025605bb7c0db3ebb8ac9
                           .group:00000000 wm4.StdRequestType.h.93.4e19c7c655f990c2abedbb76a546fcde
                           .group:00000000 wm4.Endpoint.h.116.4ef46b127c9047ed49fe1e0df19e09b8
                           .group:00000000 wm4.StdDescriptors.h.120.0ce817e16dcc91b8cf4a79ba0e0e19b6
                           .group:00000000 wm4.CDC.h.103.7ce3e4692dde29e827f8736493eef7ef
                           .group:00000000 wm4.CDC.h.115.c83a7d6c5b6c8644b3dec6212d4ced09
                           .group:00000000 wm4.Descriptors.h.91.5cf84c2489ee54d154cabfe9e14b5c19
                           .group:00000000 wm4.Usic.h.54.8af9f733ba5771eeb374435d205ea54b
                           .group:00000000 wm4.UART001_Conf.h.53.2bb5ea9bb71ee763bf6e76b6ab83e6b4
                           .group:00000000 wm4.UART001.h.109.3e835815a7a59791d8bd39655f4d4cc9
                           .group:00000000 wm4.CCU4Global_Conf.h.63.a52fac0daa39b5f58343578312b4eb54
                           .group:00000000 wm4.PWMSP001.h.57.29b732b86baf3e81f49153f5f495912e
                           .group:00000000 wm4.NVIC002_Conf.h.63.1c36d067cc7a6ac3b9658ba6083fe89f
                           .group:00000000 wm4.I2C001.h.97.5277d52889d6c741e048ea45ee1277b5
                           .group:00000000 wm4.I2C001_Conf.h.58.e471e519f7471a50493b6f4fe912ee0d
                           .group:00000000 wm4.ERU001_Conf.h.69.6d7c31a774e428b1dc8770c7c31047dd
                           .group:00000000 wm4.ERU002_Conf.h.49.47045c766c6d22ab1185285e9d568758
                           .group:00000000 wm4.IO002_Conf.h.51.be0baad511cf66771895fab0bf90f390

UNDEFINED SYMBOLS
UART001_Handle1
UART001_WriteDataBytes
