   1              		.syntax unified
   2              		.cpu cortex-m4
   3              		.eabi_attribute 27, 3
   4              		.fpu fpv4-sp-d16
   5              		.eabi_attribute 20, 1
   6              		.eabi_attribute 21, 1
   7              		.eabi_attribute 23, 3
   8              		.eabi_attribute 24, 1
   9              		.eabi_attribute 25, 1
  10              		.eabi_attribute 26, 1
  11              		.eabi_attribute 30, 6
  12              		.eabi_attribute 34, 1
  13              		.eabi_attribute 18, 4
  14              		.thumb
  15              		.file	"CCU4GLOBAL_Conf.c"
  16              		.text
  17              	.Ltext0:
  18              		.cfi_sections	.debug_frame
  19              		.global	CCU4Global_Handle0
  20              		.section	.rodata
  21              		.align	2
  24              	CCU4Global_Handle0:
  25 0000 00C00040 		.word	1073790976
  26 0004 00000000 		.word	0
  27 0008 04000000 		.word	4
  28              		.global	CCU4Global_Handle1
  29              		.align	2
  32              	CCU4Global_Handle1:
  33 000c 00400140 		.word	1073823744
  34 0010 02000000 		.word	2
  35 0014 10000000 		.word	16
  36              		.global	CCU4Global_Handle2
  37              		.align	2
  40              	CCU4Global_Handle2:
  41 0018 00000140 		.word	1073807360
  42 001c 01000000 		.word	1
  43 0020 08000000 		.word	8
  44              		.global	CCU4Global_HandleArray
  45              		.data
  46              		.align	2
  49              	CCU4Global_HandleArray:
  50 0000 00000000 		.word	CCU4Global_Handle0
  51 0004 00000000 		.word	CCU4Global_Handle1
  52 0008 00000000 		.word	CCU4Global_Handle2
  53              		.text
  54              	.Letext0:
  55              		.file 1 "c:\\dave-3.1.10\\arm-gcc\\bin\\../lib/gcc/arm-none-eabi/4.7.4/../../../../arm-none-eabi/i
  56              		.file 2 "C:\\DAVE-3.1.10\\eclipse\\/../CMSIS/Infineon/XMC4500_series/Include/XMC4500.h"
  57              		.file 3 "../Dave/Generated/src/CCU4GLOBAL/../../inc/CCU4Global/CCU4Global.h"
  58              		.file 4 "C:\\DAVE-3.1.10\\eclipse\\/../CMSIS/Include/core_cm4.h"
  59              		.file 5 "../Dave/Generated/src/CCU4GLOBAL/CCU4GLOBAL_Conf.c"
  60              		.file 6 "../Dave/Generated/src/CCU4GLOBAL/../../inc/CCU4Global/../../inc/RESET001/RESET001.h"
DEFINED SYMBOLS
                            *ABS*:00000000 CCU4GLOBAL_Conf.c
C:\Users\Herbert\AppData\Local\Temp\ccisrX68.s:24     .rodata:00000000 CCU4Global_Handle0
C:\Users\Herbert\AppData\Local\Temp\ccisrX68.s:21     .rodata:00000000 $d
C:\Users\Herbert\AppData\Local\Temp\ccisrX68.s:32     .rodata:0000000c CCU4Global_Handle1
C:\Users\Herbert\AppData\Local\Temp\ccisrX68.s:40     .rodata:00000018 CCU4Global_Handle2
C:\Users\Herbert\AppData\Local\Temp\ccisrX68.s:49     .data:00000000 CCU4Global_HandleArray
C:\Users\Herbert\AppData\Local\Temp\ccisrX68.s:46     .data:00000000 $d
                           .group:00000000 wm4.uc_id.h.35.91819d6149ee56f9404d69053d48d018
                           .group:00000000 wm4.XMC4500.h.45.215f4b8c79f46c7645c15373868d08c0
                           .group:00000000 wm4.core_cm4.h.47.41af406cb4cda82c972f112a9cd0a024
                           .group:00000000 wm4.newlib.h.8.a9901dc52d1357e3e94003403d43f8b5
                           .group:00000000 wm4.features.h.22.b72b3baab2bb2eab3661375590100b6b
                           .group:00000000 wm4.config.h.193.5fb8ef056cdff92dec3dee9552839d8c
                           .group:00000000 wm4._ansi.h.23.7aefdac4826acebbfc9f3822a0aeb14c
                           .group:00000000 wm4.stdint.h.20.54ad762faa59e3c05491630641c8d8bf
                           .group:00000000 wm4.core_cmInstr.h.39.3d3d1b4a79aef37532666dc6ee87c6ac
                           .group:00000000 wm4.core_cm4_simd.h.43.b5d1d38735af6366227b4256d330cf13
                           .group:00000000 wm4.core_cm4.h.178.e5ef5ce66d198d7f00f9d0076e267c41
                           .group:00000000 wm4.system_XMC4500.h.29.827f68baa362c84f2abae4ab67dde7c9
                           .group:00000000 wm4.XMC4500.h.198.8e022f279ff353ed081df898dc7b9cf3
                           .group:00000000 wm4.stddef.h.40.50cf36416e06376af8a9dca28536f2e4
                           .group:00000000 wm4.types.h.60.e75c47576398c648cdcf9000ace5e3d8
                           .group:00000000 wm4.CLK001_Const.h.50.e5e9c2ddc89f4cc9e7b93e9648fa94e4
                           .group:00000000 wm4.CLK001_Conf.h.81.851ac7a1268528f4d6739384c2f248a5
                           .group:00000000 wm4.CCU4Global_Conf.h.63.3185b28f5d60dcacb47ae61d590330d9

NO UNDEFINED SYMBOLS
