   1              		.syntax unified
   2              		.cpu cortex-m4
   3              		.eabi_attribute 27, 3
   4              		.fpu fpv4-sp-d16
   5              		.eabi_attribute 20, 1
   6              		.eabi_attribute 21, 1
   7              		.eabi_attribute 23, 3
   8              		.eabi_attribute 24, 1
   9              		.eabi_attribute 25, 1
  10              		.eabi_attribute 26, 1
  11              		.eabi_attribute 30, 4
  12              		.eabi_attribute 34, 1
  13              		.eabi_attribute 18, 4
  14              		.thumb
  15              		.file	"ERU002.c"
  16              		.section	.text.ERU002_lInit,"ax",%progbits
  17              		.align	1
  18              		.global	ERU002_lInit
  19              		.thumb
  20              		.thumb_func
  22              	ERU002_lInit:
  23              		@ args = 0, pretend = 0, frame = 0
  24              		@ frame_needed = 0, uses_anonymous_args = 0
  25 0000 0368     		ldr	r3, [r0, #0]
  26 0002 104A     		ldr	r2, .L6
  27 0004 9342     		cmp	r3, r2
  28 0006 10B5     		push	{r4, lr}
  29 0008 0446     		mov	r4, r0
  30 000a 09D1     		bne	.L3
  31 000c 4FF48030 		mov	r0, #65536
  32 0010 FFF7FEFF 		bl	RESET001_GetStatus
  33 0014 0128     		cmp	r0, #1
  34 0016 03D1     		bne	.L3
  35 0018 4FF48030 		mov	r0, #65536
  36 001c FFF7FEFF 		bl	RESET001_DeassertReset
  37              	.L3:
  38 0020 6268     		ldr	r2, [r4, #4]
  39 0022 2368     		ldr	r3, [r4, #0]
  40 0024 A168     		ldr	r1, [r4, #8]
  41 0026 E468     		ldr	r4, [r4, #12]
  42 0028 0832     		adds	r2, r2, #8
  43 002a 0901     		lsls	r1, r1, #4
  44 002c A400     		lsls	r4, r4, #2
  45 002e 53F82200 		ldr	r0, [r3, r2, lsl #2]
  46 0032 01F03001 		and	r1, r1, #48
  47 0036 04F00404 		and	r4, r4, #4
  48 003a 2143     		orrs	r1, r1, r4
  49 003c 0143     		orrs	r1, r1, r0
  50 003e 43F82210 		str	r1, [r3, r2, lsl #2]
  51 0042 10BD     		pop	{r4, pc}
  52              	.L7:
  53              		.align	2
  54              	.L6:
  55 0044 00400440 		.word	1074020352
  57              		.section	.text.ERU002_Init,"ax",%progbits
  58              		.align	1
  59              		.global	ERU002_Init
  60              		.thumb
  61              		.thumb_func
  63              	ERU002_Init:
  64              		@ args = 0, pretend = 0, frame = 0
  65              		@ frame_needed = 0, uses_anonymous_args = 0
  66              		@ link register save eliminated.
  67 0000 014B     		ldr	r3, .L9
  68 0002 1868     		ldr	r0, [r3, #0]
  69 0004 FFF7FEBF 		b	ERU002_lInit
  70              	.L10:
  71              		.align	2
  72              	.L9:
  73 0008 00000000 		.word	ERU002_HandleArray
  75              		.section	.text.ERU002_SetPeripheralTrigInputSrc,"ax",%progbits
  76              		.align	1
  77              		.global	ERU002_SetPeripheralTrigInputSrc
  78              		.thumb
  79              		.thumb_func
  81              	ERU002_SetPeripheralTrigInputSrc:
  82              		@ args = 0, pretend = 0, frame = 0
  83              		@ frame_needed = 0, uses_anonymous_args = 0
  84              		@ link register save eliminated.
  85 0000 0329     		cmp	r1, #3
  86 0002 0368     		ldr	r3, [r0, #0]
  87 0004 0BD8     		bhi	.L14
  88 0006 53B1     		cbz	r3, .L14
  89 0008 4268     		ldr	r2, [r0, #4]
  90 000a 0832     		adds	r2, r2, #8
  91 000c 53F82200 		ldr	r0, [r3, r2, lsl #2]
  92 0010 20F00300 		bic	r0, r0, #3
  93 0014 0143     		orrs	r1, r1, r0
  94 0016 43F82210 		str	r1, [r3, r2, lsl #2]
  95 001a 0120     		movs	r0, #1
  96 001c 7047     		bx	lr
  97              	.L14:
  98 001e 0F20     		movs	r0, #15
  99 0020 7047     		bx	lr
 101              		.section	.text.ERU002_GetPatternResult,"ax",%progbits
 102              		.align	1
 103              		.global	ERU002_GetPatternResult
 104              		.thumb
 105              		.thumb_func
 107              	ERU002_GetPatternResult:
 108              		@ args = 0, pretend = 0, frame = 16
 109              		@ frame_needed = 0, uses_anonymous_args = 0
 110 0000 1FB5     		push	{r0, r1, r2, r3, r4, lr}
 111 0002 04AC     		add	r4, sp, #16
 112 0004 04E90F00 		stmdb	r4, {r0, r1, r2, r3}
 113 0008 019B     		ldr	r3, [sp, #4]
 114 000a 0098     		ldr	r0, [sp, #0]
 115 000c 03F10802 		add	r2, r3, #8
 116 0010 50F82210 		ldr	r1, [r0, r2, lsl #2]
 117 0014 C1F3C000 		ubfx	r0, r1, #3, #1
 118 0018 04B0     		add	sp, sp, #16
 119 001a 10BD     		pop	{r4, pc}
 121              		.section	.text.ERU002_EnablePatternDetection,"ax",%progbits
 122              		.align	1
 123              		.global	ERU002_EnablePatternDetection
 124              		.thumb
 125              		.thumb_func
 127              	ERU002_EnablePatternDetection:
 128              		@ args = 0, pretend = 0, frame = 0
 129              		@ frame_needed = 0, uses_anonymous_args = 0
 130              		@ link register save eliminated.
 131 0000 40B1     		cbz	r0, .L16
 132 0002 4268     		ldr	r2, [r0, #4]
 133 0004 0368     		ldr	r3, [r0, #0]
 134 0006 0832     		adds	r2, r2, #8
 135 0008 53F82210 		ldr	r1, [r3, r2, lsl #2]
 136 000c 41F00400 		orr	r0, r1, #4
 137 0010 43F82200 		str	r0, [r3, r2, lsl #2]
 138              	.L16:
 139 0014 7047     		bx	lr
 141              		.section	.text.ERU002_DisablePatternDetection,"ax",%progbits
 142              		.align	1
 143              		.global	ERU002_DisablePatternDetection
 144              		.thumb
 145              		.thumb_func
 147              	ERU002_DisablePatternDetection:
 148              		@ args = 0, pretend = 0, frame = 0
 149              		@ frame_needed = 0, uses_anonymous_args = 0
 150              		@ link register save eliminated.
 151 0000 40B1     		cbz	r0, .L21
 152 0002 4268     		ldr	r2, [r0, #4]
 153 0004 0368     		ldr	r3, [r0, #0]
 154 0006 0832     		adds	r2, r2, #8
 155 0008 53F82210 		ldr	r1, [r3, r2, lsl #2]
 156 000c 21F00400 		bic	r0, r1, #4
 157 0010 43F82200 		str	r0, [r3, r2, lsl #2]
 158              	.L21:
 159 0014 7047     		bx	lr
 161              		.section	.text.ERU002_SelectServiceRequestMode,"ax",%progbits
 162              		.align	1
 163              		.global	ERU002_SelectServiceRequestMode
 164              		.thumb
 165              		.thumb_func
 167              	ERU002_SelectServiceRequestMode:
 168              		@ args = 0, pretend = 0, frame = 0
 169              		@ frame_needed = 0, uses_anonymous_args = 0
 170              		@ link register save eliminated.
 171 0000 60B1     		cbz	r0, .L26
 172 0002 4268     		ldr	r2, [r0, #4]
 173 0004 0368     		ldr	r3, [r0, #0]
 174 0006 0832     		adds	r2, r2, #8
 175 0008 0901     		lsls	r1, r1, #4
 176 000a 53F82200 		ldr	r0, [r3, r2, lsl #2]
 177 000e 01F03001 		and	r1, r1, #48
 178 0012 20F03000 		bic	r0, r0, #48
 179 0016 0143     		orrs	r1, r1, r0
 180 0018 43F82210 		str	r1, [r3, r2, lsl #2]
 181              	.L26:
 182 001c 7047     		bx	lr
 184              		.ident	"GCC: (GNU Tools for ARM Embedded Processors) 4.7.4 20130913 (release) [ARM/embedded-4_7-br
DEFINED SYMBOLS
                            *ABS*:00000000 ERU002.c
C:\Users\TOGABL~1\AppData\Local\Temp\ccOqZAmg.s:17     .text.ERU002_lInit:00000000 $t
C:\Users\TOGABL~1\AppData\Local\Temp\ccOqZAmg.s:22     .text.ERU002_lInit:00000000 ERU002_lInit
C:\Users\TOGABL~1\AppData\Local\Temp\ccOqZAmg.s:55     .text.ERU002_lInit:00000044 $d
C:\Users\TOGABL~1\AppData\Local\Temp\ccOqZAmg.s:58     .text.ERU002_Init:00000000 $t
C:\Users\TOGABL~1\AppData\Local\Temp\ccOqZAmg.s:63     .text.ERU002_Init:00000000 ERU002_Init
C:\Users\TOGABL~1\AppData\Local\Temp\ccOqZAmg.s:73     .text.ERU002_Init:00000008 $d
C:\Users\TOGABL~1\AppData\Local\Temp\ccOqZAmg.s:76     .text.ERU002_SetPeripheralTrigInputSrc:00000000 $t
C:\Users\TOGABL~1\AppData\Local\Temp\ccOqZAmg.s:81     .text.ERU002_SetPeripheralTrigInputSrc:00000000 ERU002_SetPeripheralTrigInputSrc
C:\Users\TOGABL~1\AppData\Local\Temp\ccOqZAmg.s:102    .text.ERU002_GetPatternResult:00000000 $t
C:\Users\TOGABL~1\AppData\Local\Temp\ccOqZAmg.s:107    .text.ERU002_GetPatternResult:00000000 ERU002_GetPatternResult
C:\Users\TOGABL~1\AppData\Local\Temp\ccOqZAmg.s:122    .text.ERU002_EnablePatternDetection:00000000 $t
C:\Users\TOGABL~1\AppData\Local\Temp\ccOqZAmg.s:127    .text.ERU002_EnablePatternDetection:00000000 ERU002_EnablePatternDetection
C:\Users\TOGABL~1\AppData\Local\Temp\ccOqZAmg.s:142    .text.ERU002_DisablePatternDetection:00000000 $t
C:\Users\TOGABL~1\AppData\Local\Temp\ccOqZAmg.s:147    .text.ERU002_DisablePatternDetection:00000000 ERU002_DisablePatternDetection
C:\Users\TOGABL~1\AppData\Local\Temp\ccOqZAmg.s:162    .text.ERU002_SelectServiceRequestMode:00000000 $t
C:\Users\TOGABL~1\AppData\Local\Temp\ccOqZAmg.s:167    .text.ERU002_SelectServiceRequestMode:00000000 ERU002_SelectServiceRequestMode

UNDEFINED SYMBOLS
RESET001_GetStatus
RESET001_DeassertReset
ERU002_HandleArray
