   1              		.cpu cortex-m0
   2              		.fpu softvfp
   3              		.eabi_attribute 20, 1
   4              		.eabi_attribute 21, 1
   5              		.eabi_attribute 23, 3
   6              		.eabi_attribute 24, 1
   7              		.eabi_attribute 25, 1
   8              		.eabi_attribute 26, 1
   9              		.eabi_attribute 30, 4
  10              		.eabi_attribute 34, 0
  11              		.eabi_attribute 18, 4
  12              		.code	16
  13              		.file	"NVIC002_Conf.c"
  14              		.global	NVIC002_HandleArray
  15              		.global	NVIC002_Handle0
  16              		.section	.rodata
  19              	NVIC002_Handle0:
  20 0000 09       		.byte	9
  21 0001 03       		.byte	3
  22 0002 00       		.byte	0
  23 0003 00       		.byte	0
  24              		.data
  25              		.align	2
  28              	NVIC002_HandleArray:
  29 0000 00000000 		.word	NVIC002_Handle0
  30              		.ident	"GCC: (GNU Tools for ARM Embedded Processors) 4.7.4 20130913 (release) [ARM/embedded-4_7-br
DEFINED SYMBOLS
                            *ABS*:00000000 NVIC002_Conf.c
C:\Users\TOGABL~1\AppData\Local\Temp\cceZlPcW.s:28     .data:00000000 NVIC002_HandleArray
C:\Users\TOGABL~1\AppData\Local\Temp\cceZlPcW.s:19     .rodata:00000000 NVIC002_Handle0
C:\Users\TOGABL~1\AppData\Local\Temp\cceZlPcW.s:25     .data:00000000 $d

NO UNDEFINED SYMBOLS
