   1              		.syntax unified
   2              		.cpu cortex-m4
   3              		.eabi_attribute 27, 3
   4              		.fpu fpv4-sp-d16
   5              		.eabi_attribute 20, 1
   6              		.eabi_attribute 21, 1
   7              		.eabi_attribute 23, 3
   8              		.eabi_attribute 24, 1
   9              		.eabi_attribute 25, 1
  10              		.eabi_attribute 26, 1
  11              		.eabi_attribute 30, 6
  12              		.eabi_attribute 34, 1
  13              		.eabi_attribute 18, 4
  14              		.thumb
  15              		.file	"AttitudeController.c"
  16              		.text
  17              	.Ltext0:
  18              		.cfi_sections	.debug_frame
  19              		.global	__aeabi_f2d
  20              		.global	__aeabi_dmul
  21              		.global	__aeabi_ddiv
  22              		.global	__aeabi_d2f
  23              		.section	.text.AngleController,"ax",%progbits
  24              		.align	2
  25              		.global	AngleController
  26              		.thumb
  27              		.thumb_func
  29              	AngleController:
  30              	.LFB128:
  31              		.file 1 "../_Quadrocopter/Attitude_Control/AttitudeController.c"
   1:../_Quadrocopter/Attitude_Control/AttitudeController.c **** /*
   2:../_Quadrocopter/Attitude_Control/AttitudeController.c ****  * AttitudeController.c
   3:../_Quadrocopter/Attitude_Control/AttitudeController.c ****  *
   4:../_Quadrocopter/Attitude_Control/AttitudeController.c ****  *  Created on: 29.12.2014
   5:../_Quadrocopter/Attitude_Control/AttitudeController.c ****  *      Author: maan
   6:../_Quadrocopter/Attitude_Control/AttitudeController.c ****  */
   7:../_Quadrocopter/Attitude_Control/AttitudeController.c **** #include "AttitudeController.h"
   8:../_Quadrocopter/Attitude_Control/AttitudeController.c **** 
   9:../_Quadrocopter/Attitude_Control/AttitudeController.c **** void AngleController(float *r, float *y, int n, const float *a, const float *b, float *x, float *u)
  10:../_Quadrocopter/Attitude_Control/AttitudeController.c **** {
  32              		.loc 1 10 0
  33              		.cfi_startproc
  34              		@ args = 12, pretend = 0, frame = 24
  35              		@ frame_needed = 1, uses_anonymous_args = 0
  36 0000 80B5     		push	{r7, lr}
  37              	.LCFI0:
  38              		.cfi_def_cfa_offset 8
  39              		.cfi_offset 7, -8
  40              		.cfi_offset 14, -4
  41 0002 86B0     		sub	sp, sp, #24
  42              	.LCFI1:
  43              		.cfi_def_cfa_offset 32
  44 0004 00AF     		add	r7, sp, #0
  45              	.LCFI2:
  46              		.cfi_def_cfa_register 7
  47 0006 F860     		str	r0, [r7, #12]
  48 0008 B960     		str	r1, [r7, #8]
  49 000a 7A60     		str	r2, [r7, #4]
  50 000c 3B60     		str	r3, [r7, #0]
  11:../_Quadrocopter/Attitude_Control/AttitudeController.c **** 	//PID-Controller
  12:../_Quadrocopter/Attitude_Control/AttitudeController.c **** 
  13:../_Quadrocopter/Attitude_Control/AttitudeController.c **** 	//control error
  14:../_Quadrocopter/Attitude_Control/AttitudeController.c **** 	float e = (*r - *y)*M_PI/180.0;
  51              		.loc 1 14 0
  52 000e FB68     		ldr	r3, [r7, #12]
  53 0010 93ED007A 		flds	s14, [r3, #0]
  54 0014 BB68     		ldr	r3, [r7, #8]
  55 0016 D3ED007A 		flds	s15, [r3, #0]
  56 001a 77EE677A 		fsubs	s15, s14, s15
  57 001e 17EE900A 		fmrs	r0, s15
  58 0022 FFF7FEFF 		bl	__aeabi_f2d
  59 0026 0246     		mov	r2, r0
  60 0028 0B46     		mov	r3, r1
  61 002a 1046     		mov	r0, r2
  62 002c 1946     		mov	r1, r3
  63 002e 46A3     		adr	r3, .L4
  64 0030 D3E90023 		ldrd	r2, [r3]
  65 0034 FFF7FEFF 		bl	__aeabi_dmul
  66 0038 0246     		mov	r2, r0
  67 003a 0B46     		mov	r3, r1
  68 003c 1046     		mov	r0, r2
  69 003e 1946     		mov	r1, r3
  70 0040 4FF00002 		mov	r2, #0
  71 0044 4FF40043 		mov	r3, #32768
  72 0048 C4F26603 		movt	r3, 16486
  73 004c FFF7FEFF 		bl	__aeabi_ddiv
  74 0050 0246     		mov	r2, r0
  75 0052 0B46     		mov	r3, r1
  76 0054 1046     		mov	r0, r2
  77 0056 1946     		mov	r1, r3
  78 0058 FFF7FEFF 		bl	__aeabi_d2f
  79 005c 0346     		mov	r3, r0	@ float
  80 005e 3B61     		str	r3, [r7, #16]	@ float
  15:../_Quadrocopter/Attitude_Control/AttitudeController.c **** 
  16:../_Quadrocopter/Attitude_Control/AttitudeController.c **** 	//calculate plant input
  17:../_Quadrocopter/Attitude_Control/AttitudeController.c **** 	*u = x[n-1]+b[n]*e;
  81              		.loc 1 17 0
  82 0060 7B68     		ldr	r3, [r7, #4]
  83 0062 03F1FF33 		add	r3, r3, #-1
  84 0066 4FEA8303 		lsl	r3, r3, #2
  85 006a 7A6A     		ldr	r2, [r7, #36]
  86 006c D318     		adds	r3, r2, r3
  87 006e 93ED007A 		flds	s14, [r3, #0]
  88 0072 7B68     		ldr	r3, [r7, #4]
  89 0074 4FEA8303 		lsl	r3, r3, #2
  90 0078 3A6A     		ldr	r2, [r7, #32]
  91 007a D318     		adds	r3, r2, r3
  92 007c D3ED006A 		flds	s13, [r3, #0]
  93 0080 D7ED047A 		flds	s15, [r7, #16]
  94 0084 66EEA77A 		fmuls	s15, s13, s15
  95 0088 77EE277A 		fadds	s15, s14, s15
  96 008c BB6A     		ldr	r3, [r7, #40]
  97 008e C3ED007A 		fsts	s15, [r3, #0]
  98              	.LBB2:
  18:../_Quadrocopter/Attitude_Control/AttitudeController.c **** 
  19:../_Quadrocopter/Attitude_Control/AttitudeController.c **** 	//calculate new coefficients
  20:../_Quadrocopter/Attitude_Control/AttitudeController.c **** 	for (int i=n-1; i>0; i--)
  99              		.loc 1 20 0
 100 0092 7B68     		ldr	r3, [r7, #4]
 101 0094 03F1FF33 		add	r3, r3, #-1
 102 0098 7B61     		str	r3, [r7, #20]
 103 009a 2EE0     		b	.L2
 104              	.L3:
  21:../_Quadrocopter/Attitude_Control/AttitudeController.c **** 		x[i]=b[i]*e-a[i]*(*u)+x[i-1];
 105              		.loc 1 21 0 discriminator 2
 106 009c 7B69     		ldr	r3, [r7, #20]
 107 009e 4FEA8303 		lsl	r3, r3, #2
 108 00a2 7A6A     		ldr	r2, [r7, #36]
 109 00a4 D318     		adds	r3, r2, r3
 110 00a6 7A69     		ldr	r2, [r7, #20]
 111 00a8 4FEA8202 		lsl	r2, r2, #2
 112 00ac 396A     		ldr	r1, [r7, #32]
 113 00ae 8A18     		adds	r2, r1, r2
 114 00b0 92ED007A 		flds	s14, [r2, #0]
 115 00b4 D7ED047A 		flds	s15, [r7, #16]
 116 00b8 27EE277A 		fmuls	s14, s14, s15
 117 00bc 7A69     		ldr	r2, [r7, #20]
 118 00be 4FEA8202 		lsl	r2, r2, #2
 119 00c2 3968     		ldr	r1, [r7, #0]
 120 00c4 8A18     		adds	r2, r1, r2
 121 00c6 D2ED006A 		flds	s13, [r2, #0]
 122 00ca BA6A     		ldr	r2, [r7, #40]
 123 00cc D2ED007A 		flds	s15, [r2, #0]
 124 00d0 66EEA77A 		fmuls	s15, s13, s15
 125 00d4 37EE677A 		fsubs	s14, s14, s15
 126 00d8 7A69     		ldr	r2, [r7, #20]
 127 00da 02F1FF32 		add	r2, r2, #-1
 128 00de 4FEA8202 		lsl	r2, r2, #2
 129 00e2 796A     		ldr	r1, [r7, #36]
 130 00e4 8A18     		adds	r2, r1, r2
 131 00e6 D2ED007A 		flds	s15, [r2, #0]
 132 00ea 77EE277A 		fadds	s15, s14, s15
 133 00ee C3ED007A 		fsts	s15, [r3, #0]
  20:../_Quadrocopter/Attitude_Control/AttitudeController.c **** 	for (int i=n-1; i>0; i--)
 134              		.loc 1 20 0 discriminator 2
 135 00f2 7B69     		ldr	r3, [r7, #20]
 136 00f4 03F1FF33 		add	r3, r3, #-1
 137 00f8 7B61     		str	r3, [r7, #20]
 138              	.L2:
  20:../_Quadrocopter/Attitude_Control/AttitudeController.c **** 	for (int i=n-1; i>0; i--)
 139              		.loc 1 20 0 is_stmt 0 discriminator 1
 140 00fa 7B69     		ldr	r3, [r7, #20]
 141 00fc 002B     		cmp	r3, #0
 142 00fe CDDC     		bgt	.L3
 143              	.LBE2:
  22:../_Quadrocopter/Attitude_Control/AttitudeController.c **** 
  23:../_Quadrocopter/Attitude_Control/AttitudeController.c **** 	x[0]=b[0]*e-a[0]*(*u);
 144              		.loc 1 23 0 is_stmt 1
 145 0100 3B6A     		ldr	r3, [r7, #32]
 146 0102 93ED007A 		flds	s14, [r3, #0]
 147 0106 D7ED047A 		flds	s15, [r7, #16]
 148 010a 27EE277A 		fmuls	s14, s14, s15
 149 010e 3B68     		ldr	r3, [r7, #0]
 150 0110 D3ED006A 		flds	s13, [r3, #0]
 151 0114 BB6A     		ldr	r3, [r7, #40]
 152 0116 D3ED007A 		flds	s15, [r3, #0]
 153 011a 66EEA77A 		fmuls	s15, s13, s15
 154 011e 77EE677A 		fsubs	s15, s14, s15
 155 0122 7B6A     		ldr	r3, [r7, #36]
 156 0124 C3ED007A 		fsts	s15, [r3, #0]
  24:../_Quadrocopter/Attitude_Control/AttitudeController.c **** 
  25:../_Quadrocopter/Attitude_Control/AttitudeController.c **** 	*u/=4.0;
 157              		.loc 1 25 0
 158 0128 BB6A     		ldr	r3, [r7, #40]
 159 012a 93ED007A 		flds	s14, [r3, #0]
 160 012e F1EE007A 		fconsts	s15, #16
 161 0132 C7EE277A 		fdivs	s15, s14, s15
 162 0136 BB6A     		ldr	r3, [r7, #40]
 163 0138 C3ED007A 		fsts	s15, [r3, #0]
  26:../_Quadrocopter/Attitude_Control/AttitudeController.c **** }
 164              		.loc 1 26 0
 165 013c 07F11807 		add	r7, r7, #24
 166 0140 BD46     		mov	sp, r7
 167 0142 80BD     		pop	{r7, pc}
 168              	.L5:
 169 0144 AFF30080 		.align	3
 170              	.L4:
 171 0148 182D4454 		.word	1413754136
 172 014c FB210940 		.word	1074340347
 173              		.cfi_endproc
 174              	.LFE128:
 176              		.section	.text.AngleRateController,"ax",%progbits
 177              		.align	2
 178              		.global	AngleRateController
 179              		.thumb
 180              		.thumb_func
 182              	AngleRateController:
 183              	.LFB129:
  27:../_Quadrocopter/Attitude_Control/AttitudeController.c **** 
  28:../_Quadrocopter/Attitude_Control/AttitudeController.c **** void AngleRateController(float *r, float *y, const float *P, float *u)
  29:../_Quadrocopter/Attitude_Control/AttitudeController.c **** {
 184              		.loc 1 29 0
 185              		.cfi_startproc
 186              		@ args = 0, pretend = 0, frame = 16
 187              		@ frame_needed = 1, uses_anonymous_args = 0
 188 0000 B0B5     		push	{r4, r5, r7, lr}
 189              	.LCFI3:
 190              		.cfi_def_cfa_offset 16
 191              		.cfi_offset 4, -16
 192              		.cfi_offset 5, -12
 193              		.cfi_offset 7, -8
 194              		.cfi_offset 14, -4
 195 0002 84B0     		sub	sp, sp, #16
 196              	.LCFI4:
 197              		.cfi_def_cfa_offset 32
 198 0004 00AF     		add	r7, sp, #0
 199              	.LCFI5:
 200              		.cfi_def_cfa_register 7
 201 0006 F860     		str	r0, [r7, #12]
 202 0008 B960     		str	r1, [r7, #8]
 203 000a 7A60     		str	r2, [r7, #4]
 204 000c 3B60     		str	r3, [r7, #0]
  30:../_Quadrocopter/Attitude_Control/AttitudeController.c **** 	//P-Controller
  31:../_Quadrocopter/Attitude_Control/AttitudeController.c **** 	*u=(*r - *y)*M_PI/(180.0*4) * *P;
 205              		.loc 1 31 0
 206 000e FB68     		ldr	r3, [r7, #12]
 207 0010 93ED007A 		flds	s14, [r3, #0]
 208 0014 BB68     		ldr	r3, [r7, #8]
 209 0016 D3ED007A 		flds	s15, [r3, #0]
 210 001a 77EE677A 		fsubs	s15, s14, s15
 211 001e 17EE900A 		fmrs	r0, s15
 212 0022 FFF7FEFF 		bl	__aeabi_f2d
 213 0026 0246     		mov	r2, r0
 214 0028 0B46     		mov	r3, r1
 215 002a 1046     		mov	r0, r2
 216 002c 1946     		mov	r1, r3
 217 002e 16A3     		adr	r3, .L7
 218 0030 D3E90023 		ldrd	r2, [r3]
 219 0034 FFF7FEFF 		bl	__aeabi_dmul
 220 0038 0246     		mov	r2, r0
 221 003a 0B46     		mov	r3, r1
 222 003c 1046     		mov	r0, r2
 223 003e 1946     		mov	r1, r3
 224 0040 4FF00002 		mov	r2, #0
 225 0044 4FF40043 		mov	r3, #32768
 226 0048 C4F28603 		movt	r3, 16518
 227 004c FFF7FEFF 		bl	__aeabi_ddiv
 228 0050 0246     		mov	r2, r0
 229 0052 0B46     		mov	r3, r1
 230 0054 1446     		mov	r4, r2
 231 0056 1D46     		mov	r5, r3
 232 0058 7B68     		ldr	r3, [r7, #4]
 233 005a 1B68     		ldr	r3, [r3, #0]	@ float
 234 005c 1846     		mov	r0, r3	@ float
 235 005e FFF7FEFF 		bl	__aeabi_f2d
 236 0062 0246     		mov	r2, r0
 237 0064 0B46     		mov	r3, r1
 238 0066 2046     		mov	r0, r4
 239 0068 2946     		mov	r1, r5
 240 006a FFF7FEFF 		bl	__aeabi_dmul
 241 006e 0246     		mov	r2, r0
 242 0070 0B46     		mov	r3, r1
 243 0072 1046     		mov	r0, r2
 244 0074 1946     		mov	r1, r3
 245 0076 FFF7FEFF 		bl	__aeabi_d2f
 246 007a 0246     		mov	r2, r0	@ float
 247 007c 3B68     		ldr	r3, [r7, #0]
 248 007e 1A60     		str	r2, [r3, #0]	@ float
  32:../_Quadrocopter/Attitude_Control/AttitudeController.c **** }
 249              		.loc 1 32 0
 250 0080 07F11007 		add	r7, r7, #16
 251 0084 BD46     		mov	sp, r7
 252 0086 B0BD     		pop	{r4, r5, r7, pc}
 253              	.L8:
 254              		.align	3
 255              	.L7:
 256 0088 182D4454 		.word	1413754136
 257 008c FB210940 		.word	1074340347
 258              		.cfi_endproc
 259              	.LFE129:
 261              		.section	.text.CreatePulseWidth,"ax",%progbits
 262              		.align	2
 263              		.global	CreatePulseWidth
 264              		.thumb
 265              		.thumb_func
 267              	CreatePulseWidth:
 268              	.LFB130:
  33:../_Quadrocopter/Attitude_Control/AttitudeController.c **** 
  34:../_Quadrocopter/Attitude_Control/AttitudeController.c **** void CreatePulseWidth(float *u_phi, float *u_theta, float *u_psi_dot, float *u_hover, float *PWM_wi
  35:../_Quadrocopter/Attitude_Control/AttitudeController.c **** {
 269              		.loc 1 35 0
 270              		.cfi_startproc
 271              		@ args = 4, pretend = 0, frame = 24
 272              		@ frame_needed = 1, uses_anonymous_args = 0
 273              		@ link register save eliminated.
 274 0000 80B4     		push	{r7}
 275              	.LCFI6:
 276              		.cfi_def_cfa_offset 4
 277              		.cfi_offset 7, -4
 278 0002 87B0     		sub	sp, sp, #28
 279              	.LCFI7:
 280              		.cfi_def_cfa_offset 32
 281 0004 00AF     		add	r7, sp, #0
 282              	.LCFI8:
 283              		.cfi_def_cfa_register 7
 284 0006 F860     		str	r0, [r7, #12]
 285 0008 B960     		str	r1, [r7, #8]
 286 000a 7A60     		str	r2, [r7, #4]
 287 000c 3B60     		str	r3, [r7, #0]
  36:../_Quadrocopter/Attitude_Control/AttitudeController.c **** 	float saturationMax=100;
 288              		.loc 1 36 0
 289 000e 4FF00003 		mov	r3, #0
 290 0012 C4F2C823 		movt	r3, 17096
 291 0016 7B61     		str	r3, [r7, #20]	@ float
  37:../_Quadrocopter/Attitude_Control/AttitudeController.c **** 	float saturationMin=0;
 292              		.loc 1 37 0
 293 0018 4FF00003 		mov	r3, #0
 294 001c 3B61     		str	r3, [r7, #16]	@ float
  38:../_Quadrocopter/Attitude_Control/AttitudeController.c **** 
  39:../_Quadrocopter/Attitude_Control/AttitudeController.c **** 	//*u_psi_dot = 0;
  40:../_Quadrocopter/Attitude_Control/AttitudeController.c **** 	//*u_theta = 0;
  41:../_Quadrocopter/Attitude_Control/AttitudeController.c **** 	//*u_phi = 0;
  42:../_Quadrocopter/Attitude_Control/AttitudeController.c **** 
  43:../_Quadrocopter/Attitude_Control/AttitudeController.c **** 	if (*u_hover > 5.0)
 295              		.loc 1 43 0
 296 001e 3B68     		ldr	r3, [r7, #0]
 297 0020 93ED007A 		flds	s14, [r3, #0]
 298 0024 F1EE047A 		fconsts	s15, #20
 299 0028 B4EEE77A 		fcmpes	s14, s15
 300 002c F1EE10FA 		fmstat
 301 0030 5CDD     		ble	.L38
 302              	.L29:
  44:../_Quadrocopter/Attitude_Control/AttitudeController.c **** 	{
  45:../_Quadrocopter/Attitude_Control/AttitudeController.c **** 		PWM_width[0]=-*u_theta+*u_phi-*u_psi_dot+*u_hover;
 303              		.loc 1 45 0
 304 0032 FB68     		ldr	r3, [r7, #12]
 305 0034 93ED007A 		flds	s14, [r3, #0]
 306 0038 BB68     		ldr	r3, [r7, #8]
 307 003a D3ED007A 		flds	s15, [r3, #0]
 308 003e 37EE677A 		fsubs	s14, s14, s15
 309 0042 7B68     		ldr	r3, [r7, #4]
 310 0044 D3ED007A 		flds	s15, [r3, #0]
 311 0048 37EE677A 		fsubs	s14, s14, s15
 312 004c 3B68     		ldr	r3, [r7, #0]
 313 004e D3ED007A 		flds	s15, [r3, #0]
 314 0052 77EE277A 		fadds	s15, s14, s15
 315 0056 3B6A     		ldr	r3, [r7, #32]
 316 0058 C3ED007A 		fsts	s15, [r3, #0]
  46:../_Quadrocopter/Attitude_Control/AttitudeController.c **** 		PWM_width[1]=-*u_theta-*u_phi+*u_psi_dot+*u_hover;
 317              		.loc 1 46 0
 318 005c 3B6A     		ldr	r3, [r7, #32]
 319 005e 03F10403 		add	r3, r3, #4
 320 0062 BA68     		ldr	r2, [r7, #8]
 321 0064 D2ED007A 		flds	s15, [r2, #0]
 322 0068 B1EE677A 		fnegs	s14, s15
 323 006c FA68     		ldr	r2, [r7, #12]
 324 006e D2ED007A 		flds	s15, [r2, #0]
 325 0072 37EE677A 		fsubs	s14, s14, s15
 326 0076 7A68     		ldr	r2, [r7, #4]
 327 0078 D2ED007A 		flds	s15, [r2, #0]
 328 007c 37EE277A 		fadds	s14, s14, s15
 329 0080 3A68     		ldr	r2, [r7, #0]
 330 0082 D2ED007A 		flds	s15, [r2, #0]
 331 0086 77EE277A 		fadds	s15, s14, s15
 332 008a C3ED007A 		fsts	s15, [r3, #0]
  47:../_Quadrocopter/Attitude_Control/AttitudeController.c **** 		PWM_width[2]=*u_theta+*u_phi+*u_psi_dot+*u_hover;
 333              		.loc 1 47 0
 334 008e 3B6A     		ldr	r3, [r7, #32]
 335 0090 03F10803 		add	r3, r3, #8
 336 0094 BA68     		ldr	r2, [r7, #8]
 337 0096 92ED007A 		flds	s14, [r2, #0]
 338 009a FA68     		ldr	r2, [r7, #12]
 339 009c D2ED007A 		flds	s15, [r2, #0]
 340 00a0 37EE277A 		fadds	s14, s14, s15
 341 00a4 7A68     		ldr	r2, [r7, #4]
 342 00a6 D2ED007A 		flds	s15, [r2, #0]
 343 00aa 37EE277A 		fadds	s14, s14, s15
 344 00ae 3A68     		ldr	r2, [r7, #0]
 345 00b0 D2ED007A 		flds	s15, [r2, #0]
 346 00b4 77EE277A 		fadds	s15, s14, s15
 347 00b8 C3ED007A 		fsts	s15, [r3, #0]
  48:../_Quadrocopter/Attitude_Control/AttitudeController.c **** 		PWM_width[3]=*u_theta-*u_phi-*u_psi_dot+*u_hover;
 348              		.loc 1 48 0
 349 00bc 3B6A     		ldr	r3, [r7, #32]
 350 00be 03F10C03 		add	r3, r3, #12
 351 00c2 BA68     		ldr	r2, [r7, #8]
 352 00c4 92ED007A 		flds	s14, [r2, #0]
 353 00c8 FA68     		ldr	r2, [r7, #12]
 354 00ca D2ED007A 		flds	s15, [r2, #0]
 355 00ce 37EE677A 		fsubs	s14, s14, s15
 356 00d2 7A68     		ldr	r2, [r7, #4]
 357 00d4 D2ED007A 		flds	s15, [r2, #0]
 358 00d8 37EE677A 		fsubs	s14, s14, s15
 359 00dc 3A68     		ldr	r2, [r7, #0]
 360 00de D2ED007A 		flds	s15, [r2, #0]
 361 00e2 77EE277A 		fadds	s15, s14, s15
 362 00e6 C3ED007A 		fsts	s15, [r3, #0]
 363 00ea 15E0     		b	.L12
 364              	.L38:
  49:../_Quadrocopter/Attitude_Control/AttitudeController.c **** 	}
  50:../_Quadrocopter/Attitude_Control/AttitudeController.c **** 	else
  51:../_Quadrocopter/Attitude_Control/AttitudeController.c **** 	{
  52:../_Quadrocopter/Attitude_Control/AttitudeController.c **** 		PWM_width[0]=*u_hover;
 365              		.loc 1 52 0
 366 00ec 3B68     		ldr	r3, [r7, #0]
 367 00ee 1A68     		ldr	r2, [r3, #0]	@ float
 368 00f0 3B6A     		ldr	r3, [r7, #32]
 369 00f2 1A60     		str	r2, [r3, #0]	@ float
  53:../_Quadrocopter/Attitude_Control/AttitudeController.c **** 		PWM_width[1]=*u_hover;
 370              		.loc 1 53 0
 371 00f4 3B6A     		ldr	r3, [r7, #32]
 372 00f6 03F10403 		add	r3, r3, #4
 373 00fa 3A68     		ldr	r2, [r7, #0]
 374 00fc 1268     		ldr	r2, [r2, #0]	@ float
 375 00fe 1A60     		str	r2, [r3, #0]	@ float
  54:../_Quadrocopter/Attitude_Control/AttitudeController.c **** 		PWM_width[2]=*u_hover;
 376              		.loc 1 54 0
 377 0100 3B6A     		ldr	r3, [r7, #32]
 378 0102 03F10803 		add	r3, r3, #8
 379 0106 3A68     		ldr	r2, [r7, #0]
 380 0108 1268     		ldr	r2, [r2, #0]	@ float
 381 010a 1A60     		str	r2, [r3, #0]	@ float
  55:../_Quadrocopter/Attitude_Control/AttitudeController.c **** 		PWM_width[3]=*u_hover;
 382              		.loc 1 55 0
 383 010c 3B6A     		ldr	r3, [r7, #32]
 384 010e 03F10C03 		add	r3, r3, #12
 385 0112 3A68     		ldr	r2, [r7, #0]
 386 0114 1268     		ldr	r2, [r2, #0]	@ float
 387 0116 1A60     		str	r2, [r3, #0]	@ float
 388              	.L12:
  56:../_Quadrocopter/Attitude_Control/AttitudeController.c **** 	}
  57:../_Quadrocopter/Attitude_Control/AttitudeController.c **** 
  58:../_Quadrocopter/Attitude_Control/AttitudeController.c **** 	if (PWM_width[0]>saturationMax)
 389              		.loc 1 58 0
 390 0118 3B6A     		ldr	r3, [r7, #32]
 391 011a 93ED007A 		flds	s14, [r3, #0]
 392 011e D7ED057A 		flds	s15, [r7, #20]
 393 0122 B4EEE77A 		fcmpes	s14, s15
 394 0126 F1EE10FA 		fmstat
 395 012a 02DD     		ble	.L13
 396              	.L30:
  59:../_Quadrocopter/Attitude_Control/AttitudeController.c **** 		PWM_width[0]=saturationMax;
 397              		.loc 1 59 0
 398 012c 3B6A     		ldr	r3, [r7, #32]
 399 012e 7A69     		ldr	r2, [r7, #20]	@ float
 400 0130 1A60     		str	r2, [r3, #0]	@ float
 401              	.L13:
  60:../_Quadrocopter/Attitude_Control/AttitudeController.c **** 
  61:../_Quadrocopter/Attitude_Control/AttitudeController.c **** 	if (PWM_width[0]<saturationMin)
 402              		.loc 1 61 0
 403 0132 3B6A     		ldr	r3, [r7, #32]
 404 0134 93ED007A 		flds	s14, [r3, #0]
 405 0138 D7ED047A 		flds	s15, [r7, #16]
 406 013c B4EEE77A 		fcmpes	s14, s15
 407 0140 F1EE10FA 		fmstat
 408 0144 02D5     		bpl	.L15
 409              	.L31:
  62:../_Quadrocopter/Attitude_Control/AttitudeController.c **** 		PWM_width[0]=saturationMin;
 410              		.loc 1 62 0
 411 0146 3B6A     		ldr	r3, [r7, #32]
 412 0148 3A69     		ldr	r2, [r7, #16]	@ float
 413 014a 1A60     		str	r2, [r3, #0]	@ float
 414              	.L15:
  63:../_Quadrocopter/Attitude_Control/AttitudeController.c **** 
  64:../_Quadrocopter/Attitude_Control/AttitudeController.c **** 	if (PWM_width[1]>saturationMax)
 415              		.loc 1 64 0
 416 014c 3B6A     		ldr	r3, [r7, #32]
 417 014e 03F10403 		add	r3, r3, #4
 418 0152 93ED007A 		flds	s14, [r3, #0]
 419 0156 D7ED057A 		flds	s15, [r7, #20]
 420 015a B4EEE77A 		fcmpes	s14, s15
 421 015e F1EE10FA 		fmstat
 422 0162 04DD     		ble	.L17
 423              	.L32:
  65:../_Quadrocopter/Attitude_Control/AttitudeController.c **** 		PWM_width[1]=saturationMax;
 424              		.loc 1 65 0
 425 0164 3B6A     		ldr	r3, [r7, #32]
 426 0166 03F10403 		add	r3, r3, #4
 427 016a 7A69     		ldr	r2, [r7, #20]	@ float
 428 016c 1A60     		str	r2, [r3, #0]	@ float
 429              	.L17:
  66:../_Quadrocopter/Attitude_Control/AttitudeController.c **** 
  67:../_Quadrocopter/Attitude_Control/AttitudeController.c **** 	if (PWM_width[1]<saturationMin)
 430              		.loc 1 67 0
 431 016e 3B6A     		ldr	r3, [r7, #32]
 432 0170 03F10403 		add	r3, r3, #4
 433 0174 93ED007A 		flds	s14, [r3, #0]
 434 0178 D7ED047A 		flds	s15, [r7, #16]
 435 017c B4EEE77A 		fcmpes	s14, s15
 436 0180 F1EE10FA 		fmstat
 437 0184 04D5     		bpl	.L19
 438              	.L33:
  68:../_Quadrocopter/Attitude_Control/AttitudeController.c **** 		PWM_width[1]=saturationMin;
 439              		.loc 1 68 0
 440 0186 3B6A     		ldr	r3, [r7, #32]
 441 0188 03F10403 		add	r3, r3, #4
 442 018c 3A69     		ldr	r2, [r7, #16]	@ float
 443 018e 1A60     		str	r2, [r3, #0]	@ float
 444              	.L19:
  69:../_Quadrocopter/Attitude_Control/AttitudeController.c **** 
  70:../_Quadrocopter/Attitude_Control/AttitudeController.c **** 	if (PWM_width[2]>saturationMax)
 445              		.loc 1 70 0
 446 0190 3B6A     		ldr	r3, [r7, #32]
 447 0192 03F10803 		add	r3, r3, #8
 448 0196 93ED007A 		flds	s14, [r3, #0]
 449 019a D7ED057A 		flds	s15, [r7, #20]
 450 019e B4EEE77A 		fcmpes	s14, s15
 451 01a2 F1EE10FA 		fmstat
 452 01a6 04DD     		ble	.L21
 453              	.L34:
  71:../_Quadrocopter/Attitude_Control/AttitudeController.c **** 		PWM_width[2]=saturationMax;
 454              		.loc 1 71 0
 455 01a8 3B6A     		ldr	r3, [r7, #32]
 456 01aa 03F10803 		add	r3, r3, #8
 457 01ae 7A69     		ldr	r2, [r7, #20]	@ float
 458 01b0 1A60     		str	r2, [r3, #0]	@ float
 459              	.L21:
  72:../_Quadrocopter/Attitude_Control/AttitudeController.c **** 
  73:../_Quadrocopter/Attitude_Control/AttitudeController.c **** 	if (PWM_width[2]<saturationMin)
 460              		.loc 1 73 0
 461 01b2 3B6A     		ldr	r3, [r7, #32]
 462 01b4 03F10803 		add	r3, r3, #8
 463 01b8 93ED007A 		flds	s14, [r3, #0]
 464 01bc D7ED047A 		flds	s15, [r7, #16]
 465 01c0 B4EEE77A 		fcmpes	s14, s15
 466 01c4 F1EE10FA 		fmstat
 467 01c8 04D5     		bpl	.L23
 468              	.L35:
  74:../_Quadrocopter/Attitude_Control/AttitudeController.c **** 		PWM_width[2]=saturationMin;
 469              		.loc 1 74 0
 470 01ca 3B6A     		ldr	r3, [r7, #32]
 471 01cc 03F10803 		add	r3, r3, #8
 472 01d0 3A69     		ldr	r2, [r7, #16]	@ float
 473 01d2 1A60     		str	r2, [r3, #0]	@ float
 474              	.L23:
  75:../_Quadrocopter/Attitude_Control/AttitudeController.c **** 
  76:../_Quadrocopter/Attitude_Control/AttitudeController.c **** 	if (PWM_width[3]>saturationMax)
 475              		.loc 1 76 0
 476 01d4 3B6A     		ldr	r3, [r7, #32]
 477 01d6 03F10C03 		add	r3, r3, #12
 478 01da 93ED007A 		flds	s14, [r3, #0]
 479 01de D7ED057A 		flds	s15, [r7, #20]
 480 01e2 B4EEE77A 		fcmpes	s14, s15
 481 01e6 F1EE10FA 		fmstat
 482 01ea 04DD     		ble	.L25
 483              	.L36:
  77:../_Quadrocopter/Attitude_Control/AttitudeController.c **** 		PWM_width[3]=saturationMax;
 484              		.loc 1 77 0
 485 01ec 3B6A     		ldr	r3, [r7, #32]
 486 01ee 03F10C03 		add	r3, r3, #12
 487 01f2 7A69     		ldr	r2, [r7, #20]	@ float
 488 01f4 1A60     		str	r2, [r3, #0]	@ float
 489              	.L25:
  78:../_Quadrocopter/Attitude_Control/AttitudeController.c **** 
  79:../_Quadrocopter/Attitude_Control/AttitudeController.c **** 	if (PWM_width[3]<saturationMin)
 490              		.loc 1 79 0
 491 01f6 3B6A     		ldr	r3, [r7, #32]
 492 01f8 03F10C03 		add	r3, r3, #12
 493 01fc 93ED007A 		flds	s14, [r3, #0]
 494 0200 D7ED047A 		flds	s15, [r7, #16]
 495 0204 B4EEE77A 		fcmpes	s14, s15
 496 0208 F1EE10FA 		fmstat
 497 020c 04D5     		bpl	.L9
 498              	.L37:
  80:../_Quadrocopter/Attitude_Control/AttitudeController.c **** 		PWM_width[3]=saturationMin;
 499              		.loc 1 80 0
 500 020e 3B6A     		ldr	r3, [r7, #32]
 501 0210 03F10C03 		add	r3, r3, #12
 502 0214 3A69     		ldr	r2, [r7, #16]	@ float
 503 0216 1A60     		str	r2, [r3, #0]	@ float
 504              	.L9:
  81:../_Quadrocopter/Attitude_Control/AttitudeController.c **** }
 505              		.loc 1 81 0
 506 0218 07F11C07 		add	r7, r7, #28
 507 021c BD46     		mov	sp, r7
 508 021e 80BC     		pop	{r7}
 509 0220 7047     		bx	lr
 510              		.cfi_endproc
 511              	.LFE130:
 513 0222 00BF     		.text
 514              	.Letext0:
DEFINED SYMBOLS
                            *ABS*:00000000 AttitudeController.c
C:\Users\Andreas\AppData\Local\Temp\ccwKI4fP.s:24     .text.AngleController:00000000 $t
C:\Users\Andreas\AppData\Local\Temp\ccwKI4fP.s:29     .text.AngleController:00000000 AngleController
C:\Users\Andreas\AppData\Local\Temp\ccwKI4fP.s:171    .text.AngleController:00000148 $d
C:\Users\Andreas\AppData\Local\Temp\ccwKI4fP.s:177    .text.AngleRateController:00000000 $t
C:\Users\Andreas\AppData\Local\Temp\ccwKI4fP.s:182    .text.AngleRateController:00000000 AngleRateController
C:\Users\Andreas\AppData\Local\Temp\ccwKI4fP.s:256    .text.AngleRateController:00000088 $d
C:\Users\Andreas\AppData\Local\Temp\ccwKI4fP.s:262    .text.CreatePulseWidth:00000000 $t
C:\Users\Andreas\AppData\Local\Temp\ccwKI4fP.s:267    .text.CreatePulseWidth:00000000 CreatePulseWidth
                     .debug_frame:00000010 $d
                           .group:00000000 wm4.1.84cfd71c6d2dc0bd4021712beaa9efd8
                           .group:00000000 wm4.arm_math.h.258.4f811f2034dd4ca295ea6f28c00c3d1e
                           .group:00000000 wm4.core_cm4.h.47.41af406cb4cda82c972f112a9cd0a024
                           .group:00000000 wm4.newlib.h.8.a9901dc52d1357e3e94003403d43f8b5
                           .group:00000000 wm4.features.h.22.b72b3baab2bb2eab3661375590100b6b
                           .group:00000000 wm4.config.h.193.5fb8ef056cdff92dec3dee9552839d8c
                           .group:00000000 wm4._ansi.h.23.7aefdac4826acebbfc9f3822a0aeb14c
                           .group:00000000 wm4.stdint.h.20.54ad762faa59e3c05491630641c8d8bf
                           .group:00000000 wm4.core_cmInstr.h.39.3d3d1b4a79aef37532666dc6ee87c6ac
                           .group:00000000 wm4.core_cm4_simd.h.43.b5d1d38735af6366227b4256d330cf13
                           .group:00000000 wm4._default_types.h.6.5e12cd604db8ce00b62bb2f02708eaf3
                           .group:00000000 wm4.lock.h.2.9bc98482741e5e2a9450b12934a684ea
                           .group:00000000 wm4.stddef.h.349.31f4c5baff3fa2689010b32028da9c47
                           .group:00000000 wm4.reent.h.16.9e42f0e588b85e70b2bf6572af57ce64
                           .group:00000000 wm4.stddef.h.187.9e651b6b8b16e149c1353259404973ea
                           .group:00000000 wm4.string.h.17.f8d12df81104836a3f2a5d589ae830d8
                           .group:00000000 wm4.math.h.35.cc9264b0ced3bd063c5784e64e89cf51
                           .group:00000000 wm4.arm_math.h.290.40597f98fb862d9752cedcde2b37d26a

UNDEFINED SYMBOLS
__aeabi_f2d
__aeabi_dmul
__aeabi_ddiv
__aeabi_d2f
